<?xml version="1.0" encoding="utf-8"?><testsuites name="pytest tests"><testsuite name="pytest" errors="0" failures="2" skipped="1" tests="147" time="81.820" timestamp="2025-12-19T21:56:28.484115+00:00" hostname="0220f94c246c"><testcase classname="tests.test_acapy_credo_dcql_flow.TestDCQLSdJwtFlow" name="test_dcql_sd_jwt_basic_flow" time="1.201" /><testcase classname="tests.test_acapy_credo_dcql_flow.TestDCQLSdJwtFlow" name="test_dcql_sd_jwt_nested_claims" time="0.993" /><testcase classname="tests.test_acapy_credo_dcql_flow.TestDCQLMdocFlow" name="test_dcql_mdoc_basic_flow" time="0.766" /><testcase classname="tests.test_acapy_credo_dcql_flow.TestDCQLMdocFlow" name="test_dcql_mdoc_path_syntax" time="0.812" /><testcase classname="tests.test_acapy_credo_dcql_flow.TestDCQLSelectiveDisclosure" name="test_dcql_sd_jwt_selective_disclosure" time="0.926" /><testcase classname="tests.test_acapy_credo_dcql_flow.TestDCQLSelectiveDisclosure" name="test_dcql_mdoc_selective_disclosure" time="0.733" /><testcase classname="tests.test_acapy_credo_dcql_flow.TestDCQLCredentialSets" name="test_dcql_credential_sets_multi_credential" time="0.872" /><testcase classname="tests.test_acapy_credo_dcql_flow.TestDCQLSpecCompliance" name="test_dcql_dc_sd_jwt_format_identifier" time="0.628" /><testcase classname="tests.test_acapy_credo_oid4vc_flow" name="test_acapy_issuer_health" time="0.063" /><testcase classname="tests.test_acapy_credo_oid4vc_flow" name="test_acapy_verifier_health" time="0.052" /><testcase classname="tests.test_acapy_credo_oid4vc_flow" name="test_acapy_oid4vci_credential_issuance_to_credo" time="0.532" /><testcase classname="tests.test_acapy_credo_oid4vc_flow" name="test_acapy_oid4vp_presentation_verification_from_credo" time="0.113" /><testcase classname="tests.test_acapy_credo_oid4vc_flow" name="test_full_acapy_credo_oid4vc_flow" time="0.759" /><testcase classname="tests.test_acapy_credo_oid4vc_flow" name="test_error_handling_invalid_credential_offer" time="0.026" /><testcase classname="tests.test_acapy_credo_oid4vc_flow" name="test_error_handling_invalid_presentation_request" time="0.031" /><testcase classname="tests.test_acapy_credo_oid4vc_flow" name="test_acapy_credo_mdoc_flow" time="0.959" /><testcase classname="tests.test_acapy_credo_oid4vc_flow" name="test_acapy_credo_sd_jwt_selective_disclosure" time="0.666" /><testcase classname="tests.test_acapy_credo_oid4vc_flow" name="test_acapy_credo_mdoc_selective_disclosure" time="0.910" /><testcase classname="tests.test_acapy_oid4vc_simple" name="test_simple_oid4vc_flow" time="0.070" /><testcase classname="tests.test_compatibility_edge_cases" name="test_credo_expired_credential_offer" time="0.333" /><testcase classname="tests.test_compatibility_edge_cases" name="test_sphereon_expired_credential_offer" time="0.317" /><testcase classname="tests.test_compatibility_edge_cases" name="test_credo_expired_presentation_request" time="2.514" /><testcase classname="tests.test_compatibility_edge_cases" name="test_credo_mismatched_credential_type" time="0.478" /><testcase classname="tests.test_compatibility_edge_cases" name="test_credo_empty_claim_values" time="0.731" /><testcase classname="tests.test_compatibility_edge_cases" name="test_credo_special_characters_in_claims" time="0.477" /><testcase classname="tests.test_compatibility_edge_cases" name="test_concurrent_credential_offers_credo" time="0.588" /><testcase classname="tests.test_compatibility_edge_cases" name="test_large_credential_subject" time="0.313" /><testcase classname="tests.test_cred_offer_uri" name="test_credential_offer_structure" time="0.198" /><testcase classname="tests.test_cred_offer_uri" name="test_credential_offer_by_ref_structure" time="0.159" /><testcase classname="tests.test_credo_revocation.TestCredoRevocationFlow" name="test_issue_revoke_verify_jwt_vc" time="1.615" /><testcase classname="tests.test_credo_revocation.TestCredoRevocationFlow" name="test_issue_revoke_verify_sd_jwt" time="1.535" /><testcase classname="tests.test_credo_revocation.TestCredoRevocationFlow" name="test_presentation_with_revoked_credential" time="0.686" /><testcase classname="tests.test_credo_revocation.TestRevocationEdgeCases" name="test_revoke_nonexistent_credential" time="0.162" /><testcase classname="tests.test_credo_revocation.TestRevocationEdgeCases" name="test_unrevoke_credential" time="0.619" /><testcase classname="tests.test_credo_revocation.TestRevocationEdgeCases" name="test_suspension_vs_revocation" time="0.346" /><testcase classname="tests.test_cross_wallet_compatibility" name="test_issue_to_credo_verify_with_sphereon_jwt_vc" time="0.722" /><testcase classname="tests.test_cross_wallet_compatibility" name="test_issue_to_sphereon_verify_with_credo_jwt_vc" time="0.545" /><testcase classname="tests.test_cross_wallet_compatibility" name="test_sphereon_jwt_vp_with_constraints_pattern" time="10.846"><skipped type="pytest.xfail" message="Known bug: Sphereon VP with format+constraints pattern rejected by ACA-Py" /></testcase><testcase classname="tests.test_cross_wallet_compatibility" name="test_credo_unsupported_algorithm_request" time="0.584" /><testcase classname="tests.test_cross_wallet_compatibility" name="test_sphereon_unsupported_format_request" time="0.630" /><testcase classname="tests.test_cross_wallet_compatibility" name="test_selective_disclosure_credo_vs_sphereon_parity" time="0.665" /><testcase classname="tests.test_cross_wallet_compatibility" name="test_selective_disclosure_all_claims_disclosed" time="0.820" /><testcase classname="tests.test_cross_wallet_compatibility" name="test_mdoc_issue_to_credo_verify_with_sphereon_patterns" time="1.056" /><testcase classname="tests.test_cross_wallet_compatibility" name="test_mdoc_issue_to_sphereon_verify_with_credo_patterns" time="0.674" /><testcase classname="tests.test_cross_wallet_compatibility" name="test_credo_multi_credential_presentation" time="1.353" /><testcase classname="tests.test_dcql" name="test_dcql_query_create" time="0.064" /><testcase classname="tests.test_dcql" name="test_dcql_query_list" time="0.082" /><testcase classname="tests.test_dcql" name="test_dcql_query_get" time="0.140" /><testcase classname="tests.test_dcql" name="test_dcql_query_delete" time="0.485" /><testcase classname="tests.test_docker_connectivity" name="test_docker_network_connectivity" time="0.076" /><testcase classname="tests.test_docker_connectivity" name="test_oid4vci_well_known_endpoint" time="0.052" /><testcase classname="tests.test_dual_endpoints" name="test_dual_oid4vci_endpoints" time="0.085" /><testcase classname="tests.test_dual_endpoints" name="test_credo_can_reach_underscore_endpoint" time="0.039" /><testcase classname="tests.test_dual_endpoints" name="test_acapy_services_health" time="0.042" /><testcase classname="tests.test_dual_endpoints" name="test_oid4vci_server_endpoints" time="0.032" /><testcase classname="tests.test_dual_endpoints" name="test_openid_configuration_endpoint" time="0.048" /><testcase classname="tests.test_dual_endpoints" name="test_openid_configuration_vs_credential_issuer_consistency" time="0.059" /><testcase classname="tests.test_interop.test_acapy_credo_flow" name="test_acapy_to_credo_to_acapy_flow" time="0.071" /><testcase classname="tests.test_interop.test_acapy_credo_flow" name="test_credential_issuance_flow" time="0.299" /><testcase classname="tests.test_interop.test_acapy_credo_flow" name="test_presentation_verification_flow" time="0.597" /><testcase classname="tests.test_interop.test_credo" name="test_accept_credential_offer" time="0.255" /><testcase classname="tests.test_interop.test_credo" name="test_accept_credential_offer_by_ref" time="0.379" /><testcase classname="tests.test_interop.test_credo" name="test_accept_credential_offer_sdjwt" time="0.378" /><testcase classname="tests.test_interop.test_credo" name="test_accept_credential_offer_sdjwt_by_ref" time="0.324" /><testcase classname="tests.test_interop.test_credo" name="test_accept_auth_request" time="1.098" /><testcase classname="tests.test_interop.test_credo" name="test_accept_sdjwt_auth_request" time="0.681" /><testcase classname="tests.test_interop.test_credo_mdoc" name="test_mdoc_credential_config_creation" time="0.038" /><testcase classname="tests.test_interop.test_credo_mdoc" name="test_mdoc_issuer_key_generation" time="0.033" /><testcase classname="tests.test_interop.test_credo_mdoc" name="test_mdoc_offer_creation_did_based" time="0.071" /><testcase classname="tests.test_interop.test_credo_mdoc" name="test_mdoc_offer_creation_verification_method" time="0.163" /><testcase classname="tests.test_interop.test_credo_mdoc" name="test_mdoc_credential_acceptance_did_based" time="0.343" /><testcase classname="tests.test_interop.test_credo_mdoc" name="test_mdoc_credential_acceptance_verification_method" time="0.426" /><testcase classname="tests.test_interop.test_credo_mdoc" name="test_mdoc_presentation_request_creation" time="0.047" /><testcase classname="tests.test_interop.test_credo_mdoc" name="test_mdoc_selective_disclosure_presentation" time="0.760" /><testcase classname="tests.test_interop.test_credo_mdoc" name="test_mdoc_age_predicate_verification" time="0.781" /><testcase classname="tests.test_interop.test_credo_mdoc" name="test_mdoc_presentation_verification_method_flow" time="0.693" /><testcase classname="tests.test_interop.test_credo_mdoc" name="test_mdoc_wrong_doctype_rejected" time="0.046" /><testcase classname="tests.test_interop.test_credo_mdoc" name="test_mdoc_missing_required_claim_handling" time="0.037" /><testcase classname="tests.test_interop.test_credo_mdoc" name="test_dcql_credential_sets_request" time="0.050" /><testcase classname="tests.test_interop.test_credo_mdoc" name="test_dcql_claim_sets_request" time="0.052" /><testcase classname="tests.test_mdoc_age_predicates.TestMdocAgePredicates" name="test_age_over_18_with_birth_date" time="0.213" /><testcase classname="tests.test_mdoc_age_predicates.TestMdocAgePredicates" name="test_age_over_without_birth_date_disclosure" time="0.072" /><testcase classname="tests.test_mdoc_age_predicates.TestMdocAgePredicates" name="test_multiple_age_predicates" time="0.073" /><testcase classname="tests.test_mdoc_age_predicates.TestMdocAgePredicates" name="test_age_predicate_values" time="0.050" /><testcase classname="tests.test_mdoc_age_predicates.TestMdocAamvaAgePredicates" name="test_aamva_age_predicates" time="0.073" /><testcase classname="tests.test_mdoc_age_predicates.TestMdocAgePredicateEdgeCases" name="test_age_boundary_exactly_18" time="0.025" /><testcase classname="tests.test_mdoc_age_predicates.TestMdocAgePredicateEdgeCases" name="test_age_boundary_one_day_before_18" time="0.024" /><testcase classname="tests.test_mdoc_age_predicates.TestMdocAgePredicateEdgeCases" name="test_age_predicate_leap_year_birthday" time="0.023" /><testcase classname="tests.test_multi_credential_dcql.TestMultiCredentialDCQL" name="test_two_sd_jwt_credentials" time="0.955" /><testcase classname="tests.test_multi_credential_dcql.TestMultiCredentialDCQL" name="test_three_credentials_different_issuers" time="1.577" /><testcase classname="tests.test_multi_credential_dcql.TestMultiCredentialCredentialSets" name="test_credential_sets_alternative_ids" time="0.720" /><testcase classname="tests.test_multi_credential_dcql.TestMixedFormatMultiCredential" name="test_sd_jwt_plus_mdoc" time="0.074" /><testcase classname="tests.test_negative_errors.TestOID4VCIErrors" name="test_invalid_supported_cred_id" time="0.027" /><testcase classname="tests.test_negative_errors.TestOID4VCIErrors" name="test_missing_credential_subject" time="0.041" /><testcase classname="tests.test_negative_errors.TestOID4VCIErrors" name="test_invalid_exchange_id_for_offer" time="0.027" /><testcase classname="tests.test_negative_errors.TestOID4VCIErrors" name="test_duplicate_credential_config_id" time="0.037" /><testcase classname="tests.test_negative_errors.TestOID4VCIErrors" name="test_unsupported_credential_format" time="0.028" /><testcase classname="tests.test_negative_errors.TestOID4VPErrors" name="test_invalid_presentation_definition_id" time="0.168" /><testcase classname="tests.test_negative_errors.TestOID4VPErrors" name="test_empty_input_descriptors" time="0.031" /><testcase classname="tests.test_negative_errors.TestOID4VPErrors" name="test_missing_format_in_descriptor" time="0.028" /><testcase classname="tests.test_negative_errors.TestDCQLErrors" name="test_dcql_empty_credentials" time="0.036" /><testcase classname="tests.test_negative_errors.TestDCQLErrors" name="test_dcql_invalid_format" time="0.030" /><testcase classname="tests.test_negative_errors.TestDCQLErrors" name="test_dcql_path_and_namespace_conflict" time="0.030" /><testcase classname="tests.test_negative_errors.TestDCQLErrors" name="test_dcql_namespace_without_claim_name" time="0.030" /><testcase classname="tests.test_negative_errors.TestDCQLErrors" name="test_dcql_invalid_credential_set_reference" time="0.028" /><testcase classname="tests.test_negative_errors.TestMDocErrors" name="test_mdoc_invalid_doctype_format" time="0.031" /><testcase classname="tests.test_negative_errors.TestMDocErrors" name="test_mdoc_both_doctype_value_and_values" time="0.028" /><testcase classname="tests.test_negative_errors.TestMDocErrors" name="test_mdoc_vct_with_doctype" time="0.030" /><testcase classname="tests.test_negative_errors.TestTokenErrors" name="test_expired_pre_authorized_code" time="0.030" /><testcase classname="tests.test_negative_errors.TestTokenErrors" name="test_invalid_grant_type" time="0.033" /><testcase classname="tests.test_negative_errors.TestFormatErrors" name="test_sdjwt_without_vct" time="0.031" /><testcase classname="tests.test_negative_errors.TestFormatErrors" name="test_jwt_vc_without_types" time="0.026" /><testcase classname="tests.test_oid4vc_mdoc_compliance.TestOID4VCMdocCompliance" name="test_mdoc_credential_issuer_metadata" time="0.043" /><testcase classname="tests.test_oid4vc_mdoc_compliance.TestOID4VCMdocCompliance" name="test_mdoc_credential_request_flow" time="0.147" /><testcase classname="tests.test_oid4vc_mdoc_compliance.TestOID4VCMdocCompliance" name="test_mdoc_presentation_workflow" time="0.011" /><testcase classname="tests.test_oid4vc_mdoc_compliance.TestOID4VCMdocCompliance" name="test_mdoc_interoperability_reader_sessions" time="0.144" /><testcase classname="tests.test_oid4vci_10_compliance.TestOID4VCI10Compliance" name="test_oid4vci_10_metadata" time="0.042" /><testcase classname="tests.test_oid4vci_10_compliance.TestOID4VCI10Compliance" name="test_oid4vci_10_credential_request_with_identifier" time="0.125" /><testcase classname="tests.test_oid4vci_10_compliance.TestOID4VCI10Compliance" name="test_oid4vci_10_mutual_exclusion" time="0.232" /><testcase classname="tests.test_oid4vci_10_compliance.TestOID4VCI10Compliance" name="test_oid4vci_10_proof_of_possession" time="0.172" /><testcase classname="tests.test_oid4vci_revocation.TestOID4VCIRevocation" name="test_revocation_status_in_credential" time="0.325" /><testcase classname="tests.test_pki" name="test_mdoc_pki_trust_chain" time="10.727"><failure message="Failed: Presentation not verified. Final state: presentation-invalid, Error: None">tests/test_pki.py:392: in test_mdoc_pki_trust_chain
    pytest.fail(
E   Failed: Presentation not verified. Final state: presentation-invalid, Error: None</failure></testcase><testcase classname="tests.test_revocation_e2e" name="test_credo_revocation_flow" time="0.668" /><testcase classname="tests.test_revocation_e2e" name="test_sphereon_revocation_flow" time="0.406" /><testcase classname="tests.test_sphereon" name="test_sphereon_health" time="0.025" /><testcase classname="tests.test_sphereon" name="test_sphereon_accept_credential_offer" time="0.361" /><testcase classname="tests.test_sphereon" name="test_sphereon_accept_mdoc_credential_offer" time="0.316" /><testcase classname="tests.test_sphereon" name="test_sphereon_present_mdoc_credential" time="10.859"><failure message="Failed: Presentation not verified. Final state: presentation-invalid">tests/test_sphereon.py:321: in test_sphereon_present_mdoc_credential
    pytest.fail(f"Presentation not verified. Final state: {record['state']}")
E   Failed: Presentation not verified. Final state: presentation-invalid</failure></testcase><testcase classname="tests.test_sphereon" name="test_sphereon_accept_credential_offer_by_ref" time="0.276" /><testcase classname="tests.test_sphereon_negative" name="test_sphereon_accept_offer_invalid_proof" time="0.411" /><testcase classname="tests.test_trust_anchor_validation.TestTrustAnchorManagement" name="test_create_trust_anchor" time="0.032" /><testcase classname="tests.test_trust_anchor_validation.TestTrustAnchorManagement" name="test_get_trust_anchor" time="0.034" /><testcase classname="tests.test_trust_anchor_validation.TestTrustAnchorManagement" name="test_list_trust_anchors" time="0.056" /><testcase classname="tests.test_trust_anchor_validation.TestTrustAnchorManagement" name="test_delete_trust_anchor" time="0.067" /><testcase classname="tests.test_trust_anchor_validation.TestTrustAnchorManagement" name="test_duplicate_trust_anchor_id" time="0.041" /><testcase classname="tests.test_trust_anchor_validation.TestCertificateValidation" name="test_invalid_certificate_format" time="0.037" /><testcase classname="tests.test_trust_anchor_validation.TestCertificateValidation" name="test_empty_certificate" time="0.025" /><testcase classname="tests.test_trust_anchor_validation.TestCertificateValidation" name="test_certificate_with_invalid_pem_markers" time="0.031" /><testcase classname="tests.test_trust_anchor_validation.TestChainValidation" name="test_verification_without_trust_anchor" time="0.102" /><testcase classname="tests.test_trust_anchor_validation.TestChainValidation" name="test_verification_with_trust_anchor" time="0.031" /><testcase classname="tests.test_trust_anchor_validation.TestTrustStoreConfiguration" name="test_file_based_trust_store" time="0.024" /><testcase classname="tests.test_trust_anchor_validation.TestTrustStoreConfiguration" name="test_wallet_based_trust_store" time="0.028" /><testcase classname="tests.test_trust_anchor_validation.TestIssuerCertificates" name="test_generate_issuer_key" time="0.032" /><testcase classname="tests.test_trust_anchor_validation.TestIssuerCertificates" name="test_list_issuer_keys" time="0.028" /><testcase classname="tests.test_trust_anchor_validation.TestIssuerCertificates" name="test_get_issuer_certificate_chain" time="0.035" /><testcase classname="tests.test_trust_anchor_validation.TestEndToEndTrustChain" name="test_complete_trust_chain_flow" time="0.065" /><testcase classname="tests.test_validation" name="test_mso_mdoc_validation" time="0.140" /></testsuite></testsuites>