<?xml version="1.0" encoding="utf-8"?><testsuites name="pytest tests"><testsuite name="pytest" errors="27" failures="58" skipped="16" tests="140" time="10.498" timestamp="2026-01-16T19:33:20.151938+00:00" hostname="690dedbb3191"><testcase classname="tests.dcql.test_acapy_credo_dcql_flow.TestDCQLSdJwtFlow" name="test_dcql_sd_jwt_basic_flow" time="0.398"><failure message="httpx.HTTPStatusError: Server error '500 Internal Server Error' for url 'http://acapy-issuer:8021/oid4vci/credential-supported/create'&#10;For more information check: https://developer.mozilla.org/en-US/docs/Web/HTTP/Status/500">tests/dcql/test_acapy_credo_dcql_flow.py:82: in test_dcql_sd_jwt_basic_flow
    credential_config_response = await acapy_issuer_admin.post(
acapy_controller.py:33: in post
    response.raise_for_status()
.venv/lib/python3.12/site-packages/httpx/_models.py:829: in raise_for_status
    raise HTTPStatusError(message, request=request, response=self)
E   httpx.HTTPStatusError: Server error '500 Internal Server Error' for url 'http://acapy-issuer:8021/oid4vci/credential-supported/create'
E   For more information check: https://developer.mozilla.org/en-US/docs/Web/HTTP/Status/500</failure></testcase><testcase classname="tests.dcql.test_acapy_credo_dcql_flow.TestDCQLSdJwtFlow" name="test_dcql_sd_jwt_nested_claims" time="0.025"><failure message="httpx.HTTPStatusError: Server error '500 Internal Server Error' for url 'http://acapy-issuer:8021/oid4vci/credential-supported/create'&#10;For more information check: https://developer.mozilla.org/en-US/docs/Web/HTTP/Status/500">tests/dcql/test_acapy_credo_dcql_flow.py:254: in test_dcql_sd_jwt_nested_claims
    credential_config_response = await acapy_issuer_admin.post(
acapy_controller.py:33: in post
    response.raise_for_status()
.venv/lib/python3.12/site-packages/httpx/_models.py:829: in raise_for_status
    raise HTTPStatusError(message, request=request, response=self)
E   httpx.HTTPStatusError: Server error '500 Internal Server Error' for url 'http://acapy-issuer:8021/oid4vci/credential-supported/create'
E   For more information check: https://developer.mozilla.org/en-US/docs/Web/HTTP/Status/500</failure></testcase><testcase classname="tests.dcql.test_acapy_credo_dcql_flow.TestDCQLMdocFlow" name="test_dcql_mdoc_basic_flow" time="0.098"><error message="failed on setup with &quot;httpx.HTTPStatusError: Client error '404 Not Found' for url 'http://acapy-issuer:8021/mso_mdoc/certificates?include_pem=true'&#10;For more information check: https://developer.mozilla.org/en-US/docs/Web/HTTP/Status/404&quot;">tests/conftest.py:388: in setup_issuer_certs
    default_cert = await acapy_issuer_admin.get("/mso_mdoc/certificates/default")
                   ^^^^^^^^^^^^^^^^^^^^^^^^^^^^^^^^^^^^^^^^^^^^^^^^^^^^^^^^^^^^^^
acapy_controller.py:24: in get
    response.raise_for_status()
.venv/lib/python3.12/site-packages/httpx/_models.py:829: in raise_for_status
    raise HTTPStatusError(message, request=request, response=self)
E   httpx.HTTPStatusError: Client error '404 Not Found' for url 'http://acapy-issuer:8021/mso_mdoc/certificates/default'
E   For more information check: https://developer.mozilla.org/en-US/docs/Web/HTTP/Status/404

During handling of the above exception, another exception occurred:
.venv/lib/python3.12/site-packages/pytest_asyncio/plugin.py:463: in setup
    return super().setup()
           ^^^^^^^^^^^^^^^
.venv/lib/python3.12/site-packages/pytest_asyncio/plugin.py:748: in pytest_fixture_setup
    hook_result = yield
                  ^^^^^
.venv/lib/python3.12/site-packages/pytest_asyncio/plugin.py:318: in _asyncgen_fixture_wrapper
    result = runner.run(setup(), context=context)
             ^^^^^^^^^^^^^^^^^^^^^^^^^^^^^^^^^^^^
/usr/local/lib/python3.12/asyncio/runners.py:118: in run
    return self._loop.run_until_complete(task)
           ^^^^^^^^^^^^^^^^^^^^^^^^^^^^^^^^^^^
/usr/local/lib/python3.12/asyncio/base_events.py:691: in run_until_complete
    return future.result()
           ^^^^^^^^^^^^^^^
.venv/lib/python3.12/site-packages/pytest_asyncio/plugin.py:314: in setup
    res = await gen_obj.__anext__()
          ^^^^^^^^^^^^^^^^^^^^^^^^^
tests/conftest.py:403: in setup_issuer_certs
    certs_response = await acapy_issuer_admin.get(
acapy_controller.py:24: in get
    response.raise_for_status()
.venv/lib/python3.12/site-packages/httpx/_models.py:829: in raise_for_status
    raise HTTPStatusError(message, request=request, response=self)
E   httpx.HTTPStatusError: Client error '404 Not Found' for url 'http://acapy-issuer:8021/mso_mdoc/certificates?include_pem=true'
E   For more information check: https://developer.mozilla.org/en-US/docs/Web/HTTP/Status/404</error></testcase><testcase classname="tests.dcql.test_acapy_credo_dcql_flow.TestDCQLMdocFlow" name="test_dcql_mdoc_path_syntax" time="0.085"><error message="failed on setup with &quot;httpx.HTTPStatusError: Client error '404 Not Found' for url 'http://acapy-issuer:8021/mso_mdoc/certificates?include_pem=true'&#10;For more information check: https://developer.mozilla.org/en-US/docs/Web/HTTP/Status/404&quot;">tests/conftest.py:388: in setup_issuer_certs
    default_cert = await acapy_issuer_admin.get("/mso_mdoc/certificates/default")
                   ^^^^^^^^^^^^^^^^^^^^^^^^^^^^^^^^^^^^^^^^^^^^^^^^^^^^^^^^^^^^^^
acapy_controller.py:24: in get
    response.raise_for_status()
.venv/lib/python3.12/site-packages/httpx/_models.py:829: in raise_for_status
    raise HTTPStatusError(message, request=request, response=self)
E   httpx.HTTPStatusError: Client error '404 Not Found' for url 'http://acapy-issuer:8021/mso_mdoc/certificates/default'
E   For more information check: https://developer.mozilla.org/en-US/docs/Web/HTTP/Status/404

During handling of the above exception, another exception occurred:
.venv/lib/python3.12/site-packages/pytest_asyncio/plugin.py:463: in setup
    return super().setup()
           ^^^^^^^^^^^^^^^
.venv/lib/python3.12/site-packages/pytest_asyncio/plugin.py:748: in pytest_fixture_setup
    hook_result = yield
                  ^^^^^
.venv/lib/python3.12/site-packages/pytest_asyncio/plugin.py:318: in _asyncgen_fixture_wrapper
    result = runner.run(setup(), context=context)
             ^^^^^^^^^^^^^^^^^^^^^^^^^^^^^^^^^^^^
/usr/local/lib/python3.12/asyncio/runners.py:118: in run
    return self._loop.run_until_complete(task)
           ^^^^^^^^^^^^^^^^^^^^^^^^^^^^^^^^^^^
/usr/local/lib/python3.12/asyncio/base_events.py:691: in run_until_complete
    return future.result()
           ^^^^^^^^^^^^^^^
.venv/lib/python3.12/site-packages/pytest_asyncio/plugin.py:314: in setup
    res = await gen_obj.__anext__()
          ^^^^^^^^^^^^^^^^^^^^^^^^^
tests/conftest.py:403: in setup_issuer_certs
    certs_response = await acapy_issuer_admin.get(
acapy_controller.py:24: in get
    response.raise_for_status()
.venv/lib/python3.12/site-packages/httpx/_models.py:829: in raise_for_status
    raise HTTPStatusError(message, request=request, response=self)
E   httpx.HTTPStatusError: Client error '404 Not Found' for url 'http://acapy-issuer:8021/mso_mdoc/certificates?include_pem=true'
E   For more information check: https://developer.mozilla.org/en-US/docs/Web/HTTP/Status/404</error></testcase><testcase classname="tests.dcql.test_acapy_credo_dcql_flow.TestDCQLSelectiveDisclosure" name="test_dcql_sd_jwt_selective_disclosure" time="0.024"><failure message="httpx.HTTPStatusError: Server error '500 Internal Server Error' for url 'http://acapy-issuer:8021/oid4vci/credential-supported/create'&#10;For more information check: https://developer.mozilla.org/en-US/docs/Web/HTTP/Status/500">tests/dcql/test_acapy_credo_dcql_flow.py:685: in test_dcql_sd_jwt_selective_disclosure
    config_response = await acapy_issuer_admin.post(
acapy_controller.py:33: in post
    response.raise_for_status()
.venv/lib/python3.12/site-packages/httpx/_models.py:829: in raise_for_status
    raise HTTPStatusError(message, request=request, response=self)
E   httpx.HTTPStatusError: Server error '500 Internal Server Error' for url 'http://acapy-issuer:8021/oid4vci/credential-supported/create'
E   For more information check: https://developer.mozilla.org/en-US/docs/Web/HTTP/Status/500</failure></testcase><testcase classname="tests.dcql.test_acapy_credo_dcql_flow.TestDCQLSelectiveDisclosure" name="test_dcql_mdoc_selective_disclosure" time="0.083"><error message="failed on setup with &quot;httpx.HTTPStatusError: Client error '404 Not Found' for url 'http://acapy-issuer:8021/mso_mdoc/certificates?include_pem=true'&#10;For more information check: https://developer.mozilla.org/en-US/docs/Web/HTTP/Status/404&quot;">tests/conftest.py:388: in setup_issuer_certs
    default_cert = await acapy_issuer_admin.get("/mso_mdoc/certificates/default")
                   ^^^^^^^^^^^^^^^^^^^^^^^^^^^^^^^^^^^^^^^^^^^^^^^^^^^^^^^^^^^^^^
acapy_controller.py:24: in get
    response.raise_for_status()
.venv/lib/python3.12/site-packages/httpx/_models.py:829: in raise_for_status
    raise HTTPStatusError(message, request=request, response=self)
E   httpx.HTTPStatusError: Client error '404 Not Found' for url 'http://acapy-issuer:8021/mso_mdoc/certificates/default'
E   For more information check: https://developer.mozilla.org/en-US/docs/Web/HTTP/Status/404

During handling of the above exception, another exception occurred:
.venv/lib/python3.12/site-packages/pytest_asyncio/plugin.py:463: in setup
    return super().setup()
           ^^^^^^^^^^^^^^^
.venv/lib/python3.12/site-packages/pytest_asyncio/plugin.py:748: in pytest_fixture_setup
    hook_result = yield
                  ^^^^^
.venv/lib/python3.12/site-packages/pytest_asyncio/plugin.py:318: in _asyncgen_fixture_wrapper
    result = runner.run(setup(), context=context)
             ^^^^^^^^^^^^^^^^^^^^^^^^^^^^^^^^^^^^
/usr/local/lib/python3.12/asyncio/runners.py:118: in run
    return self._loop.run_until_complete(task)
           ^^^^^^^^^^^^^^^^^^^^^^^^^^^^^^^^^^^
/usr/local/lib/python3.12/asyncio/base_events.py:691: in run_until_complete
    return future.result()
           ^^^^^^^^^^^^^^^
.venv/lib/python3.12/site-packages/pytest_asyncio/plugin.py:314: in setup
    res = await gen_obj.__anext__()
          ^^^^^^^^^^^^^^^^^^^^^^^^^
tests/conftest.py:403: in setup_issuer_certs
    certs_response = await acapy_issuer_admin.get(
acapy_controller.py:24: in get
    response.raise_for_status()
.venv/lib/python3.12/site-packages/httpx/_models.py:829: in raise_for_status
    raise HTTPStatusError(message, request=request, response=self)
E   httpx.HTTPStatusError: Client error '404 Not Found' for url 'http://acapy-issuer:8021/mso_mdoc/certificates?include_pem=true'
E   For more information check: https://developer.mozilla.org/en-US/docs/Web/HTTP/Status/404</error></testcase><testcase classname="tests.dcql.test_acapy_credo_dcql_flow.TestDCQLCredentialSets" name="test_dcql_credential_sets_multi_credential" time="0.025"><failure message="httpx.HTTPStatusError: Server error '500 Internal Server Error' for url 'http://acapy-issuer:8021/oid4vci/credential-supported/create'&#10;For more information check: https://developer.mozilla.org/en-US/docs/Web/HTTP/Status/500">tests/dcql/test_acapy_credo_dcql_flow.py:978: in test_dcql_credential_sets_multi_credential
    identity_response = await acapy_issuer_admin.post(
acapy_controller.py:33: in post
    response.raise_for_status()
.venv/lib/python3.12/site-packages/httpx/_models.py:829: in raise_for_status
    raise HTTPStatusError(message, request=request, response=self)
E   httpx.HTTPStatusError: Server error '500 Internal Server Error' for url 'http://acapy-issuer:8021/oid4vci/credential-supported/create'
E   For more information check: https://developer.mozilla.org/en-US/docs/Web/HTTP/Status/500</failure></testcase><testcase classname="tests.dcql.test_acapy_credo_dcql_flow.TestDCQLSpecCompliance" name="test_dcql_dc_sd_jwt_format_identifier" time="0.024"><failure message="httpx.HTTPStatusError: Server error '500 Internal Server Error' for url 'http://acapy-issuer:8021/oid4vci/credential-supported/create'&#10;For more information check: https://developer.mozilla.org/en-US/docs/Web/HTTP/Status/500">tests/dcql/test_acapy_credo_dcql_flow.py:1158: in test_dcql_dc_sd_jwt_format_identifier
    config_response = await acapy_issuer_admin.post(
acapy_controller.py:33: in post
    response.raise_for_status()
.venv/lib/python3.12/site-packages/httpx/_models.py:829: in raise_for_status
    raise HTTPStatusError(message, request=request, response=self)
E   httpx.HTTPStatusError: Server error '500 Internal Server Error' for url 'http://acapy-issuer:8021/oid4vci/credential-supported/create'
E   For more information check: https://developer.mozilla.org/en-US/docs/Web/HTTP/Status/500</failure></testcase><testcase classname="tests.dcql.test_dcql" name="test_dcql_query_create" time="0.109" /><testcase classname="tests.dcql.test_dcql" name="test_dcql_query_list" time="0.050" /><testcase classname="tests.dcql.test_dcql" name="test_dcql_query_get" time="0.197" /><testcase classname="tests.dcql.test_dcql" name="test_dcql_query_delete" time="0.142"><failure message="httpx.HTTPStatusError: Client error '400 DCQLQuery.__init__() missing 1 required keyword-only argument: 'credentials', for record id 038dc092-e454-423e-af95-03a3e1f78078.' for url 'http://acapy-verifier:8031/oid4vp/dcql/queries'&#10;For more information check: https://developer.mozilla.org/en-US/docs/Web/HTTP/Status/400">tests/dcql/test_dcql.py:126: in test_dcql_query_delete
    queries_list = await controller.get(
acapy_controller.py:24: in get
    response.raise_for_status()
.venv/lib/python3.12/site-packages/httpx/_models.py:829: in raise_for_status
    raise HTTPStatusError(message, request=request, response=self)
E   httpx.HTTPStatusError: Client error '400 DCQLQuery.__init__() missing 1 required keyword-only argument: 'credentials', for record id 038dc092-e454-423e-af95-03a3e1f78078.' for url 'http://acapy-verifier:8031/oid4vp/dcql/queries'
E   For more information check: https://developer.mozilla.org/en-US/docs/Web/HTTP/Status/400</failure></testcase><testcase classname="tests.dcql.test_multi_credential_dcql.TestMultiCredentialDCQL" name="test_two_sd_jwt_credentials" time="0.087"><failure message="httpx.HTTPStatusError: Server error '500 Internal Server Error' for url 'http://acapy-issuer:8021/oid4vci/credential-supported/create'&#10;For more information check: https://developer.mozilla.org/en-US/docs/Web/HTTP/Status/500">tests/dcql/test_multi_credential_dcql.py:70: in test_two_sd_jwt_credentials
    identity_response = await acapy_issuer_admin.post(
acapy_controller.py:33: in post
    response.raise_for_status()
.venv/lib/python3.12/site-packages/httpx/_models.py:829: in raise_for_status
    raise HTTPStatusError(message, request=request, response=self)
E   httpx.HTTPStatusError: Server error '500 Internal Server Error' for url 'http://acapy-issuer:8021/oid4vci/credential-supported/create'
E   For more information check: https://developer.mozilla.org/en-US/docs/Web/HTTP/Status/500</failure></testcase><testcase classname="tests.dcql.test_multi_credential_dcql.TestMultiCredentialDCQL" name="test_three_credentials_different_issuers" time="0.329"><failure message="httpx.HTTPStatusError: Server error '500 Internal Server Error' for url 'http://acapy-issuer:8021/oid4vci/credential-supported/create'&#10;For more information check: https://developer.mozilla.org/en-US/docs/Web/HTTP/Status/500">tests/dcql/test_multi_credential_dcql.py:309: in test_three_credentials_different_issuers
    config_response = await acapy_issuer_admin.post(
acapy_controller.py:33: in post
    response.raise_for_status()
.venv/lib/python3.12/site-packages/httpx/_models.py:829: in raise_for_status
    raise HTTPStatusError(message, request=request, response=self)
E   httpx.HTTPStatusError: Server error '500 Internal Server Error' for url 'http://acapy-issuer:8021/oid4vci/credential-supported/create'
E   For more information check: https://developer.mozilla.org/en-US/docs/Web/HTTP/Status/500</failure></testcase><testcase classname="tests.dcql.test_multi_credential_dcql.TestMultiCredentialCredentialSets" name="test_credential_sets_alternative_ids" time="0.068"><failure message="httpx.HTTPStatusError: Server error '500 Internal Server Error' for url 'http://acapy-issuer:8021/oid4vci/credential-supported/create'&#10;For more information check: https://developer.mozilla.org/en-US/docs/Web/HTTP/Status/500">tests/dcql/test_multi_credential_dcql.py:445: in test_credential_sets_alternative_ids
    await acapy_issuer_admin.post(
acapy_controller.py:33: in post
    response.raise_for_status()
.venv/lib/python3.12/site-packages/httpx/_models.py:829: in raise_for_status
    raise HTTPStatusError(message, request=request, response=self)
E   httpx.HTTPStatusError: Server error '500 Internal Server Error' for url 'http://acapy-issuer:8021/oid4vci/credential-supported/create'
E   For more information check: https://developer.mozilla.org/en-US/docs/Web/HTTP/Status/500</failure></testcase><testcase classname="tests.dcql.test_multi_credential_dcql.TestMixedFormatMultiCredential" name="test_sd_jwt_plus_mdoc" time="0.024"><skipped type="pytest.skip" message="Mixed format DCQL not supported: Client error '422 {'json': {'credentials': {0: {'meta': {'doctype_value': ['Unknown field.']}}}}}' for url 'http://acapy-verifier:8031/oid4vp/dcql/queries'&#10;For more information check: https://developer.mozilla.org/en-US/docs/Web/HTTP/Status/422">/usr/src/app/tests/dcql/test_multi_credential_dcql.py:622: Mixed format DCQL not supported: Client error '422 {'json': {'credentials': {0: {'meta': {'doctype_value': ['Unknown field.']}}}}}' for url 'http://acapy-verifier:8031/oid4vp/dcql/queries'
For more information check: https://developer.mozilla.org/en-US/docs/Web/HTTP/Status/422</skipped></testcase><testcase classname="tests.flows.test_acapy_credo_oid4vc_flow" name="test_full_acapy_credo_oid4vc_flow" time="0.160"><failure message="httpx.HTTPStatusError: Server error '500 Internal Server Error' for url 'http://acapy-issuer:8021/oid4vci/credential-supported/create'&#10;For more information check: https://developer.mozilla.org/en-US/docs/Web/HTTP/Status/500">tests/flows/test_acapy_credo_oid4vc_flow.py:65: in test_full_acapy_credo_oid4vc_flow
    credential_config_response = await acapy_issuer_admin.post(
acapy_controller.py:33: in post
    response.raise_for_status()
.venv/lib/python3.12/site-packages/httpx/_models.py:829: in raise_for_status
    raise HTTPStatusError(message, request=request, response=self)
E   httpx.HTTPStatusError: Server error '500 Internal Server Error' for url 'http://acapy-issuer:8021/oid4vci/credential-supported/create'
E   For more information check: https://developer.mozilla.org/en-US/docs/Web/HTTP/Status/500</failure></testcase><testcase classname="tests.flows.test_acapy_credo_oid4vc_flow" name="test_error_handling_invalid_credential_offer" time="0.004" /><testcase classname="tests.flows.test_acapy_credo_oid4vc_flow" name="test_error_handling_invalid_presentation_request" time="0.009" /><testcase classname="tests.flows.test_acapy_credo_oid4vc_flow" name="test_acapy_credo_mdoc_flow" time="0.139"><error message="failed on setup with &quot;httpx.HTTPStatusError: Client error '404 Not Found' for url 'http://acapy-issuer:8021/mso_mdoc/certificates?include_pem=true'&#10;For more information check: https://developer.mozilla.org/en-US/docs/Web/HTTP/Status/404&quot;">tests/conftest.py:388: in setup_issuer_certs
    default_cert = await acapy_issuer_admin.get("/mso_mdoc/certificates/default")
                   ^^^^^^^^^^^^^^^^^^^^^^^^^^^^^^^^^^^^^^^^^^^^^^^^^^^^^^^^^^^^^^
acapy_controller.py:24: in get
    response.raise_for_status()
.venv/lib/python3.12/site-packages/httpx/_models.py:829: in raise_for_status
    raise HTTPStatusError(message, request=request, response=self)
E   httpx.HTTPStatusError: Client error '404 Not Found' for url 'http://acapy-issuer:8021/mso_mdoc/certificates/default'
E   For more information check: https://developer.mozilla.org/en-US/docs/Web/HTTP/Status/404

During handling of the above exception, another exception occurred:
.venv/lib/python3.12/site-packages/pytest_asyncio/plugin.py:463: in setup
    return super().setup()
           ^^^^^^^^^^^^^^^
.venv/lib/python3.12/site-packages/pytest_asyncio/plugin.py:748: in pytest_fixture_setup
    hook_result = yield
                  ^^^^^
.venv/lib/python3.12/site-packages/pytest_asyncio/plugin.py:318: in _asyncgen_fixture_wrapper
    result = runner.run(setup(), context=context)
             ^^^^^^^^^^^^^^^^^^^^^^^^^^^^^^^^^^^^
/usr/local/lib/python3.12/asyncio/runners.py:118: in run
    return self._loop.run_until_complete(task)
           ^^^^^^^^^^^^^^^^^^^^^^^^^^^^^^^^^^^
/usr/local/lib/python3.12/asyncio/base_events.py:691: in run_until_complete
    return future.result()
           ^^^^^^^^^^^^^^^
.venv/lib/python3.12/site-packages/pytest_asyncio/plugin.py:314: in setup
    res = await gen_obj.__anext__()
          ^^^^^^^^^^^^^^^^^^^^^^^^^
tests/conftest.py:403: in setup_issuer_certs
    certs_response = await acapy_issuer_admin.get(
acapy_controller.py:24: in get
    response.raise_for_status()
.venv/lib/python3.12/site-packages/httpx/_models.py:829: in raise_for_status
    raise HTTPStatusError(message, request=request, response=self)
E   httpx.HTTPStatusError: Client error '404 Not Found' for url 'http://acapy-issuer:8021/mso_mdoc/certificates?include_pem=true'
E   For more information check: https://developer.mozilla.org/en-US/docs/Web/HTTP/Status/404</error></testcase><testcase classname="tests.flows.test_acapy_credo_oid4vc_flow" name="test_acapy_credo_sd_jwt_selective_disclosure" time="0.024"><failure message="httpx.HTTPStatusError: Server error '500 Internal Server Error' for url 'http://acapy-issuer:8021/oid4vci/credential-supported/create'&#10;For more information check: https://developer.mozilla.org/en-US/docs/Web/HTTP/Status/500">tests/flows/test_acapy_credo_oid4vc_flow.py:412: in test_acapy_credo_sd_jwt_selective_disclosure
    credential_config_response = await acapy_issuer_admin.post(
acapy_controller.py:33: in post
    response.raise_for_status()
.venv/lib/python3.12/site-packages/httpx/_models.py:829: in raise_for_status
    raise HTTPStatusError(message, request=request, response=self)
E   httpx.HTTPStatusError: Server error '500 Internal Server Error' for url 'http://acapy-issuer:8021/oid4vci/credential-supported/create'
E   For more information check: https://developer.mozilla.org/en-US/docs/Web/HTTP/Status/500</failure></testcase><testcase classname="tests.flows.test_acapy_credo_oid4vc_flow" name="test_acapy_credo_mdoc_selective_disclosure" time="0.085"><error message="failed on setup with &quot;httpx.HTTPStatusError: Client error '404 Not Found' for url 'http://acapy-issuer:8021/mso_mdoc/certificates?include_pem=true'&#10;For more information check: https://developer.mozilla.org/en-US/docs/Web/HTTP/Status/404&quot;">tests/conftest.py:388: in setup_issuer_certs
    default_cert = await acapy_issuer_admin.get("/mso_mdoc/certificates/default")
                   ^^^^^^^^^^^^^^^^^^^^^^^^^^^^^^^^^^^^^^^^^^^^^^^^^^^^^^^^^^^^^^
acapy_controller.py:24: in get
    response.raise_for_status()
.venv/lib/python3.12/site-packages/httpx/_models.py:829: in raise_for_status
    raise HTTPStatusError(message, request=request, response=self)
E   httpx.HTTPStatusError: Client error '404 Not Found' for url 'http://acapy-issuer:8021/mso_mdoc/certificates/default'
E   For more information check: https://developer.mozilla.org/en-US/docs/Web/HTTP/Status/404

During handling of the above exception, another exception occurred:
.venv/lib/python3.12/site-packages/pytest_asyncio/plugin.py:463: in setup
    return super().setup()
           ^^^^^^^^^^^^^^^
.venv/lib/python3.12/site-packages/pytest_asyncio/plugin.py:748: in pytest_fixture_setup
    hook_result = yield
                  ^^^^^
.venv/lib/python3.12/site-packages/pytest_asyncio/plugin.py:318: in _asyncgen_fixture_wrapper
    result = runner.run(setup(), context=context)
             ^^^^^^^^^^^^^^^^^^^^^^^^^^^^^^^^^^^^
/usr/local/lib/python3.12/asyncio/runners.py:118: in run
    return self._loop.run_until_complete(task)
           ^^^^^^^^^^^^^^^^^^^^^^^^^^^^^^^^^^^
/usr/local/lib/python3.12/asyncio/base_events.py:691: in run_until_complete
    return future.result()
           ^^^^^^^^^^^^^^^
.venv/lib/python3.12/site-packages/pytest_asyncio/plugin.py:314: in setup
    res = await gen_obj.__anext__()
          ^^^^^^^^^^^^^^^^^^^^^^^^^
tests/conftest.py:403: in setup_issuer_certs
    certs_response = await acapy_issuer_admin.get(
acapy_controller.py:24: in get
    response.raise_for_status()
.venv/lib/python3.12/site-packages/httpx/_models.py:829: in raise_for_status
    raise HTTPStatusError(message, request=request, response=self)
E   httpx.HTTPStatusError: Client error '404 Not Found' for url 'http://acapy-issuer:8021/mso_mdoc/certificates?include_pem=true'
E   For more information check: https://developer.mozilla.org/en-US/docs/Web/HTTP/Status/404</error></testcase><testcase classname="tests.flows.test_acapy_oid4vc_simple" name="test_simple_oid4vc_flow" time="0.058" /><testcase classname="tests.flows.test_cred_offer_uri" name="test_credential_offer_structure" time="0.146" /><testcase classname="tests.flows.test_cred_offer_uri" name="test_credential_offer_by_ref_structure" time="0.147"><failure message="aiohttp.client_exceptions.InvalidUrlClientError: $%7BOID4VCI_ENDPOINT:-http://localhost:8022%7D/oid4vci/dereference-credential-offer">tests/flows/test_cred_offer_uri.py:115: in test_credential_offer_by_ref_structure
    async with session.get(offer_ref_url) as resp:
               ^^^^^^^^^^^^^^^^^^^^^^^^^^
.venv/lib/python3.12/site-packages/aiohttp/client.py:1517: in __aenter__
    self._resp: _RetType = await self._coro
                           ^^^^^^^^^^^^^^^^
.venv/lib/python3.12/site-packages/aiohttp/client.py:639: in _request
    raise err_exc_cls(url)
E   aiohttp.client_exceptions.InvalidUrlClientError: $%7BOID4VCI_ENDPOINT:-http://localhost:8022%7D/oid4vci/dereference-credential-offer</failure></testcase><testcase classname="tests.flows.test_dual_endpoints" name="test_dual_oid4vci_endpoints" time="0.031"><failure message="AssertionError: Deprecated endpoint failed: 404&#10;assert 404 == 200&#10; +  where 404 = &lt;Response [404 Not Found]&gt;.status_code">tests/flows/test_dual_endpoints.py:49: in test_dual_oid4vci_endpoints
    assert deprecated_response.status_code == 200, (
E   AssertionError: Deprecated endpoint failed: 404
E   assert 404 == 200
E    +  where 404 = &lt;Response [404 Not Found]&gt;.status_code</failure></testcase><testcase classname="tests.flows.test_dual_endpoints" name="test_credo_can_reach_underscore_endpoint" time="0.020"><failure message="AssertionError: Credo-style endpoint discovery failed: 404&#10;assert 404 == 200&#10; +  where 404 = &lt;Response [404 Not Found]&gt;.status_code">tests/flows/test_dual_endpoints.py:107: in test_credo_can_reach_underscore_endpoint
    assert response.status_code == 200, (
E   AssertionError: Credo-style endpoint discovery failed: 404
E   assert 404 == 200
E    +  where 404 = &lt;Response [404 Not Found]&gt;.status_code</failure></testcase><testcase classname="tests.flows.test_dual_endpoints" name="test_acapy_services_health" time="0.024" /><testcase classname="tests.flows.test_dual_endpoints" name="test_oid4vci_server_endpoints" time="0.022" /><testcase classname="tests.flows.test_dual_endpoints" name="test_openid_configuration_endpoint" time="0.020"><failure message="AssertionError: openid-configuration endpoint failed: 404&#10;assert 404 == 200&#10; +  where 404 = &lt;Response [404 Not Found]&gt;.status_code">tests/flows/test_dual_endpoints.py:209: in test_openid_configuration_endpoint
    assert response.status_code == 200, (
E   AssertionError: openid-configuration endpoint failed: 404
E   assert 404 == 200
E    +  where 404 = &lt;Response [404 Not Found]&gt;.status_code</failure></testcase><testcase classname="tests.flows.test_dual_endpoints" name="test_openid_configuration_vs_credential_issuer_consistency" time="0.027"><failure message="assert 404 == 200&#10; +  where 404 = &lt;Response [404 Not Found]&gt;.status_code">tests/flows/test_dual_endpoints.py:285: in test_openid_configuration_vs_credential_issuer_consistency
    assert oidc_response.status_code == 200
E   assert 404 == 200
E    +  where 404 = &lt;Response [404 Not Found]&gt;.status_code</failure></testcase><testcase classname="tests.flows.test_example_sdjwt.TestSDJWTFlow" name="test_issue_and_verify_identity_credential" time="0.207"><failure message="AssertionError: Credential issuance failed: {&quot;error&quot;:&quot;Failed to accept credential offer&quot;,&quot;details&quot;:&quot;Error parsing credential offer in draft 11, 13 or 14 format extracted from credential offer 'openid-credential-offer://?credential_offer=%7B%22credential_issuer%22%3A%20%22%24%7BOID4VCI_ENDPOINT%3A-http%3A//localhost%3A8022%7D%22%2C%20%22credentials%22%3A%20%5B%22SDJWTCred_d763f4db%22%5D%2C%20%22grants%22%3A%20%7B%22urn%3Aietf%3Aparams%3Aoauth%3Agrant-type%3Apre-authorized_code%22%3A%20%7B%22pre-authorized_code%22%3A%20%225YiX3calFtrZr2hPCnQt2A%22%2C%20%22user_pin_required%22%3A%20false%7D%7D%7D'\n✖ Expected a URL at \&quot;credential_issuer\&quot;\n✖ Url must be an https:// url at \&quot;credential_issuer\&quot;\n✖ Expected array, received undefined at \&quot;credential_configuration_ids\&quot; or Expected a URL at \&quot;credential_issuer\&quot;\n✖ Url must be an https:// url at \&quot;credential_issuer\&quot;&quot;,&quot;stack&quot;:&quot;Error: Error parsing credential offer in draft 11, 13 or 14 format extracted from credential offer 'openid-credential-offer://?credential_offer=%7B%22credential_issuer%22%3A%20%22%24%7BOID4VCI_ENDPOINT%3A-http%3A//localhost%3A8022%7D%22%2C%20%22credentials%22%3A%20%5B%22SDJWTCred_d763f4db%22%5D%2C%20%22grants%22%3A%20%7B%22urn%3Aietf%3Aparams%3Aoauth%3Agrant-type%3Apre-authorized_code%22%3A%20%7B%22pre-authorized_code%22%3A%20%225YiX3calFtrZr2hPCnQt2A%22%2C%20%22user_pin_required%22%3A%20false%7D%7D%7D'\n✖ Expected a URL at \&quot;credential_issuer\&quot;\n✖ Url must be an https:// url at \&quot;credential_issuer\&quot;\n✖ Expected array, received undefined at \&quot;credential_configuration_ids\&quot; or Expected a URL at \&quot;credential_issuer\&quot;\n✖ Url must be an https:// url at \&quot;credential_issuer\&quot;\n    at resolveCredentialOffer (file:///app/node_modules/@openid4vc/openid4vci/dist/index.mjs:89:46)\n    at Openid4vciClient.resolveCredentialOffer (file:///app/node_modules/@openid4vc/openid4vci/dist/index.mjs:1627:10)\n    at OpenId4VciHolderService$1.resolveCredentialOffer (file:///app/node_modules/@credo-ts/openid4vc/build/openid4vc-holder/OpenId4VciHolderService.mjs:29:46)\n    at OpenId4VcHolderApi$1.resolveCredentialOffer (file:///app/node_modules/@credo-ts/openid4vc/build/openid4vc-holder/OpenId4VcHolderApi.mjs:76:45)\n    at file:///app/dist/issuance.js:16:60\n    at Layer.handle [as handle_request] (/app/node_modules/express/lib/router/layer.js:95:5)\n    at next (/app/node_modules/express/lib/router/route.js:149:13)\n    at Route.dispatch (/app/node_modules/express/lib/router/route.js:119:3)\n    at Layer.handle [as handle_request] (/app/node_modules/express/lib/router/layer.js:95:5)\n    at /app/node_modules/express/lib/router/index.js:284:15&quot;}">tests/flows/test_example_sdjwt.py:34: in test_issue_and_verify_identity_credential
    result = await credential_flow.issue_sd_jwt(
tests/helpers/flow_helpers.py:109: in issue_sd_jwt
    assert credential_response.status_code == 200, (
           ^^^^^^^^^^^^^^^^^^^^^^^^^^^^^^^^^^^^^^
E   AssertionError: Credential issuance failed: {"error":"Failed to accept credential offer","details":"Error parsing credential offer in draft 11, 13 or 14 format extracted from credential offer 'openid-credential-offer://?credential_offer=%7B%22credential_issuer%22%3A%20%22%24%7BOID4VCI_ENDPOINT%3A-http%3A//localhost%3A8022%7D%22%2C%20%22credentials%22%3A%20%5B%22SDJWTCred_d763f4db%22%5D%2C%20%22grants%22%3A%20%7B%22urn%3Aietf%3Aparams%3Aoauth%3Agrant-type%3Apre-authorized_code%22%3A%20%7B%22pre-authorized_code%22%3A%20%225YiX3calFtrZr2hPCnQt2A%22%2C%20%22user_pin_required%22%3A%20false%7D%7D%7D'\n✖ Expected a URL at \"credential_issuer\"\n✖ Url must be an https:// url at \"credential_issuer\"\n✖ Expected array, received undefined at \"credential_configuration_ids\" or Expected a URL at \"credential_issuer\"\n✖ Url must be an https:// url at \"credential_issuer\"","stack":"Error: Error parsing credential offer in draft 11, 13 or 14 format extracted from credential offer 'openid-credential-offer://?credential_offer=%7B%22credential_issuer%22%3A%20%22%24%7BOID4VCI_ENDPOINT%3A-http%3A//localhost%3A8022%7D%22%2C%20%22credentials%22%3A%20%5B%22SDJWTCred_d763f4db%22%5D%2C%20%22grants%22%3A%20%7B%22urn%3Aietf%3Aparams%3Aoauth%3Agrant-type%3Apre-authorized_code%22%3A%20%7B%22pre-authorized_code%22%3A%20%225YiX3calFtrZr2hPCnQt2A%22%2C%20%22user_pin_required%22%3A%20false%7D%7D%7D'\n✖ Expected a URL at \"credential_issuer\"\n✖ Url must be an https:// url at \"credential_issuer\"\n✖ Expected array, received undefined at \"credential_configuration_ids\" or Expected a URL at \"credential_issuer\"\n✖ Url must be an https:// url at \"credential_issuer\"\n    at resolveCredentialOffer (file:///app/node_modules/@openid4vc/openid4vci/dist/index.mjs:89:46)\n    at Openid4vciClient.resolveCredentialOffer (file:///app/node_modules/@openid4vc/openid4vci/dist/index.mjs:1627:10)\n    at OpenId4VciHolderService$1.resolveCredentialOffer (file:///app/node_modules/@credo-ts/openid4vc/build/openid4vc-holder/OpenId4VciHolderService.mjs:29:46)\n    at OpenId4VcHolderApi$1.resolveCredentialOffer (file:///app/node_modules/@credo-ts/openid4vc/build/openid4vc-holder/OpenId4VcHolderApi.mjs:76:45)\n    at file:///app/dist/issuance.js:16:60\n    at Layer.handle [as handle_request] (/app/node_modules/express/lib/router/layer.js:95:5)\n    at next (/app/node_modules/express/lib/router/route.js:149:13)\n    at Route.dispatch (/app/node_modules/express/lib/router/route.js:119:3)\n    at Layer.handle [as handle_request] (/app/node_modules/express/lib/router/layer.js:95:5)\n    at /app/node_modules/express/lib/router/index.js:284:15"}</failure></testcase><testcase classname="tests.flows.test_example_sdjwt.TestSDJWTFlow" name="test_multiple_credentials_same_holder" time="0.114"><failure message="AssertionError: Credential issuance failed: {&quot;error&quot;:&quot;Failed to accept credential offer&quot;,&quot;details&quot;:&quot;Error parsing credential offer in draft 11, 13 or 14 format extracted from credential offer 'openid-credential-offer://?credential_offer=%7B%22credential_issuer%22%3A%20%22%24%7BOID4VCI_ENDPOINT%3A-http%3A//localhost%3A8022%7D%22%2C%20%22credentials%22%3A%20%5B%22SDJWTCred_bc2f0b1f%22%5D%2C%20%22grants%22%3A%20%7B%22urn%3Aietf%3Aparams%3Aoauth%3Agrant-type%3Apre-authorized_code%22%3A%20%7B%22pre-authorized_code%22%3A%20%22X1a9GjXqO0iqyM2XBWDDIw%22%2C%20%22user_pin_required%22%3A%20false%7D%7D%7D'\n✖ Expected a URL at \&quot;credential_issuer\&quot;\n✖ Url must be an https:// url at \&quot;credential_issuer\&quot;\n✖ Expected array, received undefined at \&quot;credential_configuration_ids\&quot; or Expected a URL at \&quot;credential_issuer\&quot;\n✖ Url must be an https:// url at \&quot;credential_issuer\&quot;&quot;,&quot;stack&quot;:&quot;Error: Error parsing credential offer in draft 11, 13 or 14 format extracted from credential offer 'openid-credential-offer://?credential_offer=%7B%22credential_issuer%22%3A%20%22%24%7BOID4VCI_ENDPOINT%3A-http%3A//localhost%3A8022%7D%22%2C%20%22credentials%22%3A%20%5B%22SDJWTCred_bc2f0b1f%22%5D%2C%20%22grants%22%3A%20%7B%22urn%3Aietf%3Aparams%3Aoauth%3Agrant-type%3Apre-authorized_code%22%3A%20%7B%22pre-authorized_code%22%3A%20%22X1a9GjXqO0iqyM2XBWDDIw%22%2C%20%22user_pin_required%22%3A%20false%7D%7D%7D'\n✖ Expected a URL at \&quot;credential_issuer\&quot;\n✖ Url must be an https:// url at \&quot;credential_issuer\&quot;\n✖ Expected array, received undefined at \&quot;credential_configuration_ids\&quot; or Expected a URL at \&quot;credential_issuer\&quot;\n✖ Url must be an https:// url at \&quot;credential_issuer\&quot;\n    at resolveCredentialOffer (file:///app/node_modules/@openid4vc/openid4vci/dist/index.mjs:89:46)\n    at Openid4vciClient.resolveCredentialOffer (file:///app/node_modules/@openid4vc/openid4vci/dist/index.mjs:1627:10)\n    at OpenId4VciHolderService$1.resolveCredentialOffer (file:///app/node_modules/@credo-ts/openid4vc/build/openid4vc-holder/OpenId4VciHolderService.mjs:29:46)\n    at OpenId4VcHolderApi$1.resolveCredentialOffer (file:///app/node_modules/@credo-ts/openid4vc/build/openid4vc-holder/OpenId4VcHolderApi.mjs:76:45)\n    at file:///app/dist/issuance.js:16:60\n    at Layer.handle [as handle_request] (/app/node_modules/express/lib/router/layer.js:95:5)\n    at next (/app/node_modules/express/lib/router/route.js:149:13)\n    at Route.dispatch (/app/node_modules/express/lib/router/route.js:119:3)\n    at Layer.handle [as handle_request] (/app/node_modules/express/lib/router/layer.js:95:5)\n    at /app/node_modules/express/lib/router/index.js:284:15&quot;}">tests/flows/test_example_sdjwt.py:93: in test_multiple_credentials_same_holder
    identity = await credential_flow.issue_sd_jwt(
tests/helpers/flow_helpers.py:109: in issue_sd_jwt
    assert credential_response.status_code == 200, (
           ^^^^^^^^^^^^^^^^^^^^^^^^^^^^^^^^^^^^^^
E   AssertionError: Credential issuance failed: {"error":"Failed to accept credential offer","details":"Error parsing credential offer in draft 11, 13 or 14 format extracted from credential offer 'openid-credential-offer://?credential_offer=%7B%22credential_issuer%22%3A%20%22%24%7BOID4VCI_ENDPOINT%3A-http%3A//localhost%3A8022%7D%22%2C%20%22credentials%22%3A%20%5B%22SDJWTCred_bc2f0b1f%22%5D%2C%20%22grants%22%3A%20%7B%22urn%3Aietf%3Aparams%3Aoauth%3Agrant-type%3Apre-authorized_code%22%3A%20%7B%22pre-authorized_code%22%3A%20%22X1a9GjXqO0iqyM2XBWDDIw%22%2C%20%22user_pin_required%22%3A%20false%7D%7D%7D'\n✖ Expected a URL at \"credential_issuer\"\n✖ Url must be an https:// url at \"credential_issuer\"\n✖ Expected array, received undefined at \"credential_configuration_ids\" or Expected a URL at \"credential_issuer\"\n✖ Url must be an https:// url at \"credential_issuer\"","stack":"Error: Error parsing credential offer in draft 11, 13 or 14 format extracted from credential offer 'openid-credential-offer://?credential_offer=%7B%22credential_issuer%22%3A%20%22%24%7BOID4VCI_ENDPOINT%3A-http%3A//localhost%3A8022%7D%22%2C%20%22credentials%22%3A%20%5B%22SDJWTCred_bc2f0b1f%22%5D%2C%20%22grants%22%3A%20%7B%22urn%3Aietf%3Aparams%3Aoauth%3Agrant-type%3Apre-authorized_code%22%3A%20%7B%22pre-authorized_code%22%3A%20%22X1a9GjXqO0iqyM2XBWDDIw%22%2C%20%22user_pin_required%22%3A%20false%7D%7D%7D'\n✖ Expected a URL at \"credential_issuer\"\n✖ Url must be an https:// url at \"credential_issuer\"\n✖ Expected array, received undefined at \"credential_configuration_ids\" or Expected a URL at \"credential_issuer\"\n✖ Url must be an https:// url at \"credential_issuer\"\n    at resolveCredentialOffer (file:///app/node_modules/@openid4vc/openid4vci/dist/index.mjs:89:46)\n    at Openid4vciClient.resolveCredentialOffer (file:///app/node_modules/@openid4vc/openid4vci/dist/index.mjs:1627:10)\n    at OpenId4VciHolderService$1.resolveCredentialOffer (file:///app/node_modules/@credo-ts/openid4vc/build/openid4vc-holder/OpenId4VciHolderService.mjs:29:46)\n    at OpenId4VcHolderApi$1.resolveCredentialOffer (file:///app/node_modules/@credo-ts/openid4vc/build/openid4vc-holder/OpenId4VcHolderApi.mjs:76:45)\n    at file:///app/dist/issuance.js:16:60\n    at Layer.handle [as handle_request] (/app/node_modules/express/lib/router/layer.js:95:5)\n    at next (/app/node_modules/express/lib/router/route.js:149:13)\n    at Route.dispatch (/app/node_modules/express/lib/router/route.js:119:3)\n    at Layer.handle [as handle_request] (/app/node_modules/express/lib/router/layer.js:95:5)\n    at /app/node_modules/express/lib/router/index.js:284:15"}</failure></testcase><testcase classname="tests.flows.test_example_sdjwt.TestSDJWTAlgorithms" name="test_ed25519_algorithm" time="0.136"><failure message="AssertionError: Credential issuance failed: {&quot;error&quot;:&quot;Failed to accept credential offer&quot;,&quot;details&quot;:&quot;Error parsing credential offer in draft 11, 13 or 14 format extracted from credential offer 'openid-credential-offer://?credential_offer=%7B%22credential_issuer%22%3A%20%22%24%7BOID4VCI_ENDPOINT%3A-http%3A//localhost%3A8022%7D%22%2C%20%22credentials%22%3A%20%5B%22SDJWTCred_4ddbb0d0%22%5D%2C%20%22grants%22%3A%20%7B%22urn%3Aietf%3Aparams%3Aoauth%3Agrant-type%3Apre-authorized_code%22%3A%20%7B%22pre-authorized_code%22%3A%20%22OIC5cw6L2ZpDPnR1zATMcQ%22%2C%20%22user_pin_required%22%3A%20false%7D%7D%7D'\n✖ Expected a URL at \&quot;credential_issuer\&quot;\n✖ Url must be an https:// url at \&quot;credential_issuer\&quot;\n✖ Expected array, received undefined at \&quot;credential_configuration_ids\&quot; or Expected a URL at \&quot;credential_issuer\&quot;\n✖ Url must be an https:// url at \&quot;credential_issuer\&quot;&quot;,&quot;stack&quot;:&quot;Error: Error parsing credential offer in draft 11, 13 or 14 format extracted from credential offer 'openid-credential-offer://?credential_offer=%7B%22credential_issuer%22%3A%20%22%24%7BOID4VCI_ENDPOINT%3A-http%3A//localhost%3A8022%7D%22%2C%20%22credentials%22%3A%20%5B%22SDJWTCred_4ddbb0d0%22%5D%2C%20%22grants%22%3A%20%7B%22urn%3Aietf%3Aparams%3Aoauth%3Agrant-type%3Apre-authorized_code%22%3A%20%7B%22pre-authorized_code%22%3A%20%22OIC5cw6L2ZpDPnR1zATMcQ%22%2C%20%22user_pin_required%22%3A%20false%7D%7D%7D'\n✖ Expected a URL at \&quot;credential_issuer\&quot;\n✖ Url must be an https:// url at \&quot;credential_issuer\&quot;\n✖ Expected array, received undefined at \&quot;credential_configuration_ids\&quot; or Expected a URL at \&quot;credential_issuer\&quot;\n✖ Url must be an https:// url at \&quot;credential_issuer\&quot;\n    at resolveCredentialOffer (file:///app/node_modules/@openid4vc/openid4vci/dist/index.mjs:89:46)\n    at Openid4vciClient.resolveCredentialOffer (file:///app/node_modules/@openid4vc/openid4vci/dist/index.mjs:1627:10)\n    at OpenId4VciHolderService$1.resolveCredentialOffer (file:///app/node_modules/@credo-ts/openid4vc/build/openid4vc-holder/OpenId4VciHolderService.mjs:29:46)\n    at OpenId4VcHolderApi$1.resolveCredentialOffer (file:///app/node_modules/@credo-ts/openid4vc/build/openid4vc-holder/OpenId4VcHolderApi.mjs:76:45)\n    at file:///app/dist/issuance.js:16:60\n    at Layer.handle [as handle_request] (/app/node_modules/express/lib/router/layer.js:95:5)\n    at next (/app/node_modules/express/lib/router/route.js:149:13)\n    at Route.dispatch (/app/node_modules/express/lib/router/route.js:119:3)\n    at Layer.handle [as handle_request] (/app/node_modules/express/lib/router/layer.js:95:5)\n    at /app/node_modules/express/lib/router/index.js:284:15&quot;}">tests/flows/test_example_sdjwt.py:138: in test_ed25519_algorithm
    result = await credential_flow.issue_sd_jwt(
tests/helpers/flow_helpers.py:109: in issue_sd_jwt
    assert credential_response.status_code == 200, (
           ^^^^^^^^^^^^^^^^^^^^^^^^^^^^^^^^^^^^^^
E   AssertionError: Credential issuance failed: {"error":"Failed to accept credential offer","details":"Error parsing credential offer in draft 11, 13 or 14 format extracted from credential offer 'openid-credential-offer://?credential_offer=%7B%22credential_issuer%22%3A%20%22%24%7BOID4VCI_ENDPOINT%3A-http%3A//localhost%3A8022%7D%22%2C%20%22credentials%22%3A%20%5B%22SDJWTCred_4ddbb0d0%22%5D%2C%20%22grants%22%3A%20%7B%22urn%3Aietf%3Aparams%3Aoauth%3Agrant-type%3Apre-authorized_code%22%3A%20%7B%22pre-authorized_code%22%3A%20%22OIC5cw6L2ZpDPnR1zATMcQ%22%2C%20%22user_pin_required%22%3A%20false%7D%7D%7D'\n✖ Expected a URL at \"credential_issuer\"\n✖ Url must be an https:// url at \"credential_issuer\"\n✖ Expected array, received undefined at \"credential_configuration_ids\" or Expected a URL at \"credential_issuer\"\n✖ Url must be an https:// url at \"credential_issuer\"","stack":"Error: Error parsing credential offer in draft 11, 13 or 14 format extracted from credential offer 'openid-credential-offer://?credential_offer=%7B%22credential_issuer%22%3A%20%22%24%7BOID4VCI_ENDPOINT%3A-http%3A//localhost%3A8022%7D%22%2C%20%22credentials%22%3A%20%5B%22SDJWTCred_4ddbb0d0%22%5D%2C%20%22grants%22%3A%20%7B%22urn%3Aietf%3Aparams%3Aoauth%3Agrant-type%3Apre-authorized_code%22%3A%20%7B%22pre-authorized_code%22%3A%20%22OIC5cw6L2ZpDPnR1zATMcQ%22%2C%20%22user_pin_required%22%3A%20false%7D%7D%7D'\n✖ Expected a URL at \"credential_issuer\"\n✖ Url must be an https:// url at \"credential_issuer\"\n✖ Expected array, received undefined at \"credential_configuration_ids\" or Expected a URL at \"credential_issuer\"\n✖ Url must be an https:// url at \"credential_issuer\"\n    at resolveCredentialOffer (file:///app/node_modules/@openid4vc/openid4vci/dist/index.mjs:89:46)\n    at Openid4vciClient.resolveCredentialOffer (file:///app/node_modules/@openid4vc/openid4vci/dist/index.mjs:1627:10)\n    at OpenId4VciHolderService$1.resolveCredentialOffer (file:///app/node_modules/@credo-ts/openid4vc/build/openid4vc-holder/OpenId4VciHolderService.mjs:29:46)\n    at OpenId4VcHolderApi$1.resolveCredentialOffer (file:///app/node_modules/@credo-ts/openid4vc/build/openid4vc-holder/OpenId4VcHolderApi.mjs:76:45)\n    at file:///app/dist/issuance.js:16:60\n    at Layer.handle [as handle_request] (/app/node_modules/express/lib/router/layer.js:95:5)\n    at next (/app/node_modules/express/lib/router/route.js:149:13)\n    at Route.dispatch (/app/node_modules/express/lib/router/route.js:119:3)\n    at Layer.handle [as handle_request] (/app/node_modules/express/lib/router/layer.js:95:5)\n    at /app/node_modules/express/lib/router/index.js:284:15"}</failure></testcase><testcase classname="tests.flows.test_example_sdjwt.TestSDJWTErrors" name="test_invalid_vct_rejected" time="0.133"><failure message="AssertionError: Credential issuance failed: {&quot;error&quot;:&quot;Failed to accept credential offer&quot;,&quot;details&quot;:&quot;Error parsing credential offer in draft 11, 13 or 14 format extracted from credential offer 'openid-credential-offer://?credential_offer=%7B%22credential_issuer%22%3A%20%22%24%7BOID4VCI_ENDPOINT%3A-http%3A//localhost%3A8022%7D%22%2C%20%22credentials%22%3A%20%5B%22SDJWTCred_be040fc2%22%5D%2C%20%22grants%22%3A%20%7B%22urn%3Aietf%3Aparams%3Aoauth%3Agrant-type%3Apre-authorized_code%22%3A%20%7B%22pre-authorized_code%22%3A%20%22TvHqY3ZokfMCnj2jwUji1A%22%2C%20%22user_pin_required%22%3A%20false%7D%7D%7D'\n✖ Expected a URL at \&quot;credential_issuer\&quot;\n✖ Url must be an https:// url at \&quot;credential_issuer\&quot;\n✖ Expected array, received undefined at \&quot;credential_configuration_ids\&quot; or Expected a URL at \&quot;credential_issuer\&quot;\n✖ Url must be an https:// url at \&quot;credential_issuer\&quot;&quot;,&quot;stack&quot;:&quot;Error: Error parsing credential offer in draft 11, 13 or 14 format extracted from credential offer 'openid-credential-offer://?credential_offer=%7B%22credential_issuer%22%3A%20%22%24%7BOID4VCI_ENDPOINT%3A-http%3A//localhost%3A8022%7D%22%2C%20%22credentials%22%3A%20%5B%22SDJWTCred_be040fc2%22%5D%2C%20%22grants%22%3A%20%7B%22urn%3Aietf%3Aparams%3Aoauth%3Agrant-type%3Apre-authorized_code%22%3A%20%7B%22pre-authorized_code%22%3A%20%22TvHqY3ZokfMCnj2jwUji1A%22%2C%20%22user_pin_required%22%3A%20false%7D%7D%7D'\n✖ Expected a URL at \&quot;credential_issuer\&quot;\n✖ Url must be an https:// url at \&quot;credential_issuer\&quot;\n✖ Expected array, received undefined at \&quot;credential_configuration_ids\&quot; or Expected a URL at \&quot;credential_issuer\&quot;\n✖ Url must be an https:// url at \&quot;credential_issuer\&quot;\n    at resolveCredentialOffer (file:///app/node_modules/@openid4vc/openid4vci/dist/index.mjs:89:46)\n    at Openid4vciClient.resolveCredentialOffer (file:///app/node_modules/@openid4vc/openid4vci/dist/index.mjs:1627:10)\n    at OpenId4VciHolderService$1.resolveCredentialOffer (file:///app/node_modules/@credo-ts/openid4vc/build/openid4vc-holder/OpenId4VciHolderService.mjs:29:46)\n    at OpenId4VcHolderApi$1.resolveCredentialOffer (file:///app/node_modules/@credo-ts/openid4vc/build/openid4vc-holder/OpenId4VcHolderApi.mjs:76:45)\n    at file:///app/dist/issuance.js:16:60\n    at Layer.handle [as handle_request] (/app/node_modules/express/lib/router/layer.js:95:5)\n    at next (/app/node_modules/express/lib/router/route.js:149:13)\n    at Route.dispatch (/app/node_modules/express/lib/router/route.js:119:3)\n    at Layer.handle [as handle_request] (/app/node_modules/express/lib/router/layer.js:95:5)\n    at /app/node_modules/express/lib/router/index.js:284:15&quot;}">tests/flows/test_example_sdjwt.py:160: in test_invalid_vct_rejected
    result = await credential_flow.issue_sd_jwt(
tests/helpers/flow_helpers.py:109: in issue_sd_jwt
    assert credential_response.status_code == 200, (
           ^^^^^^^^^^^^^^^^^^^^^^^^^^^^^^^^^^^^^^
E   AssertionError: Credential issuance failed: {"error":"Failed to accept credential offer","details":"Error parsing credential offer in draft 11, 13 or 14 format extracted from credential offer 'openid-credential-offer://?credential_offer=%7B%22credential_issuer%22%3A%20%22%24%7BOID4VCI_ENDPOINT%3A-http%3A//localhost%3A8022%7D%22%2C%20%22credentials%22%3A%20%5B%22SDJWTCred_be040fc2%22%5D%2C%20%22grants%22%3A%20%7B%22urn%3Aietf%3Aparams%3Aoauth%3Agrant-type%3Apre-authorized_code%22%3A%20%7B%22pre-authorized_code%22%3A%20%22TvHqY3ZokfMCnj2jwUji1A%22%2C%20%22user_pin_required%22%3A%20false%7D%7D%7D'\n✖ Expected a URL at \"credential_issuer\"\n✖ Url must be an https:// url at \"credential_issuer\"\n✖ Expected array, received undefined at \"credential_configuration_ids\" or Expected a URL at \"credential_issuer\"\n✖ Url must be an https:// url at \"credential_issuer\"","stack":"Error: Error parsing credential offer in draft 11, 13 or 14 format extracted from credential offer 'openid-credential-offer://?credential_offer=%7B%22credential_issuer%22%3A%20%22%24%7BOID4VCI_ENDPOINT%3A-http%3A//localhost%3A8022%7D%22%2C%20%22credentials%22%3A%20%5B%22SDJWTCred_be040fc2%22%5D%2C%20%22grants%22%3A%20%7B%22urn%3Aietf%3Aparams%3Aoauth%3Agrant-type%3Apre-authorized_code%22%3A%20%7B%22pre-authorized_code%22%3A%20%22TvHqY3ZokfMCnj2jwUji1A%22%2C%20%22user_pin_required%22%3A%20false%7D%7D%7D'\n✖ Expected a URL at \"credential_issuer\"\n✖ Url must be an https:// url at \"credential_issuer\"\n✖ Expected array, received undefined at \"credential_configuration_ids\" or Expected a URL at \"credential_issuer\"\n✖ Url must be an https:// url at \"credential_issuer\"\n    at resolveCredentialOffer (file:///app/node_modules/@openid4vc/openid4vci/dist/index.mjs:89:46)\n    at Openid4vciClient.resolveCredentialOffer (file:///app/node_modules/@openid4vc/openid4vci/dist/index.mjs:1627:10)\n    at OpenId4VciHolderService$1.resolveCredentialOffer (file:///app/node_modules/@credo-ts/openid4vc/build/openid4vc-holder/OpenId4VciHolderService.mjs:29:46)\n    at OpenId4VcHolderApi$1.resolveCredentialOffer (file:///app/node_modules/@credo-ts/openid4vc/build/openid4vc-holder/OpenId4VcHolderApi.mjs:76:45)\n    at file:///app/dist/issuance.js:16:60\n    at Layer.handle [as handle_request] (/app/node_modules/express/lib/router/layer.js:95:5)\n    at next (/app/node_modules/express/lib/router/route.js:149:13)\n    at Route.dispatch (/app/node_modules/express/lib/router/route.js:119:3)\n    at Layer.handle [as handle_request] (/app/node_modules/express/lib/router/layer.js:95:5)\n    at /app/node_modules/express/lib/router/index.js:284:15"}</failure></testcase><testcase classname="tests.flows.test_pre_auth_code_flow" name="test_pre_auth_code_flow_ed25519" time="0.115"><failure message="KeyError: 'credential_offer'">tests/flows/test_pre_auth_code_flow.py:17: in test_pre_auth_code_flow_ed25519
    await test_client.receive_offer(offer["credential_offer"], did)
oid4vci_client/client.py:169: in receive_offer
    offer = CredentialOffer.from_dict(offer_in)
            ^^^^^^^^^^^^^^^^^^^^^^^^^^^^^^^^^^^
oid4vci_client/client.py:49: in from_dict
    offer = value["credential_offer"]
            ^^^^^^^^^^^^^^^^^^^^^^^^^
E   KeyError: 'credential_offer'</failure></testcase><testcase classname="tests.flows.test_pre_auth_code_flow" name="test_pre_auth_code_flow_secp256k1" time="0.088"><failure message="KeyError: 'credential_offer'">tests/flows/test_pre_auth_code_flow.py:24: in test_pre_auth_code_flow_secp256k1
    await test_client.receive_offer(offer["credential_offer"], did)
oid4vci_client/client.py:169: in receive_offer
    offer = CredentialOffer.from_dict(offer_in)
            ^^^^^^^^^^^^^^^^^^^^^^^^^^^^^^^^^^^
oid4vci_client/client.py:49: in from_dict
    offer = value["credential_offer"]
            ^^^^^^^^^^^^^^^^^^^^^^^^^
E   KeyError: 'credential_offer'</failure></testcase><testcase classname="tests.mdoc.test_credo_mdoc_interop.TestCredoMdocInterop" name="test_mdoc_issuance_did_based" time="0.059"><failure message="AttributeError: 'TestCredoMdocInterop' object has no attribute 'random_id'">tests/mdoc/test_credo_mdoc_interop.py:48: in test_mdoc_issuance_did_based
    "id": f"mDL_{self.random_id()}",
                 ^^^^^^^^^^^^^^
E   AttributeError: 'TestCredoMdocInterop' object has no attribute 'random_id'</failure></testcase><testcase classname="tests.mdoc.test_credo_mdoc_interop.TestCredoMdocInterop" name="test_mdoc_selective_disclosure" time="0.125"><error message="failed on setup with &quot;httpx.HTTPStatusError: Client error '404 Not Found' for url 'http://acapy-issuer:8021/mso_mdoc/certificates?include_pem=true'&#10;For more information check: https://developer.mozilla.org/en-US/docs/Web/HTTP/Status/404&quot;">tests/conftest.py:388: in setup_issuer_certs
    default_cert = await acapy_issuer_admin.get("/mso_mdoc/certificates/default")
                   ^^^^^^^^^^^^^^^^^^^^^^^^^^^^^^^^^^^^^^^^^^^^^^^^^^^^^^^^^^^^^^
acapy_controller.py:24: in get
    response.raise_for_status()
.venv/lib/python3.12/site-packages/httpx/_models.py:829: in raise_for_status
    raise HTTPStatusError(message, request=request, response=self)
E   httpx.HTTPStatusError: Client error '404 Not Found' for url 'http://acapy-issuer:8021/mso_mdoc/certificates/default'
E   For more information check: https://developer.mozilla.org/en-US/docs/Web/HTTP/Status/404

During handling of the above exception, another exception occurred:
.venv/lib/python3.12/site-packages/pytest_asyncio/plugin.py:463: in setup
    return super().setup()
           ^^^^^^^^^^^^^^^
.venv/lib/python3.12/site-packages/pytest_asyncio/plugin.py:748: in pytest_fixture_setup
    hook_result = yield
                  ^^^^^
.venv/lib/python3.12/site-packages/pytest_asyncio/plugin.py:318: in _asyncgen_fixture_wrapper
    result = runner.run(setup(), context=context)
             ^^^^^^^^^^^^^^^^^^^^^^^^^^^^^^^^^^^^
/usr/local/lib/python3.12/asyncio/runners.py:118: in run
    return self._loop.run_until_complete(task)
           ^^^^^^^^^^^^^^^^^^^^^^^^^^^^^^^^^^^
/usr/local/lib/python3.12/asyncio/base_events.py:691: in run_until_complete
    return future.result()
           ^^^^^^^^^^^^^^^
.venv/lib/python3.12/site-packages/pytest_asyncio/plugin.py:314: in setup
    res = await gen_obj.__anext__()
          ^^^^^^^^^^^^^^^^^^^^^^^^^
tests/conftest.py:403: in setup_issuer_certs
    certs_response = await acapy_issuer_admin.get(
acapy_controller.py:24: in get
    response.raise_for_status()
.venv/lib/python3.12/site-packages/httpx/_models.py:829: in raise_for_status
    raise HTTPStatusError(message, request=request, response=self)
E   httpx.HTTPStatusError: Client error '404 Not Found' for url 'http://acapy-issuer:8021/mso_mdoc/certificates?include_pem=true'
E   For more information check: https://developer.mozilla.org/en-US/docs/Web/HTTP/Status/404</error></testcase><testcase classname="tests.mdoc.test_credo_mdoc_interop.TestCredoMdocInterop" name="test_mdoc_age_predicate_no_birth_date" time="0.105"><error message="failed on setup with &quot;httpx.HTTPStatusError: Client error '404 Not Found' for url 'http://acapy-issuer:8021/mso_mdoc/certificates?include_pem=true'&#10;For more information check: https://developer.mozilla.org/en-US/docs/Web/HTTP/Status/404&quot;">tests/conftest.py:388: in setup_issuer_certs
    default_cert = await acapy_issuer_admin.get("/mso_mdoc/certificates/default")
                   ^^^^^^^^^^^^^^^^^^^^^^^^^^^^^^^^^^^^^^^^^^^^^^^^^^^^^^^^^^^^^^
acapy_controller.py:24: in get
    response.raise_for_status()
.venv/lib/python3.12/site-packages/httpx/_models.py:829: in raise_for_status
    raise HTTPStatusError(message, request=request, response=self)
E   httpx.HTTPStatusError: Client error '404 Not Found' for url 'http://acapy-issuer:8021/mso_mdoc/certificates/default'
E   For more information check: https://developer.mozilla.org/en-US/docs/Web/HTTP/Status/404

During handling of the above exception, another exception occurred:
.venv/lib/python3.12/site-packages/pytest_asyncio/plugin.py:463: in setup
    return super().setup()
           ^^^^^^^^^^^^^^^
.venv/lib/python3.12/site-packages/pytest_asyncio/plugin.py:748: in pytest_fixture_setup
    hook_result = yield
                  ^^^^^
.venv/lib/python3.12/site-packages/pytest_asyncio/plugin.py:318: in _asyncgen_fixture_wrapper
    result = runner.run(setup(), context=context)
             ^^^^^^^^^^^^^^^^^^^^^^^^^^^^^^^^^^^^
/usr/local/lib/python3.12/asyncio/runners.py:118: in run
    return self._loop.run_until_complete(task)
           ^^^^^^^^^^^^^^^^^^^^^^^^^^^^^^^^^^^
/usr/local/lib/python3.12/asyncio/base_events.py:691: in run_until_complete
    return future.result()
           ^^^^^^^^^^^^^^^
.venv/lib/python3.12/site-packages/pytest_asyncio/plugin.py:314: in setup
    res = await gen_obj.__anext__()
          ^^^^^^^^^^^^^^^^^^^^^^^^^
tests/conftest.py:403: in setup_issuer_certs
    certs_response = await acapy_issuer_admin.get(
acapy_controller.py:24: in get
    response.raise_for_status()
.venv/lib/python3.12/site-packages/httpx/_models.py:829: in raise_for_status
    raise HTTPStatusError(message, request=request, response=self)
E   httpx.HTTPStatusError: Client error '404 Not Found' for url 'http://acapy-issuer:8021/mso_mdoc/certificates?include_pem=true'
E   For more information check: https://developer.mozilla.org/en-US/docs/Web/HTTP/Status/404</error></testcase><testcase classname="tests.mdoc.test_example_mdoc.TestMdocFlow" name="test_issue_and_verify_mdl" time="0.235"><error message="failed on setup with &quot;httpx.HTTPStatusError: Client error '404 Not Found' for url 'http://acapy-issuer:8021/mso_mdoc/certificates?include_pem=true'&#10;For more information check: https://developer.mozilla.org/en-US/docs/Web/HTTP/Status/404&quot;">tests/conftest.py:388: in setup_issuer_certs
    default_cert = await acapy_issuer_admin.get("/mso_mdoc/certificates/default")
                   ^^^^^^^^^^^^^^^^^^^^^^^^^^^^^^^^^^^^^^^^^^^^^^^^^^^^^^^^^^^^^^
acapy_controller.py:24: in get
    response.raise_for_status()
.venv/lib/python3.12/site-packages/httpx/_models.py:829: in raise_for_status
    raise HTTPStatusError(message, request=request, response=self)
E   httpx.HTTPStatusError: Client error '404 Not Found' for url 'http://acapy-issuer:8021/mso_mdoc/certificates/default'
E   For more information check: https://developer.mozilla.org/en-US/docs/Web/HTTP/Status/404

During handling of the above exception, another exception occurred:
.venv/lib/python3.12/site-packages/pytest_asyncio/plugin.py:463: in setup
    return super().setup()
           ^^^^^^^^^^^^^^^
.venv/lib/python3.12/site-packages/pytest_asyncio/plugin.py:748: in pytest_fixture_setup
    hook_result = yield
                  ^^^^^
.venv/lib/python3.12/site-packages/pytest_asyncio/plugin.py:318: in _asyncgen_fixture_wrapper
    result = runner.run(setup(), context=context)
             ^^^^^^^^^^^^^^^^^^^^^^^^^^^^^^^^^^^^
/usr/local/lib/python3.12/asyncio/runners.py:118: in run
    return self._loop.run_until_complete(task)
           ^^^^^^^^^^^^^^^^^^^^^^^^^^^^^^^^^^^
/usr/local/lib/python3.12/asyncio/base_events.py:691: in run_until_complete
    return future.result()
           ^^^^^^^^^^^^^^^
.venv/lib/python3.12/site-packages/pytest_asyncio/plugin.py:314: in setup
    res = await gen_obj.__anext__()
          ^^^^^^^^^^^^^^^^^^^^^^^^^
tests/conftest.py:403: in setup_issuer_certs
    certs_response = await acapy_issuer_admin.get(
acapy_controller.py:24: in get
    response.raise_for_status()
.venv/lib/python3.12/site-packages/httpx/_models.py:829: in raise_for_status
    raise HTTPStatusError(message, request=request, response=self)
E   httpx.HTTPStatusError: Client error '404 Not Found' for url 'http://acapy-issuer:8021/mso_mdoc/certificates?include_pem=true'
E   For more information check: https://developer.mozilla.org/en-US/docs/Web/HTTP/Status/404</error></testcase><testcase classname="tests.mdoc.test_example_mdoc.TestMdocFlow" name="test_mdoc_selective_disclosure" time="0.087"><error message="failed on setup with &quot;httpx.HTTPStatusError: Client error '404 Not Found' for url 'http://acapy-issuer:8021/mso_mdoc/certificates?include_pem=true'&#10;For more information check: https://developer.mozilla.org/en-US/docs/Web/HTTP/Status/404&quot;">tests/conftest.py:388: in setup_issuer_certs
    default_cert = await acapy_issuer_admin.get("/mso_mdoc/certificates/default")
                   ^^^^^^^^^^^^^^^^^^^^^^^^^^^^^^^^^^^^^^^^^^^^^^^^^^^^^^^^^^^^^^
acapy_controller.py:24: in get
    response.raise_for_status()
.venv/lib/python3.12/site-packages/httpx/_models.py:829: in raise_for_status
    raise HTTPStatusError(message, request=request, response=self)
E   httpx.HTTPStatusError: Client error '404 Not Found' for url 'http://acapy-issuer:8021/mso_mdoc/certificates/default'
E   For more information check: https://developer.mozilla.org/en-US/docs/Web/HTTP/Status/404

During handling of the above exception, another exception occurred:
.venv/lib/python3.12/site-packages/pytest_asyncio/plugin.py:463: in setup
    return super().setup()
           ^^^^^^^^^^^^^^^
.venv/lib/python3.12/site-packages/pytest_asyncio/plugin.py:748: in pytest_fixture_setup
    hook_result = yield
                  ^^^^^
.venv/lib/python3.12/site-packages/pytest_asyncio/plugin.py:318: in _asyncgen_fixture_wrapper
    result = runner.run(setup(), context=context)
             ^^^^^^^^^^^^^^^^^^^^^^^^^^^^^^^^^^^^
/usr/local/lib/python3.12/asyncio/runners.py:118: in run
    return self._loop.run_until_complete(task)
           ^^^^^^^^^^^^^^^^^^^^^^^^^^^^^^^^^^^
/usr/local/lib/python3.12/asyncio/base_events.py:691: in run_until_complete
    return future.result()
           ^^^^^^^^^^^^^^^
.venv/lib/python3.12/site-packages/pytest_asyncio/plugin.py:314: in setup
    res = await gen_obj.__anext__()
          ^^^^^^^^^^^^^^^^^^^^^^^^^
tests/conftest.py:403: in setup_issuer_certs
    certs_response = await acapy_issuer_admin.get(
acapy_controller.py:24: in get
    response.raise_for_status()
.venv/lib/python3.12/site-packages/httpx/_models.py:829: in raise_for_status
    raise HTTPStatusError(message, request=request, response=self)
E   httpx.HTTPStatusError: Client error '404 Not Found' for url 'http://acapy-issuer:8021/mso_mdoc/certificates?include_pem=true'
E   For more information check: https://developer.mozilla.org/en-US/docs/Web/HTTP/Status/404</error></testcase><testcase classname="tests.mdoc.test_example_mdoc.TestMdocAgePredicates" name="test_age_over_18_without_revealing_birthdate" time="0.152"><error message="failed on setup with &quot;httpx.HTTPStatusError: Client error '404 Not Found' for url 'http://acapy-issuer:8021/mso_mdoc/certificates?include_pem=true'&#10;For more information check: https://developer.mozilla.org/en-US/docs/Web/HTTP/Status/404&quot;">tests/conftest.py:388: in setup_issuer_certs
    default_cert = await acapy_issuer_admin.get("/mso_mdoc/certificates/default")
                   ^^^^^^^^^^^^^^^^^^^^^^^^^^^^^^^^^^^^^^^^^^^^^^^^^^^^^^^^^^^^^^
acapy_controller.py:24: in get
    response.raise_for_status()
.venv/lib/python3.12/site-packages/httpx/_models.py:829: in raise_for_status
    raise HTTPStatusError(message, request=request, response=self)
E   httpx.HTTPStatusError: Client error '404 Not Found' for url 'http://acapy-issuer:8021/mso_mdoc/certificates/default'
E   For more information check: https://developer.mozilla.org/en-US/docs/Web/HTTP/Status/404

During handling of the above exception, another exception occurred:
.venv/lib/python3.12/site-packages/pytest_asyncio/plugin.py:463: in setup
    return super().setup()
           ^^^^^^^^^^^^^^^
.venv/lib/python3.12/site-packages/pytest_asyncio/plugin.py:748: in pytest_fixture_setup
    hook_result = yield
                  ^^^^^
.venv/lib/python3.12/site-packages/pytest_asyncio/plugin.py:318: in _asyncgen_fixture_wrapper
    result = runner.run(setup(), context=context)
             ^^^^^^^^^^^^^^^^^^^^^^^^^^^^^^^^^^^^
/usr/local/lib/python3.12/asyncio/runners.py:118: in run
    return self._loop.run_until_complete(task)
           ^^^^^^^^^^^^^^^^^^^^^^^^^^^^^^^^^^^
/usr/local/lib/python3.12/asyncio/base_events.py:691: in run_until_complete
    return future.result()
           ^^^^^^^^^^^^^^^
.venv/lib/python3.12/site-packages/pytest_asyncio/plugin.py:314: in setup
    res = await gen_obj.__anext__()
          ^^^^^^^^^^^^^^^^^^^^^^^^^
tests/conftest.py:403: in setup_issuer_certs
    certs_response = await acapy_issuer_admin.get(
acapy_controller.py:24: in get
    response.raise_for_status()
.venv/lib/python3.12/site-packages/httpx/_models.py:829: in raise_for_status
    raise HTTPStatusError(message, request=request, response=self)
E   httpx.HTTPStatusError: Client error '404 Not Found' for url 'http://acapy-issuer:8021/mso_mdoc/certificates?include_pem=true'
E   For more information check: https://developer.mozilla.org/en-US/docs/Web/HTTP/Status/404</error></testcase><testcase classname="tests.mdoc.test_mdoc_age_predicates.TestMdocAgePredicates" name="test_age_over_18_with_birth_date" time="0.064"><failure message="httpx.HTTPStatusError: Server error '500 Internal Server Error' for url 'http://acapy-issuer:8021/oid4vci/credential-supported/create'&#10;For more information check: https://developer.mozilla.org/en-US/docs/Web/HTTP/Status/500">tests/mdoc/test_mdoc_age_predicates.py:82: in test_age_over_18_with_birth_date
    config_response = await acapy_issuer_admin.post(
acapy_controller.py:33: in post
    response.raise_for_status()
.venv/lib/python3.12/site-packages/httpx/_models.py:829: in raise_for_status
    raise HTTPStatusError(message, request=request, response=self)
E   httpx.HTTPStatusError: Server error '500 Internal Server Error' for url 'http://acapy-issuer:8021/oid4vci/credential-supported/create'
E   For more information check: https://developer.mozilla.org/en-US/docs/Web/HTTP/Status/500</failure></testcase><testcase classname="tests.mdoc.test_mdoc_age_predicates.TestMdocAgePredicates" name="test_age_over_without_birth_date_disclosure" time="0.022"><failure message="httpx.HTTPStatusError: Client error '422 {'json': {'credentials': {0: {'meta': {'doctype_value': ['Unknown field.']}}}}}' for url 'http://acapy-verifier:8031/oid4vp/dcql/queries'&#10;For more information check: https://developer.mozilla.org/en-US/docs/Web/HTTP/Status/422">tests/mdoc/test_mdoc_age_predicates.py:171: in test_age_over_without_birth_date_disclosure
    dcql_response = await acapy_verifier_admin.post(
acapy_controller.py:33: in post
    response.raise_for_status()
.venv/lib/python3.12/site-packages/httpx/_models.py:829: in raise_for_status
    raise HTTPStatusError(message, request=request, response=self)
E   httpx.HTTPStatusError: Client error '422 {'json': {'credentials': {0: {'meta': {'doctype_value': ['Unknown field.']}}}}}' for url 'http://acapy-verifier:8031/oid4vp/dcql/queries'
E   For more information check: https://developer.mozilla.org/en-US/docs/Web/HTTP/Status/422</failure></testcase><testcase classname="tests.mdoc.test_mdoc_age_predicates.TestMdocAgePredicates" name="test_multiple_age_predicates" time="0.022"><failure message="httpx.HTTPStatusError: Client error '422 {'json': {'credentials': {0: {'meta': {'doctype_value': ['Unknown field.']}}}}}' for url 'http://acapy-verifier:8031/oid4vp/dcql/queries'&#10;For more information check: https://developer.mozilla.org/en-US/docs/Web/HTTP/Status/422">tests/mdoc/test_mdoc_age_predicates.py:214: in test_multiple_age_predicates
    dcql_response = await acapy_verifier_admin.post(
acapy_controller.py:33: in post
    response.raise_for_status()
.venv/lib/python3.12/site-packages/httpx/_models.py:829: in raise_for_status
    raise HTTPStatusError(message, request=request, response=self)
E   httpx.HTTPStatusError: Client error '422 {'json': {'credentials': {0: {'meta': {'doctype_value': ['Unknown field.']}}}}}' for url 'http://acapy-verifier:8031/oid4vp/dcql/queries'
E   For more information check: https://developer.mozilla.org/en-US/docs/Web/HTTP/Status/422</failure></testcase><testcase classname="tests.mdoc.test_mdoc_age_predicates.TestMdocAgePredicates" name="test_age_predicate_values" time="0.025"><failure message="httpx.HTTPStatusError: Server error '500 Internal Server Error' for url 'http://acapy-issuer:8021/oid4vci/credential-supported/create'&#10;For more information check: https://developer.mozilla.org/en-US/docs/Web/HTTP/Status/500">tests/mdoc/test_mdoc_age_predicates.py:263: in test_age_predicate_values
    await acapy_issuer_admin.post(
acapy_controller.py:33: in post
    response.raise_for_status()
.venv/lib/python3.12/site-packages/httpx/_models.py:829: in raise_for_status
    raise HTTPStatusError(message, request=request, response=self)
E   httpx.HTTPStatusError: Server error '500 Internal Server Error' for url 'http://acapy-issuer:8021/oid4vci/credential-supported/create'
E   For more information check: https://developer.mozilla.org/en-US/docs/Web/HTTP/Status/500</failure></testcase><testcase classname="tests.mdoc.test_mdoc_age_predicates.TestMdocAamvaAgePredicates" name="test_aamva_age_predicates" time="0.022"><failure message="httpx.HTTPStatusError: Client error '422 {'json': {'credentials': {0: {'meta': {'doctype_value': ['Unknown field.']}}}}}' for url 'http://acapy-verifier:8031/oid4vp/dcql/queries'&#10;For more information check: https://developer.mozilla.org/en-US/docs/Web/HTTP/Status/422">tests/mdoc/test_mdoc_age_predicates.py:334: in test_aamva_age_predicates
    dcql_response = await acapy_verifier_admin.post(
acapy_controller.py:33: in post
    response.raise_for_status()
.venv/lib/python3.12/site-packages/httpx/_models.py:829: in raise_for_status
    raise HTTPStatusError(message, request=request, response=self)
E   httpx.HTTPStatusError: Client error '422 {'json': {'credentials': {0: {'meta': {'doctype_value': ['Unknown field.']}}}}}' for url 'http://acapy-verifier:8031/oid4vp/dcql/queries'
E   For more information check: https://developer.mozilla.org/en-US/docs/Web/HTTP/Status/422</failure></testcase><testcase classname="tests.mdoc.test_mdoc_age_predicates.TestMdocAgePredicateEdgeCases" name="test_age_boundary_exactly_18" time="0.000" /><testcase classname="tests.mdoc.test_mdoc_age_predicates.TestMdocAgePredicateEdgeCases" name="test_age_boundary_one_day_before_18" time="0.000" /><testcase classname="tests.mdoc.test_mdoc_age_predicates.TestMdocAgePredicateEdgeCases" name="test_age_predicate_leap_year_birthday" time="0.000" /><testcase classname="tests.mdoc.test_oid4vc_mdoc_compliance.TestOID4VCMdocCompliance" name="test_mdoc_credential_issuer_metadata" time="0.000"><skipped type="pytest.skip" message="Legacy test needing refactor">/usr/src/app/tests/mdoc/test_oid4vc_mdoc_compliance.py:30: Legacy test needing refactor</skipped></testcase><testcase classname="tests.mdoc.test_oid4vc_mdoc_compliance.TestOID4VCMdocCompliance" name="test_mdoc_credential_request_flow" time="0.000"><skipped type="pytest.skip" message="Legacy test needing refactor">/usr/src/app/tests/mdoc/test_oid4vc_mdoc_compliance.py:82: Legacy test needing refactor</skipped></testcase><testcase classname="tests.mdoc.test_oid4vc_mdoc_compliance.TestOID4VCMdocCompliance" name="test_mdoc_presentation_workflow" time="0.000"><skipped type="pytest.skip" message="Legacy test needing refactor">/usr/src/app/tests/mdoc/test_oid4vc_mdoc_compliance.py:196: Legacy test needing refactor</skipped></testcase><testcase classname="tests.mdoc.test_oid4vc_mdoc_compliance.TestOID4VCMdocCompliance" name="test_mdoc_interoperability_reader_sessions" time="0.000"><skipped type="pytest.skip" message="Legacy test needing refactor">/usr/src/app/tests/mdoc/test_oid4vc_mdoc_compliance.py:275: Legacy test needing refactor</skipped></testcase><testcase classname="tests.mdoc.test_pki" name="test_mdoc_pki_trust_chain" time="0.070"><error message="failed on setup with &quot;httpx.HTTPStatusError: Client error '404 Not Found' for url 'http://acapy-verifier:8031/mso_mdoc/trust-anchors'&#10;For more information check: https://developer.mozilla.org/en-US/docs/Web/HTTP/Status/404&quot;">tests/conftest.py:555: in setup_pki_chain_trust_anchor
    result = await acapy_verifier_admin.post(
acapy_controller.py:33: in post
    response.raise_for_status()
.venv/lib/python3.12/site-packages/httpx/_models.py:829: in raise_for_status
    raise HTTPStatusError(message, request=request, response=self)
E   httpx.HTTPStatusError: Client error '404 Not Found' for url 'http://acapy-verifier:8031/mso_mdoc/trust-anchors'
E   For more information check: https://developer.mozilla.org/en-US/docs/Web/HTTP/Status/404

During handling of the above exception, another exception occurred:
.venv/lib/python3.12/site-packages/pytest_asyncio/plugin.py:463: in setup
    return super().setup()
           ^^^^^^^^^^^^^^^
.venv/lib/python3.12/site-packages/pytest_asyncio/plugin.py:748: in pytest_fixture_setup
    hook_result = yield
                  ^^^^^
.venv/lib/python3.12/site-packages/pytest_asyncio/plugin.py:318: in _asyncgen_fixture_wrapper
    result = runner.run(setup(), context=context)
             ^^^^^^^^^^^^^^^^^^^^^^^^^^^^^^^^^^^^
/usr/local/lib/python3.12/asyncio/runners.py:118: in run
    return self._loop.run_until_complete(task)
           ^^^^^^^^^^^^^^^^^^^^^^^^^^^^^^^^^^^
/usr/local/lib/python3.12/asyncio/base_events.py:691: in run_until_complete
    return future.result()
           ^^^^^^^^^^^^^^^
.venv/lib/python3.12/site-packages/pytest_asyncio/plugin.py:314: in setup
    res = await gen_obj.__anext__()
          ^^^^^^^^^^^^^^^^^^^^^^^^^
tests/conftest.py:578: in setup_pki_chain_trust_anchor
    anchors = await acapy_verifier_admin.get("/mso_mdoc/trust-anchors")
              ^^^^^^^^^^^^^^^^^^^^^^^^^^^^^^^^^^^^^^^^^^^^^^^^^^^^^^^^^
acapy_controller.py:24: in get
    response.raise_for_status()
.venv/lib/python3.12/site-packages/httpx/_models.py:829: in raise_for_status
    raise HTTPStatusError(message, request=request, response=self)
E   httpx.HTTPStatusError: Client error '404 Not Found' for url 'http://acapy-verifier:8031/mso_mdoc/trust-anchors'
E   For more information check: https://developer.mozilla.org/en-US/docs/Web/HTTP/Status/404</error></testcase><testcase classname="tests.mdoc.test_trust_anchor_validation.TestTrustAnchorManagement" name="test_create_trust_anchor" time="0.022"><failure message="assert 404 in [200, 201]&#10; +  where 404 = &lt;Response [404 Not Found]&gt;.status_code">tests/mdoc/test_trust_anchor_validation.py:72: in test_create_trust_anchor
    assert response.status_code in [200, 201]
E   assert 404 in [200, 201]
E    +  where 404 = &lt;Response [404 Not Found]&gt;.status_code</failure></testcase><testcase classname="tests.mdoc.test_trust_anchor_validation.TestTrustAnchorManagement" name="test_get_trust_anchor" time="0.021"><skipped type="pytest.skip" message="Trust anchor creation endpoint not available">/usr/src/app/tests/mdoc/test_trust_anchor_validation.py:91: Trust anchor creation endpoint not available</skipped></testcase><testcase classname="tests.mdoc.test_trust_anchor_validation.TestTrustAnchorManagement" name="test_list_trust_anchors" time="0.021"><skipped type="pytest.skip" message="Trust anchor listing endpoint not available">/usr/src/app/tests/mdoc/test_trust_anchor_validation.py:107: Trust anchor listing endpoint not available</skipped></testcase><testcase classname="tests.mdoc.test_trust_anchor_validation.TestTrustAnchorManagement" name="test_delete_trust_anchor" time="0.023"><skipped type="pytest.skip" message="Trust anchor creation endpoint not available">/usr/src/app/tests/mdoc/test_trust_anchor_validation.py:128: Trust anchor creation endpoint not available</skipped></testcase><testcase classname="tests.mdoc.test_trust_anchor_validation.TestTrustAnchorManagement" name="test_duplicate_trust_anchor_id" time="0.022"><skipped type="pytest.skip" message="Trust anchor creation endpoint not available">/usr/src/app/tests/mdoc/test_trust_anchor_validation.py:154: Trust anchor creation endpoint not available</skipped></testcase><testcase classname="tests.mdoc.test_trust_anchor_validation.TestCertificateValidation" name="test_invalid_certificate_format" time="0.022"><failure message="assert 404 in [200, 400, 422]&#10; +  where 404 = &lt;Response [404 Not Found]&gt;.status_code">tests/mdoc/test_trust_anchor_validation.py:189: in test_invalid_certificate_format
    assert response.status_code in [200, 400, 422]
E   assert 404 in [200, 400, 422]
E    +  where 404 = &lt;Response [404 Not Found]&gt;.status_code</failure></testcase><testcase classname="tests.mdoc.test_trust_anchor_validation.TestCertificateValidation" name="test_empty_certificate" time="0.023"><failure message="assert 404 in [400, 422]&#10; +  where 404 = &lt;Response [404 Not Found]&gt;.status_code">tests/mdoc/test_trust_anchor_validation.py:202: in test_empty_certificate
    assert response.status_code in [400, 422]
E   assert 404 in [400, 422]
E    +  where 404 = &lt;Response [404 Not Found]&gt;.status_code</failure></testcase><testcase classname="tests.mdoc.test_trust_anchor_validation.TestCertificateValidation" name="test_certificate_with_invalid_pem_markers" time="0.022"><failure message="assert 404 in [200, 400, 422]&#10; +  where 404 = &lt;Response [404 Not Found]&gt;.status_code">tests/mdoc/test_trust_anchor_validation.py:222: in test_certificate_with_invalid_pem_markers
    assert response.status_code in [200, 400, 422]
E   assert 404 in [200, 400, 422]
E    +  where 404 = &lt;Response [404 Not Found]&gt;.status_code</failure></testcase><testcase classname="tests.mdoc.test_trust_anchor_validation.TestChainValidation" name="test_verification_without_trust_anchor" time="0.023"><failure message="httpx.HTTPStatusError: Client error '422 {'json': {'credentials': {0: {'meta': {'doctype_value': ['Unknown field.']}}}}}' for url 'http://acapy-verifier:8031/oid4vp/dcql/queries'&#10;For more information check: https://developer.mozilla.org/en-US/docs/Web/HTTP/Status/422">tests/mdoc/test_trust_anchor_validation.py:257: in test_verification_without_trust_anchor
    query_response.raise_for_status()
.venv/lib/python3.12/site-packages/httpx/_models.py:829: in raise_for_status
    raise HTTPStatusError(message, request=request, response=self)
E   httpx.HTTPStatusError: Client error '422 {'json': {'credentials': {0: {'meta': {'doctype_value': ['Unknown field.']}}}}}' for url 'http://acapy-verifier:8031/oid4vp/dcql/queries'
[...]
    credential_config_response = await acapy_issuer_admin.post(
acapy_controller.py:33: in post
    response.raise_for_status()
.venv/lib/python3.12/site-packages/httpx/_models.py:829: in raise_for_status
    raise HTTPStatusError(message, request=request, response=self)
E   httpx.HTTPStatusError: Server error '500 Internal Server Error' for url 'http://acapy-issuer:8021/oid4vci/credential-supported/create'
E   For more information check: https://developer.mozilla.org/en-US/docs/Web/HTTP/Status/500</failure></testcase><testcase classname="tests.wallets.test_cross_wallet_credo_jwt" name="test_credo_unsupported_algorithm_request" time="0.024"><failure message="httpx.HTTPStatusError: Server error '500 Internal Server Error' for url 'http://acapy-issuer:8021/oid4vci/credential-supported/create'&#10;For more information check: https://developer.mozilla.org/en-US/docs/Web/HTTP/Status/500">tests/wallets/test_cross_wallet_credo_jwt.py:161: in test_credo_unsupported_algorithm_request
    config_response = await acapy_issuer_admin.post(
acapy_controller.py:33: in post
    response.raise_for_status()
.venv/lib/python3.12/site-packages/httpx/_models.py:829: in raise_for_status
    raise HTTPStatusError(message, request=request, response=self)
E   httpx.HTTPStatusError: Server error '500 Internal Server Error' for url 'http://acapy-issuer:8021/oid4vci/credential-supported/create'
E   For more information check: https://developer.mozilla.org/en-US/docs/Web/HTTP/Status/500</failure></testcase><testcase classname="tests.wallets.test_cross_wallet_credo_jwt" name="test_selective_disclosure_credo_vs_sphereon_parity" time="0.024"><failure message="httpx.HTTPStatusError: Server error '500 Internal Server Error' for url 'http://acapy-issuer:8021/oid4vci/credential-supported/create'&#10;For more information check: https://developer.mozilla.org/en-US/docs/Web/HTTP/Status/500">tests/wallets/test_cross_wallet_credo_jwt.py:289: in test_selective_disclosure_credo_vs_sphereon_parity
    config_response = await acapy_issuer_admin.post(
acapy_controller.py:33: in post
    response.raise_for_status()
.venv/lib/python3.12/site-packages/httpx/_models.py:829: in raise_for_status
    raise HTTPStatusError(message, request=request, response=self)
E   httpx.HTTPStatusError: Server error '500 Internal Server Error' for url 'http://acapy-issuer:8021/oid4vci/credential-supported/create'
E   For more information check: https://developer.mozilla.org/en-US/docs/Web/HTTP/Status/500</failure></testcase><testcase classname="tests.wallets.test_cross_wallet_credo_jwt" name="test_selective_disclosure_all_claims_disclosed" time="0.024"><failure message="httpx.HTTPStatusError: Server error '500 Internal Server Error' for url 'http://acapy-issuer:8021/oid4vci/credential-supported/create'&#10;For more information check: https://developer.mozilla.org/en-US/docs/Web/HTTP/Status/500">tests/wallets/test_cross_wallet_credo_jwt.py:413: in test_selective_disclosure_all_claims_disclosed
    config_response = await acapy_issuer_admin.post(
acapy_controller.py:33: in post
    response.raise_for_status()
.venv/lib/python3.12/site-packages/httpx/_models.py:829: in raise_for_status
    raise HTTPStatusError(message, request=request, response=self)
E   httpx.HTTPStatusError: Server error '500 Internal Server Error' for url 'http://acapy-issuer:8021/oid4vci/credential-supported/create'
E   For more information check: https://developer.mozilla.org/en-US/docs/Web/HTTP/Status/500</failure></testcase><testcase classname="tests.wallets.test_cross_wallet_mdoc" name="test_mdoc_issue_to_credo_verify_with_sphereon_patterns" time="0.161"><error message="failed on setup with &quot;httpx.HTTPStatusError: Client error '404 Not Found' for url 'http://acapy-issuer:8021/mso_mdoc/certificates?include_pem=true'&#10;For more information check: https://developer.mozilla.org/en-US/docs/Web/HTTP/Status/404&quot;">tests/conftest.py:388: in setup_issuer_certs
    default_cert = await acapy_issuer_admin.get("/mso_mdoc/certificates/default")
                   ^^^^^^^^^^^^^^^^^^^^^^^^^^^^^^^^^^^^^^^^^^^^^^^^^^^^^^^^^^^^^^
acapy_controller.py:24: in get
    response.raise_for_status()
.venv/lib/python3.12/site-packages/httpx/_models.py:829: in raise_for_status
    raise HTTPStatusError(message, request=request, response=self)
E   httpx.HTTPStatusError: Client error '404 Not Found' for url 'http://acapy-issuer:8021/mso_mdoc/certificates/default'
E   For more information check: https://developer.mozilla.org/en-US/docs/Web/HTTP/Status/404

During handling of the above exception, another exception occurred:
.venv/lib/python3.12/site-packages/pytest_asyncio/plugin.py:463: in setup
    return super().setup()
           ^^^^^^^^^^^^^^^
.venv/lib/python3.12/site-packages/pytest_asyncio/plugin.py:748: in pytest_fixture_setup
    hook_result = yield
                  ^^^^^
.venv/lib/python3.12/site-packages/pytest_asyncio/plugin.py:318: in _asyncgen_fixture_wrapper
    result = runner.run(setup(), context=context)
             ^^^^^^^^^^^^^^^^^^^^^^^^^^^^^^^^^^^^
/usr/local/lib/python3.12/asyncio/runners.py:118: in run
    return self._loop.run_until_complete(task)
           ^^^^^^^^^^^^^^^^^^^^^^^^^^^^^^^^^^^
/usr/local/lib/python3.12/asyncio/base_events.py:691: in run_until_complete
    return future.result()
           ^^^^^^^^^^^^^^^
.venv/lib/python3.12/site-packages/pytest_asyncio/plugin.py:314: in setup
    res = await gen_obj.__anext__()
          ^^^^^^^^^^^^^^^^^^^^^^^^^
tests/conftest.py:403: in setup_issuer_certs
    certs_response = await acapy_issuer_admin.get(
acapy_controller.py:24: in get
    response.raise_for_status()
.venv/lib/python3.12/site-packages/httpx/_models.py:829: in raise_for_status
    raise HTTPStatusError(message, request=request, response=self)
E   httpx.HTTPStatusError: Client error '404 Not Found' for url 'http://acapy-issuer:8021/mso_mdoc/certificates?include_pem=true'
E   For more information check: https://developer.mozilla.org/en-US/docs/Web/HTTP/Status/404</error></testcase><testcase classname="tests.wallets.test_cross_wallet_mdoc" name="test_mdoc_issue_to_sphereon_verify_with_credo_patterns" time="0.084"><error message="failed on setup with &quot;httpx.HTTPStatusError: Client error '404 Not Found' for url 'http://acapy-issuer:8021/mso_mdoc/certificates?include_pem=true'&#10;For more information check: https://developer.mozilla.org/en-US/docs/Web/HTTP/Status/404&quot;">tests/conftest.py:388: in setup_issuer_certs
    default_cert = await acapy_issuer_admin.get("/mso_mdoc/certificates/default")
                   ^^^^^^^^^^^^^^^^^^^^^^^^^^^^^^^^^^^^^^^^^^^^^^^^^^^^^^^^^^^^^^
acapy_controller.py:24: in get
    response.raise_for_status()
.venv/lib/python3.12/site-packages/httpx/_models.py:829: in raise_for_status
    raise HTTPStatusError(message, request=request, response=self)
E   httpx.HTTPStatusError: Client error '404 Not Found' for url 'http://acapy-issuer:8021/mso_mdoc/certificates/default'
E   For more information check: https://developer.mozilla.org/en-US/docs/Web/HTTP/Status/404

During handling of the above exception, another exception occurred:
.venv/lib/python3.12/site-packages/pytest_asyncio/plugin.py:463: in setup
    return super().setup()
           ^^^^^^^^^^^^^^^
.venv/lib/python3.12/site-packages/pytest_asyncio/plugin.py:748: in pytest_fixture_setup
    hook_result = yield
                  ^^^^^
.venv/lib/python3.12/site-packages/pytest_asyncio/plugin.py:318: in _asyncgen_fixture_wrapper
    result = runner.run(setup(), context=context)
             ^^^^^^^^^^^^^^^^^^^^^^^^^^^^^^^^^^^^
/usr/local/lib/python3.12/asyncio/runners.py:118: in run
    return self._loop.run_until_complete(task)
           ^^^^^^^^^^^^^^^^^^^^^^^^^^^^^^^^^^^
/usr/local/lib/python3.12/asyncio/base_events.py:691: in run_until_complete
    return future.result()
           ^^^^^^^^^^^^^^^
.venv/lib/python3.12/site-packages/pytest_asyncio/plugin.py:314: in setup
    res = await gen_obj.__anext__()
          ^^^^^^^^^^^^^^^^^^^^^^^^^
tests/conftest.py:403: in setup_issuer_certs
    certs_response = await acapy_issuer_admin.get(
acapy_controller.py:24: in get
    response.raise_for_status()
.venv/lib/python3.12/site-packages/httpx/_models.py:829: in raise_for_status
    raise HTTPStatusError(message, request=request, response=self)
E   httpx.HTTPStatusError: Client error '404 Not Found' for url 'http://acapy-issuer:8021/mso_mdoc/certificates?include_pem=true'
E   For more information check: https://developer.mozilla.org/en-US/docs/Web/HTTP/Status/404</error></testcase><testcase classname="tests.wallets.test_cross_wallet_multi_credential" name="test_credo_multi_credential_presentation" time="0.081"><failure message="httpx.HTTPStatusError: Server error '500 Internal Server Error' for url 'http://acapy-issuer:8021/oid4vci/credential-supported/create'&#10;For more information check: https://developer.mozilla.org/en-US/docs/Web/HTTP/Status/500">tests/wallets/test_cross_wallet_multi_credential.py:50: in test_credo_multi_credential_presentation
    config_1 = await acapy_issuer_admin.post(
acapy_controller.py:33: in post
    response.raise_for_status()
.venv/lib/python3.12/site-packages/httpx/_models.py:829: in raise_for_status
    raise HTTPStatusError(message, request=request, response=self)
E   httpx.HTTPStatusError: Server error '500 Internal Server Error' for url 'http://acapy-issuer:8021/oid4vci/credential-supported/create'
E   For more information check: https://developer.mozilla.org/en-US/docs/Web/HTTP/Status/500</failure></testcase><testcase classname="tests.wallets.test_cross_wallet_sphereon_jwt" name="test_issue_to_sphereon_verify_with_credo_jwt_vc" time="0.183"><skipped type="pytest.skip" message="Sphereon failed to accept offer (status 500): {&quot;error&quot;:&quot;Only absolute URLs are supported&quot;,&quot;stack&quot;:&quot;TypeError: Only absolute URLs are supported\n    at getNodeRequestOptions (/usr/src/app/node_modules/node-fetch/lib/index.js:1327:9)\n    at /usr/src/app/node_modules/node-fetch/lib/index.js:1450:19\n    at new Promise (&lt;anonymous&gt;)\n    at fetch (/usr/src/app/node_modules/node-fetch/lib/index.js:1447:9)\n    at fetch (/usr/src/app/node_modules/cross-fetch/dist/node-ponyfill.js:10:20)\n    at /usr/src/app/node_modules/@sphereon/oid4vci-common/dist/functions/HttpUtils.js:64:56\n    at Generator.next (&lt;anonymous&gt;)\n    at /usr/src/app/node_modules/@sphereon/oid4vci-common/dist/functions/HttpUtils.js:8:71\n    at new Promise (&lt;anonymous&gt;)\n    at __awaiter (/usr/src/app/node_modules/@sphereon/oid4vci-common/dist/functions/HttpUtils.js:4:12)&quot;}">/usr/src/app/tests/conftest.py:609: Sphereon failed to accept offer (status 500): {"error":"Only absolute URLs are supported","stack":"TypeError: Only absolute URLs are supported\n    at getNodeRequestOptions (/usr/src/app/node_modules/node-fetch/lib/index.js:1327:9)\n    at /usr/src/app/node_modules/node-fetch/lib/index.js:1450:19\n    at new Promise (&lt;anonymous&gt;)\n    at fetch (/usr/src/app/node_modules/node-fetch/lib/index.js:1447:9)\n    at fetch (/usr/src/app/node_modules/cross-fetch/dist/node-ponyfill.js:10:20)\n    at /usr/src/app/node_modules/@sphereon/oid4vci-common/dist/functions/HttpUtils.js:64:56\n    at Generator.next (&lt;anonymous&gt;)\n    at /usr/src/app/node_modules/@sphereon/oid4vci-common/dist/functions/HttpUtils.js:8:71\n    at new Promise (&lt;anonymous&gt;)\n    at __awaiter (/usr/src/app/node_modules/@sphereon/oid4vci-common/dist/functions/HttpUtils.js:4:12)"}</skipped></testcase><testcase classname="tests.wallets.test_cross_wallet_sphereon_jwt" name="test_sphereon_jwt_vp_with_constraints_pattern" time="0.116"><skipped type="pytest.skip" message="Sphereon failed to accept offer (status 500): {&quot;error&quot;:&quot;Only absolute URLs are supported&quot;,&quot;stack&quot;:&quot;TypeError: Only absolute URLs are supported\n    at getNodeRequestOptions (/usr/src/app/node_modules/node-fetch/lib/index.js:1327:9)\n    at /usr/src/app/node_modules/node-fetch/lib/index.js:1450:19\n    at new Promise (&lt;anonymous&gt;)\n    at fetch (/usr/src/app/node_modules/node-fetch/lib/index.js:1447:9)\n    at fetch (/usr/src/app/node_modules/cross-fetch/dist/node-ponyfill.js:10:20)\n    at /usr/src/app/node_modules/@sphereon/oid4vci-common/dist/functions/HttpUtils.js:64:56\n    at Generator.next (&lt;anonymous&gt;)\n    at /usr/src/app/node_modules/@sphereon/oid4vci-common/dist/functions/HttpUtils.js:8:71\n    at new Promise (&lt;anonymous&gt;)\n    at __awaiter (/usr/src/app/node_modules/@sphereon/oid4vci-common/dist/functions/HttpUtils.js:4:12)&quot;}">/usr/src/app/tests/conftest.py:609: Sphereon failed to accept offer (status 500): {"error":"Only absolute URLs are supported","stack":"TypeError: Only absolute URLs are supported\n    at getNodeRequestOptions (/usr/src/app/node_modules/node-fetch/lib/index.js:1327:9)\n    at /usr/src/app/node_modules/node-fetch/lib/index.js:1450:19\n    at new Promise (&lt;anonymous&gt;)\n    at fetch (/usr/src/app/node_modules/node-fetch/lib/index.js:1447:9)\n    at fetch (/usr/src/app/node_modules/cross-fetch/dist/node-ponyfill.js:10:20)\n    at /usr/src/app/node_modules/@sphereon/oid4vci-common/dist/functions/HttpUtils.js:64:56\n    at Generator.next (&lt;anonymous&gt;)\n    at /usr/src/app/node_modules/@sphereon/oid4vci-common/dist/functions/HttpUtils.js:8:71\n    at new Promise (&lt;anonymous&gt;)\n    at __awaiter (/usr/src/app/node_modules/@sphereon/oid4vci-common/dist/functions/HttpUtils.js:4:12)"}</skipped></testcase><testcase classname="tests.wallets.test_cross_wallet_sphereon_jwt" name="test_sphereon_unsupported_format_request" time="0.133"><skipped type="pytest.skip" message="Sphereon failed to accept offer (status 500): {&quot;error&quot;:&quot;Only absolute URLs are supported&quot;,&quot;stack&quot;:&quot;TypeError: Only absolute URLs are supported\n    at getNodeRequestOptions (/usr/src/app/node_modules/node-fetch/lib/index.js:1327:9)\n    at /usr/src/app/node_modules/node-fetch/lib/index.js:1450:19\n    at new Promise (&lt;anonymous&gt;)\n    at fetch (/usr/src/app/node_modules/node-fetch/lib/index.js:1447:9)\n    at fetch (/usr/src/app/node_modules/cross-fetch/dist/node-ponyfill.js:10:20)\n    at /usr/src/app/node_modules/@sphereon/oid4vci-common/dist/functions/HttpUtils.js:64:56\n    at Generator.next (&lt;anonymous&gt;)\n    at /usr/src/app/node_modules/@sphereon/oid4vci-common/dist/functions/HttpUtils.js:8:71\n    at new Promise (&lt;anonymous&gt;)\n    at __awaiter (/usr/src/app/node_modules/@sphereon/oid4vci-common/dist/functions/HttpUtils.js:4:12)&quot;}">/usr/src/app/tests/conftest.py:609: Sphereon failed to accept offer (status 500): {"error":"Only absolute URLs are supported","stack":"TypeError: Only absolute URLs are supported\n    at getNodeRequestOptions (/usr/src/app/node_modules/node-fetch/lib/index.js:1327:9)\n    at /usr/src/app/node_modules/node-fetch/lib/index.js:1450:19\n    at new Promise (&lt;anonymous&gt;)\n    at fetch (/usr/src/app/node_modules/node-fetch/lib/index.js:1447:9)\n    at fetch (/usr/src/app/node_modules/cross-fetch/dist/node-ponyfill.js:10:20)\n    at /usr/src/app/node_modules/@sphereon/oid4vci-common/dist/functions/HttpUtils.js:64:56\n    at Generator.next (&lt;anonymous&gt;)\n    at /usr/src/app/node_modules/@sphereon/oid4vci-common/dist/functions/HttpUtils.js:8:71\n    at new Promise (&lt;anonymous&gt;)\n    at __awaiter (/usr/src/app/node_modules/@sphereon/oid4vci-common/dist/functions/HttpUtils.js:4:12)"}</skipped></testcase><testcase classname="tests.wallets.test_sphereon" name="test_sphereon_health" time="0.020" /><testcase classname="tests.wallets.test_sphereon" name="test_sphereon_accept_credential_offer" time="0.171"><failure message="assert 500 == 200&#10; +  where 500 = &lt;Response [500 Internal Server Error]&gt;.status_code">tests/wallets/test_sphereon.py:78: in test_sphereon_accept_credential_offer
    assert response.status_code == 200
E   assert 500 == 200
E    +  where 500 = &lt;Response [500 Internal Server Error]&gt;.status_code</failure></testcase><testcase classname="tests.wallets.test_sphereon" name="test_sphereon_accept_mdoc_credential_offer" time="0.024"><failure message="httpx.HTTPStatusError: Server error '500 Internal Server Error' for url 'http://acapy-issuer:8021/oid4vci/credential-supported/create'&#10;For more information check: https://developer.mozilla.org/en-US/docs/Web/HTTP/Status/500">tests/wallets/test_sphereon.py:95: in test_sphereon_accept_mdoc_credential_offer
    supported = await acapy_issuer_admin.post(
acapy_controller.py:33: in post
    response.raise_for_status()
.venv/lib/python3.12/site-packages/httpx/_models.py:829: in raise_for_status
    raise HTTPStatusError(message, request=request, response=self)
E   httpx.HTTPStatusError: Server error '500 Internal Server Error' for url 'http://acapy-issuer:8021/oid4vci/credential-supported/create'
E   For more information check: https://developer.mozilla.org/en-US/docs/Web/HTTP/Status/500</failure></testcase><testcase classname="tests.wallets.test_sphereon" name="test_sphereon_present_mdoc_credential" time="0.043"><failure message="httpx.HTTPStatusError: Server error '500 Internal Server Error' for url 'http://acapy-issuer:8021/oid4vci/credential-supported/create'&#10;For more information check: https://developer.mozilla.org/en-US/docs/Web/HTTP/Status/500">tests/wallets/test_sphereon.py:206: in test_sphereon_present_mdoc_credential
    supported = await acapy_issuer_admin.post(
acapy_controller.py:33: in post
    response.raise_for_status()
.venv/lib/python3.12/site-packages/httpx/_models.py:829: in raise_for_status
    raise HTTPStatusError(message, request=request, response=self)
E   httpx.HTTPStatusError: Server error '500 Internal Server Error' for url 'http://acapy-issuer:8021/oid4vci/credential-supported/create'
E   For more information check: https://developer.mozilla.org/en-US/docs/Web/HTTP/Status/500</failure></testcase><testcase classname="tests.wallets.test_sphereon" name="test_sphereon_accept_credential_offer_by_ref" time="0.148"><failure message="assert 500 == 200&#10; +  where 500 = &lt;Response [500 Internal Server Error]&gt;.status_code">tests/wallets/test_sphereon.py:376: in test_sphereon_accept_credential_offer_by_ref
    assert response.status_code == 200
E   assert 500 == 200
E    +  where 500 = &lt;Response [500 Internal Server Error]&gt;.status_code</failure></testcase><testcase classname="tests.wallets.test_sphereon" name="test_sphereon_revocation_flow" time="0.032"><failure message="httpx.HTTPStatusError: Server error '500 Internal Server Error' for url 'http://acapy-issuer:8021/oid4vci/credential-supported/create'&#10;For more information check: https://developer.mozilla.org/en-US/docs/Web/HTTP/Status/500">tests/wallets/test_sphereon.py:402: in test_sphereon_revocation_flow
    supported = await acapy_issuer_admin.post(
acapy_controller.py:33: in post
    response.raise_for_status()
.venv/lib/python3.12/site-packages/httpx/_models.py:829: in raise_for_status
    raise HTTPStatusError(message, request=request, response=self)
E   httpx.HTTPStatusError: Server error '500 Internal Server Error' for url 'http://acapy-issuer:8021/oid4vci/credential-supported/create'
E   For more information check: https://developer.mozilla.org/en-US/docs/Web/HTTP/Status/500</failure></testcase><testcase classname="tests.wallets.test_sphereon_negative" name="test_sphereon_accept_offer_invalid_proof" time="0.152" /></testsuite></testsuites>