<?xml version="1.0" encoding="utf-8"?><testsuites name="pytest tests"><testsuite name="pytest" errors="23" failures="51" skipped="20" tests="140" time="17.482" timestamp="2026-01-16T22:03:55.697897+00:00" hostname="7a3fbe0fd271"><testcase classname="tests.dcql.test_acapy_credo_dcql_flow.TestDCQLSdJwtFlow" name="test_dcql_sd_jwt_basic_flow" time="0.402"><failure message="AssertionError: Credential issuance failed: {&quot;error&quot;:&quot;Failed to accept credential offer&quot;,&quot;details&quot;:&quot;Well known authorization server metadata for authorization server 'http://acapy-issuer.local:8022' not found, and could also not extract required values from the credential issuer metadata as a fallback.\n✖ Expected string, received undefined at \&quot;token_endpoint\&quot;&quot;,&quot;stack&quot;:&quot;Error: Well known authorization server metadata for authorization server 'http://acapy-issuer.local:8022' not found, and could also not extract required values from the credential issuer metadata as a fallback.\n✖ Expected string, received undefined at \&quot;token_endpoint\&quot;\n    at parseWithErrorHandling (file:///app/node_modules/@openid4vc/utils/dist/index.mjs:242:34)\n    at resolveIssuerMetadata (file:///app/node_modules/@openid4vc/openid4vci/dist/index.mjs:1516:169)\n    at process.processTicksAndRejections (node:internal/process/task_queues:95:5)\n    at async OpenId4VciHolderService$1.resolveCredentialOffer (file:///app/node_modules/@credo-ts/openid4vc/build/openid4vc-holder/OpenId4VciHolderService.mjs:30:20)\n    at async OpenId4VcHolderApi$1.resolveCredentialOffer (file:///app/node_modules/@credo-ts/openid4vc/build/openid4vc-holder/OpenId4VcHolderApi.mjs:76:10)\n    at async file:///app/dist/issuance.js:16:31&quot;}&#10;assert 500 == 200&#10; +  where 500 = &lt;Response [500 Internal Server Error]&gt;.status_code">tests/dcql/test_acapy_credo_dcql_flow.py:128: in test_dcql_sd_jwt_basic_flow
    assert credential_response.status_code == 200, (
E   AssertionError: Credential issuance failed: {"error":"Failed to accept credential offer","details":"Well known authorization server metadata for authorization server 'http://acapy-issuer.local:8022' not found, and could also not extract required values from the credential issuer metadata as a fallback.\n✖ Expected string, received undefined at \"token_endpoint\"","stack":"Error: Well known authorization server metadata for authorization server 'http://acapy-issuer.local:8022' not found, and could also not extract required values from the credential issuer metadata as a fallback.\n✖ Expected string, received undefined at \"token_endpoint\"\n    at parseWithErrorHandling (file:///app/node_modules/@openid4vc/utils/dist/index.mjs:242:34)\n    at resolveIssuerMetadata (file:///app/node_modules/@openid4vc/openid4vci/dist/index.mjs:1516:169)\n    at process.processTicksAndRejections (node:internal/process/task_queues:95:5)\n    at async OpenId4VciHolderService$1.resolveCredentialOffer (file:///app/node_modules/@credo-ts/openid4vc/build/openid4vc-holder/OpenId4VciHolderService.mjs:30:20)\n    at async OpenId4VcHolderApi$1.resolveCredentialOffer (file:///app/node_modules/@credo-ts/openid4vc/build/openid4vc-holder/OpenId4VcHolderApi.mjs:76:10)\n    at async file:///app/dist/issuance.js:16:31"}
E   assert 500 == 200
E    +  where 500 = &lt;Response [500 Internal Server Error]&gt;.status_code</failure></testcase><testcase classname="tests.dcql.test_acapy_credo_dcql_flow.TestDCQLSdJwtFlow" name="test_dcql_sd_jwt_nested_claims" time="0.263"><failure message="assert 500 == 200&#10; +  where 500 = &lt;Response [500 Internal Server Error]&gt;.status_code">tests/dcql/test_acapy_credo_dcql_flow.py:295: in test_dcql_sd_jwt_nested_claims
    assert credential_response.status_code == 200
E   assert 500 == 200
E    +  where 500 = &lt;Response [500 Internal Server Error]&gt;.status_code</failure></testcase><testcase classname="tests.dcql.test_acapy_credo_dcql_flow.TestDCQLMdocFlow" name="test_dcql_mdoc_basic_flow" time="0.086"><error message="failed on setup with &quot;httpx.HTTPStatusError: Client error '404 Not Found' for url 'http://acapy-issuer:8021/mso_mdoc/certificates?include_pem=true'&#10;For more information check: https://developer.mozilla.org/en-US/docs/Web/HTTP/Status/404&quot;">tests/conftest.py:384: in setup_issuer_certs
    default_cert = await acapy_issuer_admin.get("/mso_mdoc/certificates/default")
                   ^^^^^^^^^^^^^^^^^^^^^^^^^^^^^^^^^^^^^^^^^^^^^^^^^^^^^^^^^^^^^^
acapy_controller.py:24: in get
    response.raise_for_status()
.venv/lib/python3.12/site-packages/httpx/_models.py:829: in raise_for_status
    raise HTTPStatusError(message, request=request, response=self)
E   httpx.HTTPStatusError: Client error '404 Not Found' for url 'http://acapy-issuer:8021/mso_mdoc/certificates/default'
E   For more information check: https://developer.mozilla.org/en-US/docs/Web/HTTP/Status/404

During handling of the above exception, another exception occurred:
.venv/lib/python3.12/site-packages/pytest_asyncio/plugin.py:463: in setup
    return super().setup()
           ^^^^^^^^^^^^^^^
.venv/lib/python3.12/site-packages/pytest_asyncio/plugin.py:748: in pytest_fixture_setup
    hook_result = yield
                  ^^^^^
.venv/lib/python3.12/site-packages/pytest_asyncio/plugin.py:318: in _asyncgen_fixture_wrapper
    result = runner.run(setup(), context=context)
             ^^^^^^^^^^^^^^^^^^^^^^^^^^^^^^^^^^^^
/usr/local/lib/python3.12/asyncio/runners.py:118: in run
    return self._loop.run_until_complete(task)
           ^^^^^^^^^^^^^^^^^^^^^^^^^^^^^^^^^^^
/usr/local/lib/python3.12/asyncio/base_events.py:691: in run_until_complete
    return future.result()
           ^^^^^^^^^^^^^^^
.venv/lib/python3.12/site-packages/pytest_asyncio/plugin.py:314: in setup
    res = await gen_obj.__anext__()
          ^^^^^^^^^^^^^^^^^^^^^^^^^
tests/conftest.py:399: in setup_issuer_certs
    certs_response = await acapy_issuer_admin.get(
acapy_controller.py:24: in get
    response.raise_for_status()
.venv/lib/python3.12/site-packages/httpx/_models.py:829: in raise_for_status
    raise HTTPStatusError(message, request=request, response=self)
E   httpx.HTTPStatusError: Client error '404 Not Found' for url 'http://acapy-issuer:8021/mso_mdoc/certificates?include_pem=true'
E   For more information check: https://developer.mozilla.org/en-US/docs/Web/HTTP/Status/404</error></testcase><testcase classname="tests.dcql.test_acapy_credo_dcql_flow.TestDCQLMdocFlow" name="test_dcql_mdoc_path_syntax" time="0.086"><error message="failed on setup with &quot;httpx.HTTPStatusError: Client error '404 Not Found' for url 'http://acapy-issuer:8021/mso_mdoc/certificates?include_pem=true'&#10;For more information check: https://developer.mozilla.org/en-US/docs/Web/HTTP/Status/404&quot;">tests/conftest.py:384: in setup_issuer_certs
    default_cert = await acapy_issuer_admin.get("/mso_mdoc/certificates/default")
                   ^^^^^^^^^^^^^^^^^^^^^^^^^^^^^^^^^^^^^^^^^^^^^^^^^^^^^^^^^^^^^^
acapy_controller.py:24: in get
    response.raise_for_status()
.venv/lib/python3.12/site-packages/httpx/_models.py:829: in raise_for_status
    raise HTTPStatusError(message, request=request, response=self)
E   httpx.HTTPStatusError: Client error '404 Not Found' for url 'http://acapy-issuer:8021/mso_mdoc/certificates/default'
E   For more information check: https://developer.mozilla.org/en-US/docs/Web/HTTP/Status/404

During handling of the above exception, another exception occurred:
.venv/lib/python3.12/site-packages/pytest_asyncio/plugin.py:463: in setup
    return super().setup()
           ^^^^^^^^^^^^^^^
.venv/lib/python3.12/site-packages/pytest_asyncio/plugin.py:748: in pytest_fixture_setup
    hook_result = yield
                  ^^^^^
.venv/lib/python3.12/site-packages/pytest_asyncio/plugin.py:318: in _asyncgen_fixture_wrapper
    result = runner.run(setup(), context=context)
             ^^^^^^^^^^^^^^^^^^^^^^^^^^^^^^^^^^^^
/usr/local/lib/python3.12/asyncio/runners.py:118: in run
    return self._loop.run_until_complete(task)
           ^^^^^^^^^^^^^^^^^^^^^^^^^^^^^^^^^^^
/usr/local/lib/python3.12/asyncio/base_events.py:691: in run_until_complete
    return future.result()
           ^^^^^^^^^^^^^^^
.venv/lib/python3.12/site-packages/pytest_asyncio/plugin.py:314: in setup
    res = await gen_obj.__anext__()
          ^^^^^^^^^^^^^^^^^^^^^^^^^
tests/conftest.py:399: in setup_issuer_certs
    certs_response = await acapy_issuer_admin.get(
acapy_controller.py:24: in get
    response.raise_for_status()
.venv/lib/python3.12/site-packages/httpx/_models.py:829: in raise_for_status
    raise HTTPStatusError(message, request=request, response=self)
E   httpx.HTTPStatusError: Client error '404 Not Found' for url 'http://acapy-issuer:8021/mso_mdoc/certificates?include_pem=true'
E   For more information check: https://developer.mozilla.org/en-US/docs/Web/HTTP/Status/404</error></testcase><testcase classname="tests.dcql.test_acapy_credo_dcql_flow.TestDCQLSelectiveDisclosure" name="test_dcql_sd_jwt_selective_disclosure" time="0.173"><failure message="assert 500 == 200&#10; +  where 500 = &lt;Response [500 Internal Server Error]&gt;.status_code">tests/dcql/test_acapy_credo_dcql_flow.py:724: in test_dcql_sd_jwt_selective_disclosure
    assert credential_response.status_code == 200
E   assert 500 == 200
E    +  where 500 = &lt;Response [500 Internal Server Error]&gt;.status_code</failure></testcase><testcase classname="tests.dcql.test_acapy_credo_dcql_flow.TestDCQLSelectiveDisclosure" name="test_dcql_mdoc_selective_disclosure" time="0.091"><error message="failed on setup with &quot;httpx.HTTPStatusError: Client error '404 Not Found' for url 'http://acapy-issuer:8021/mso_mdoc/certificates?include_pem=true'&#10;For more information check: https://developer.mozilla.org/en-US/docs/Web/HTTP/Status/404&quot;">tests/conftest.py:384: in setup_issuer_certs
    default_cert = await acapy_issuer_admin.get("/mso_mdoc/certificates/default")
                   ^^^^^^^^^^^^^^^^^^^^^^^^^^^^^^^^^^^^^^^^^^^^^^^^^^^^^^^^^^^^^^
acapy_controller.py:24: in get
    response.raise_for_status()
.venv/lib/python3.12/site-packages/httpx/_models.py:829: in raise_for_status
    raise HTTPStatusError(message, request=request, response=self)
E   httpx.HTTPStatusError: Client error '404 Not Found' for url 'http://acapy-issuer:8021/mso_mdoc/certificates/default'
E   For more information check: https://developer.mozilla.org/en-US/docs/Web/HTTP/Status/404

During handling of the above exception, another exception occurred:
.venv/lib/python3.12/site-packages/pytest_asyncio/plugin.py:463: in setup
    return super().setup()
           ^^^^^^^^^^^^^^^
.venv/lib/python3.12/site-packages/pytest_asyncio/plugin.py:748: in pytest_fixture_setup
    hook_result = yield
                  ^^^^^
.venv/lib/python3.12/site-packages/pytest_asyncio/plugin.py:318: in _asyncgen_fixture_wrapper
    result = runner.run(setup(), context=context)
             ^^^^^^^^^^^^^^^^^^^^^^^^^^^^^^^^^^^^
/usr/local/lib/python3.12/asyncio/runners.py:118: in run
    return self._loop.run_until_complete(task)
           ^^^^^^^^^^^^^^^^^^^^^^^^^^^^^^^^^^^
/usr/local/lib/python3.12/asyncio/base_events.py:691: in run_until_complete
    return future.result()
           ^^^^^^^^^^^^^^^
.venv/lib/python3.12/site-packages/pytest_asyncio/plugin.py:314: in setup
    res = await gen_obj.__anext__()
          ^^^^^^^^^^^^^^^^^^^^^^^^^
tests/conftest.py:399: in setup_issuer_certs
    certs_response = await acapy_issuer_admin.get(
acapy_controller.py:24: in get
    response.raise_for_status()
.venv/lib/python3.12/site-packages/httpx/_models.py:829: in raise_for_status
    raise HTTPStatusError(message, request=request, response=self)
E   httpx.HTTPStatusError: Client error '404 Not Found' for url 'http://acapy-issuer:8021/mso_mdoc/certificates?include_pem=true'
E   For more information check: https://developer.mozilla.org/en-US/docs/Web/HTTP/Status/404</error></testcase><testcase classname="tests.dcql.test_acapy_credo_dcql_flow.TestDCQLCredentialSets" name="test_dcql_credential_sets_multi_credential" time="0.341"><failure message="assert 500 == 200&#10; +  where 500 = &lt;Response [500 Internal Server Error]&gt;.status_code">tests/dcql/test_acapy_credo_dcql_flow.py:1035: in test_dcql_credential_sets_multi_credential
    assert identity_cred_response.status_code == 200
E   assert 500 == 200
E    +  where 500 = &lt;Response [500 Internal Server Error]&gt;.status_code</failure></testcase><testcase classname="tests.dcql.test_acapy_credo_dcql_flow.TestDCQLSpecCompliance" name="test_dcql_dc_sd_jwt_format_identifier" time="0.168"><failure message="assert 500 == 200&#10; +  where 500 = &lt;Response [500 Internal Server Error]&gt;.status_code">tests/dcql/test_acapy_credo_dcql_flow.py:1189: in test_dcql_dc_sd_jwt_format_identifier
    assert credential_response.status_code == 200
E   assert 500 == 200
E    +  where 500 = &lt;Response [500 Internal Server Error]&gt;.status_code</failure></testcase><testcase classname="tests.dcql.test_dcql" name="test_dcql_query_create" time="0.066" /><testcase classname="tests.dcql.test_dcql" name="test_dcql_query_list" time="0.054" /><testcase classname="tests.dcql.test_dcql" name="test_dcql_query_get" time="0.057" /><testcase classname="tests.dcql.test_dcql" name="test_dcql_query_delete" time="0.328" /><testcase classname="tests.dcql.test_multi_credential_dcql.TestMultiCredentialDCQL" name="test_two_sd_jwt_credentials" time="0.231"><failure message="assert 500 == 200&#10; +  where 500 = &lt;Response [500 Internal Server Error]&gt;.status_code">tests/dcql/test_multi_credential_dcql.py:136: in test_two_sd_jwt_credentials
    assert identity_cred_response.status_code == 200
E   assert 500 == 200
E    +  where 500 = &lt;Response [500 Internal Server Error]&gt;.status_code</failure></testcase><testcase classname="tests.dcql.test_multi_credential_dcql.TestMultiCredentialDCQL" name="test_three_credentials_different_issuers" time="0.337"><failure message="assert 500 == 200&#10; +  where 500 = &lt;Response [500 Internal Server Error]&gt;.status_code">tests/dcql/test_multi_credential_dcql.py:336: in test_three_credentials_different_issuers
    assert cred_response.status_code == 200
E   assert 500 == 200
E    +  where 500 = &lt;Response [500 Internal Server Error]&gt;.status_code</failure></testcase><testcase classname="tests.dcql.test_multi_credential_dcql.TestMultiCredentialCredentialSets" name="test_credential_sets_alternative_ids" time="0.237"><failure message="assert 500 == 200&#10; +  where 500 = &lt;Response [500 Internal Server Error]&gt;.status_code">tests/dcql/test_multi_credential_dcql.py:502: in test_credential_sets_alternative_ids
    assert license_cred_response.status_code == 200
E   assert 500 == 200
E    +  where 500 = &lt;Response [500 Internal Server Error]&gt;.status_code</failure></testcase><testcase classname="tests.dcql.test_multi_credential_dcql.TestMixedFormatMultiCredential" name="test_sd_jwt_plus_mdoc" time="0.040" /><testcase classname="tests.flows.test_acapy_credo_oid4vc_flow" name="test_full_acapy_credo_oid4vc_flow" time="0.228"><failure message="assert 500 == 200&#10; +  where 500 = &lt;Response [500 Internal Server Error]&gt;.status_code">tests/flows/test_acapy_credo_oid4vc_flow.py:105: in test_full_acapy_credo_oid4vc_flow
    assert credential_response.status_code == 200
E   assert 500 == 200
E    +  where 500 = &lt;Response [500 Internal Server Error]&gt;.status_code</failure></testcase><testcase classname="tests.flows.test_acapy_credo_oid4vc_flow" name="test_error_handling_invalid_credential_offer" time="0.002" /><testcase classname="tests.flows.test_acapy_credo_oid4vc_flow" name="test_error_handling_invalid_presentation_request" time="0.009" /><testcase classname="tests.flows.test_acapy_credo_oid4vc_flow" name="test_acapy_credo_mdoc_flow" time="0.149"><error message="failed on setup with &quot;httpx.HTTPStatusError: Client error '404 Not Found' for url 'http://acapy-issuer:8021/mso_mdoc/certificates?include_pem=true'&#10;For more information check: https://developer.mozilla.org/en-US/docs/Web/HTTP/Status/404&quot;">tests/conftest.py:384: in setup_issuer_certs
    default_cert = await acapy_issuer_admin.get("/mso_mdoc/certificates/default")
                   ^^^^^^^^^^^^^^^^^^^^^^^^^^^^^^^^^^^^^^^^^^^^^^^^^^^^^^^^^^^^^^
acapy_controller.py:24: in get
    response.raise_for_status()
.venv/lib/python3.12/site-packages/httpx/_models.py:829: in raise_for_status
    raise HTTPStatusError(message, request=request, response=self)
E   httpx.HTTPStatusError: Client error '404 Not Found' for url 'http://acapy-issuer:8021/mso_mdoc/certificates/default'
E   For more information check: https://developer.mozilla.org/en-US/docs/Web/HTTP/Status/404

During handling of the above exception, another exception occurred:
.venv/lib/python3.12/site-packages/pytest_asyncio/plugin.py:463: in setup
    return super().setup()
           ^^^^^^^^^^^^^^^
.venv/lib/python3.12/site-packages/pytest_asyncio/plugin.py:748: in pytest_fixture_setup
    hook_result = yield
                  ^^^^^
.venv/lib/python3.12/site-packages/pytest_asyncio/plugin.py:318: in _asyncgen_fixture_wrapper
    result = runner.run(setup(), context=context)
             ^^^^^^^^^^^^^^^^^^^^^^^^^^^^^^^^^^^^
/usr/local/lib/python3.12/asyncio/runners.py:118: in run
    return self._loop.run_until_complete(task)
           ^^^^^^^^^^^^^^^^^^^^^^^^^^^^^^^^^^^
/usr/local/lib/python3.12/asyncio/base_events.py:691: in run_until_complete
    return future.result()
           ^^^^^^^^^^^^^^^
.venv/lib/python3.12/site-packages/pytest_asyncio/plugin.py:314: in setup
    res = await gen_obj.__anext__()
          ^^^^^^^^^^^^^^^^^^^^^^^^^
tests/conftest.py:399: in setup_issuer_certs
    certs_response = await acapy_issuer_admin.get(
acapy_controller.py:24: in get
    response.raise_for_status()
.venv/lib/python3.12/site-packages/httpx/_models.py:829: in raise_for_status
    raise HTTPStatusError(message, request=request, response=self)
E   httpx.HTTPStatusError: Client error '404 Not Found' for url 'http://acapy-issuer:8021/mso_mdoc/certificates?include_pem=true'
E   For more information check: https://developer.mozilla.org/en-US/docs/Web/HTTP/Status/404</error></testcase><testcase classname="tests.flows.test_acapy_credo_oid4vc_flow" name="test_acapy_credo_sd_jwt_selective_disclosure" time="0.104"><failure message="assert 500 == 200&#10; +  where 500 = &lt;Response [500 Internal Server Error]&gt;.status_code">tests/flows/test_acapy_credo_oid4vc_flow.py:447: in test_acapy_credo_sd_jwt_selective_disclosure
    assert credential_response.status_code == 200
E   assert 500 == 200
E    +  where 500 = &lt;Response [500 Internal Server Error]&gt;.status_code</failure></testcase><testcase classname="tests.flows.test_acapy_credo_oid4vc_flow" name="test_acapy_credo_mdoc_selective_disclosure" time="0.092"><error message="failed on setup with &quot;httpx.HTTPStatusError: Client error '404 Not Found' for url 'http://acapy-issuer:8021/mso_mdoc/certificates?include_pem=true'&#10;For more information check: https://developer.mozilla.org/en-US/docs/Web/HTTP/Status/404&quot;">tests/conftest.py:384: in setup_issuer_certs
    default_cert = await acapy_issuer_admin.get("/mso_mdoc/certificates/default")
                   ^^^^^^^^^^^^^^^^^^^^^^^^^^^^^^^^^^^^^^^^^^^^^^^^^^^^^^^^^^^^^^
acapy_controller.py:24: in get
    response.raise_for_status()
.venv/lib/python3.12/site-packages/httpx/_models.py:829: in raise_for_status
    raise HTTPStatusError(message, request=request, response=self)
E   httpx.HTTPStatusError: Client error '404 Not Found' for url 'http://acapy-issuer:8021/mso_mdoc/certificates/default'
E   For more information check: https://developer.mozilla.org/en-US/docs/Web/HTTP/Status/404

During handling of the above exception, another exception occurred:
.venv/lib/python3.12/site-packages/pytest_asyncio/plugin.py:463: in setup
    return super().setup()
           ^^^^^^^^^^^^^^^
.venv/lib/python3.12/site-packages/pytest_asyncio/plugin.py:748: in pytest_fixture_setup
    hook_result = yield
                  ^^^^^
.venv/lib/python3.12/site-packages/pytest_asyncio/plugin.py:318: in _asyncgen_fixture_wrapper
    result = runner.run(setup(), context=context)
             ^^^^^^^^^^^^^^^^^^^^^^^^^^^^^^^^^^^^
/usr/local/lib/python3.12/asyncio/runners.py:118: in run
    return self._loop.run_until_complete(task)
           ^^^^^^^^^^^^^^^^^^^^^^^^^^^^^^^^^^^
/usr/local/lib/python3.12/asyncio/base_events.py:691: in run_until_complete
    return future.result()
           ^^^^^^^^^^^^^^^
.venv/lib/python3.12/site-packages/pytest_asyncio/plugin.py:314: in setup
    res = await gen_obj.__anext__()
          ^^^^^^^^^^^^^^^^^^^^^^^^^
tests/conftest.py:399: in setup_issuer_certs
    certs_response = await acapy_issuer_admin.get(
acapy_controller.py:24: in get
    response.raise_for_status()
.venv/lib/python3.12/site-packages/httpx/_models.py:829: in raise_for_status
    raise HTTPStatusError(message, request=request, response=self)
E   httpx.HTTPStatusError: Client error '404 Not Found' for url 'http://acapy-issuer:8021/mso_mdoc/certificates?include_pem=true'
E   For more information check: https://developer.mozilla.org/en-US/docs/Web/HTTP/Status/404</error></testcase><testcase classname="tests.flows.test_acapy_oid4vc_simple" name="test_simple_oid4vc_flow" time="0.061" /><testcase classname="tests.flows.test_cred_offer_uri" name="test_credential_offer_structure" time="0.174" /><testcase classname="tests.flows.test_cred_offer_uri" name="test_credential_offer_by_ref_structure" time="0.193" /><testcase classname="tests.flows.test_dual_endpoints" name="test_dual_oid4vci_endpoints" time="0.026"><failure message="AssertionError: Deprecated endpoint failed: 404&#10;assert 404 == 200&#10; +  where 404 = &lt;Response [404 Not Found]&gt;.status_code">tests/flows/test_dual_endpoints.py:49: in test_dual_oid4vci_endpoints
    assert deprecated_response.status_code == 200, (
E   AssertionError: Deprecated endpoint failed: 404
E   assert 404 == 200
E    +  where 404 = &lt;Response [404 Not Found]&gt;.status_code</failure></testcase><testcase classname="tests.flows.test_dual_endpoints" name="test_credo_can_reach_underscore_endpoint" time="0.021"><failure message="AssertionError: Credo-style endpoint discovery failed: 404&#10;assert 404 == 200&#10; +  where 404 = &lt;Response [404 Not Found]&gt;.status_code">tests/flows/test_dual_endpoints.py:107: in test_credo_can_reach_underscore_endpoint
    assert response.status_code == 200, (
E   AssertionError: Credo-style endpoint discovery failed: 404
E   assert 404 == 200
E    +  where 404 = &lt;Response [404 Not Found]&gt;.status_code</failure></testcase><testcase classname="tests.flows.test_dual_endpoints" name="test_acapy_services_health" time="0.026" /><testcase classname="tests.flows.test_dual_endpoints" name="test_oid4vci_server_endpoints" time="0.023" /><testcase classname="tests.flows.test_dual_endpoints" name="test_openid_configuration_endpoint" time="0.020"><failure message="AssertionError: openid-configuration endpoint failed: 404&#10;assert 404 == 200&#10; +  where 404 = &lt;Response [404 Not Found]&gt;.status_code">tests/flows/test_dual_endpoints.py:209: in test_openid_configuration_endpoint
    assert response.status_code == 200, (
E   AssertionError: openid-configuration endpoint failed: 404
E   assert 404 == 200
E    +  where 404 = &lt;Response [404 Not Found]&gt;.status_code</failure></testcase><testcase classname="tests.flows.test_dual_endpoints" name="test_openid_configuration_vs_credential_issuer_consistency" time="0.024"><failure message="assert 404 == 200&#10; +  where 404 = &lt;Response [404 Not Found]&gt;.status_code">tests/flows/test_dual_endpoints.py:285: in test_openid_configuration_vs_credential_issuer_consistency
    assert oidc_response.status_code == 200
E   assert 404 == 200
E    +  where 404 = &lt;Response [404 Not Found]&gt;.status_code</failure></testcase><testcase classname="tests.flows.test_example_sdjwt.TestSDJWTFlow" name="test_issue_and_verify_identity_credential" time="0.202"><failure message="AssertionError: Credential issuance failed: {&quot;error&quot;:&quot;Failed to accept credential offer&quot;,&quot;details&quot;:&quot;Well known authorization server metadata for authorization server 'http://acapy-issuer.local:8022' not found, and could also not extract required values from the credential issuer metadata as a fallback.\n✖ Expected string, received undefined at \&quot;token_endpoint\&quot;&quot;,&quot;stack&quot;:&quot;Error: Well known authorization server metadata for authorization server 'http://acapy-issuer.local:8022' not found, and could also not extract required values from the credential issuer metadata as a fallback.\n✖ Expected string, received undefined at \&quot;token_endpoint\&quot;\n    at parseWithErrorHandling (file:///app/node_modules/@openid4vc/utils/dist/index.mjs:242:34)\n    at resolveIssuerMetadata (file:///app/node_modules/@openid4vc/openid4vci/dist/index.mjs:1516:169)\n    at process.processTicksAndRejections (node:internal/process/task_queues:95:5)\n    at async OpenId4VciHolderService$1.resolveCredentialOffer (file:///app/node_modules/@credo-ts/openid4vc/build/openid4vc-holder/OpenId4VciHolderService.mjs:30:20)\n    at async OpenId4VcHolderApi$1.resolveCredentialOffer (file:///app/node_modules/@credo-ts/openid4vc/build/openid4vc-holder/OpenId4VcHolderApi.mjs:76:10)\n    at async file:///app/dist/issuance.js:16:31&quot;}">tests/flows/test_example_sdjwt.py:33: in test_issue_and_verify_identity_credential
    result = await credential_flow.issue_sd_jwt(
tests/helpers/flow_helpers.py:109: in issue_sd_jwt
    assert credential_response.status_code == 200, (
           ^^^^^^^^^^^^^^^^^^^^^^^^^^^^^^^^^^^^^^
E   AssertionError: Credential issuance failed: {"error":"Failed to accept credential offer","details":"Well known authorization server metadata for authorization server 'http://acapy-issuer.local:8022' not found, and could also not extract required values from the credential issuer metadata as a fallback.\n✖ Expected string, received undefined at \"token_endpoint\"","stack":"Error: Well known authorization server metadata for authorization server 'http://acapy-issuer.local:8022' not found, and could also not extract required values from the credential issuer metadata as a fallback.\n✖ Expected string, received undefined at \"token_endpoint\"\n    at parseWithErrorHandling (file:///app/node_modules/@openid4vc/utils/dist/index.mjs:242:34)\n    at resolveIssuerMetadata (file:///app/node_modules/@openid4vc/openid4vci/dist/index.mjs:1516:169)\n    at process.processTicksAndRejections (node:internal/process/task_queues:95:5)\n    at async OpenId4VciHolderService$1.resolveCredentialOffer (file:///app/node_modules/@credo-ts/openid4vc/build/openid4vc-holder/OpenId4VciHolderService.mjs:30:20)\n    at async OpenId4VcHolderApi$1.resolveCredentialOffer (file:///app/node_modules/@credo-ts/openid4vc/build/openid4vc-holder/OpenId4VcHolderApi.mjs:76:10)\n    at async file:///app/dist/issuance.js:16:31"}</failure></testcase><testcase classname="tests.flows.test_example_sdjwt.TestSDJWTFlow" name="test_multiple_credentials_same_holder" time="0.122"><failure message="AssertionError: Credential issuance failed: {&quot;error&quot;:&quot;Failed to accept credential offer&quot;,&quot;details&quot;:&quot;Well known authorization server metadata for authorization server 'http://acapy-issuer.local:8022' not found, and could also not extract required values from the credential issuer metadata as a fallback.\n✖ Expected string, received undefined at \&quot;token_endpoint\&quot;&quot;,&quot;stack&quot;:&quot;Error: Well known authorization server metadata for authorization server 'http://acapy-issuer.local:8022' not found, and could also not extract required values from the credential issuer metadata as a fallback.\n✖ Expected string, received undefined at \&quot;token_endpoint\&quot;\n    at parseWithErrorHandling (file:///app/node_modules/@openid4vc/utils/dist/index.mjs:242:34)\n    at resolveIssuerMetadata (file:///app/node_modules/@openid4vc/openid4vci/dist/index.mjs:1516:169)\n    at process.processTicksAndRejections (node:internal/process/task_queues:95:5)\n    at async OpenId4VciHolderService$1.resolveCredentialOffer (file:///app/node_modules/@credo-ts/openid4vc/build/openid4vc-holder/OpenId4VciHolderService.mjs:30:20)\n    at async OpenId4VcHolderApi$1.resolveCredentialOffer (file:///app/node_modules/@credo-ts/openid4vc/build/openid4vc-holder/OpenId4VcHolderApi.mjs:76:10)\n    at async file:///app/dist/issuance.js:16:31&quot;}">tests/flows/test_example_sdjwt.py:92: in test_multiple_credentials_same_holder
    identity = await credential_flow.issue_sd_jwt(
tests/helpers/flow_helpers.py:109: in issue_sd_jwt
    assert credential_response.status_code == 200, (
           ^^^^^^^^^^^^^^^^^^^^^^^^^^^^^^^^^^^^^^
E   AssertionError: Credential issuance failed: {"error":"Failed to accept credential offer","details":"Well known authorization server metadata for authorization server 'http://acapy-issuer.local:8022' not found, and could also not extract required values from the credential issuer metadata as a fallback.\n✖ Expected string, received undefined at \"token_endpoint\"","stack":"Error: Well known authorization server metadata for authorization server 'http://acapy-issuer.local:8022' not found, and could also not extract required values from the credential issuer metadata as a fallback.\n✖ Expected string, received undefined at \"token_endpoint\"\n    at parseWithErrorHandling (file:///app/node_modules/@openid4vc/utils/dist/index.mjs:242:34)\n    at resolveIssuerMetadata (file:///app/node_modules/@openid4vc/openid4vci/dist/index.mjs:1516:169)\n    at process.processTicksAndRejections (node:internal/process/task_queues:95:5)\n    at async OpenId4VciHolderService$1.resolveCredentialOffer (file:///app/node_modules/@credo-ts/openid4vc/build/openid4vc-holder/OpenId4VciHolderService.mjs:30:20)\n    at async OpenId4VcHolderApi$1.resolveCredentialOffer (file:///app/node_modules/@credo-ts/openid4vc/build/openid4vc-holder/OpenId4VcHolderApi.mjs:76:10)\n    at async file:///app/dist/issuance.js:16:31"}</failure></testcase><testcase classname="tests.flows.test_example_sdjwt.TestSDJWTAlgorithms" name="test_ed25519_algorithm" time="0.155"><failure message="AssertionError: Credential issuance failed: {&quot;error&quot;:&quot;Failed to accept credential offer&quot;,&quot;details&quot;:&quot;Well known authorization server metadata for authorization server 'http://acapy-issuer.local:8022' not found, and could also not extract required values from the credential issuer metadata as a fallback.\n✖ Expected string, received undefined at \&quot;token_endpoint\&quot;&quot;,&quot;stack&quot;:&quot;Error: Well known authorization server metadata for authorization server 'http://acapy-issuer.local:8022' not found, and could also not extract required values from the credential issuer metadata as a fallback.\n✖ Expected string, received undefined at \&quot;token_endpoint\&quot;\n    at parseWithErrorHandling (file:///app/node_modules/@openid4vc/utils/dist/index.mjs:242:34)\n    at resolveIssuerMetadata (file:///app/node_modules/@openid4vc/openid4vci/dist/index.mjs:1516:169)\n    at process.processTicksAndRejections (node:internal/process/task_queues:95:5)\n    at async OpenId4VciHolderService$1.resolveCredentialOffer (file:///app/node_modules/@credo-ts/openid4vc/build/openid4vc-holder/OpenId4VciHolderService.mjs:30:20)\n    at async OpenId4VcHolderApi$1.resolveCredentialOffer (file:///app/node_modules/@credo-ts/openid4vc/build/openid4vc-holder/OpenId4VcHolderApi.mjs:76:10)\n    at async file:///app/dist/issuance.js:16:31&quot;}">tests/flows/test_example_sdjwt.py:137: in test_ed25519_algorithm
    result = await credential_flow.issue_sd_jwt(
tests/helpers/flow_helpers.py:109: in issue_sd_jwt
    assert credential_response.status_code == 200, (
           ^^^^^^^^^^^^^^^^^^^^^^^^^^^^^^^^^^^^^^
E   AssertionError: Credential issuance failed: {"error":"Failed to accept credential offer","details":"Well known authorization server metadata for authorization server 'http://acapy-issuer.local:8022' not found, and could also not extract required values from the credential issuer metadata as a fallback.\n✖ Expected string, received undefined at \"token_endpoint\"","stack":"Error: Well known authorization server metadata for authorization server 'http://acapy-issuer.local:8022' not found, and could also not extract required values from the credential issuer metadata as a fallback.\n✖ Expected string, received undefined at \"token_endpoint\"\n    at parseWithErrorHandling (file:///app/node_modules/@openid4vc/utils/dist/index.mjs:242:34)\n    at resolveIssuerMetadata (file:///app/node_modules/@openid4vc/openid4vci/dist/index.mjs:1516:169)\n    at process.processTicksAndRejections (node:internal/process/task_queues:95:5)\n    at async OpenId4VciHolderService$1.resolveCredentialOffer (file:///app/node_modules/@credo-ts/openid4vc/build/openid4vc-holder/OpenId4VciHolderService.mjs:30:20)\n    at async OpenId4VcHolderApi$1.resolveCredentialOffer (file:///app/node_modules/@credo-ts/openid4vc/build/openid4vc-holder/OpenId4VcHolderApi.mjs:76:10)\n    at async file:///app/dist/issuance.js:16:31"}</failure></testcase><testcase classname="tests.flows.test_example_sdjwt.TestSDJWTErrors" name="test_invalid_vct_rejected" time="0.155"><failure message="AssertionError: Credential issuance failed: {&quot;error&quot;:&quot;Failed to accept credential offer&quot;,&quot;details&quot;:&quot;Well known authorization server metadata for authorization server 'http://acapy-issuer.local:8022' not found, and could also not extract required values from the credential issuer metadata as a fallback.\n✖ Expected string, received undefined at \&quot;token_endpoint\&quot;&quot;,&quot;stack&quot;:&quot;Error: Well known authorization server metadata for authorization server 'http://acapy-issuer.local:8022' not found, and could also not extract required values from the credential issuer metadata as a fallback.\n✖ Expected string, received undefined at \&quot;token_endpoint\&quot;\n    at parseWithErrorHandling (file:///app/node_modules/@openid4vc/utils/dist/index.mjs:242:34)\n    at resolveIssuerMetadata (file:///app/node_modules/@openid4vc/openid4vci/dist/index.mjs:1516:169)\n    at process.processTicksAndRejections (node:internal/process/task_queues:95:5)\n    at async OpenId4VciHolderService$1.resolveCredentialOffer (file:///app/node_modules/@credo-ts/openid4vc/build/openid4vc-holder/OpenId4VciHolderService.mjs:30:20)\n    at async OpenId4VcHolderApi$1.resolveCredentialOffer (file:///app/node_modules/@credo-ts/openid4vc/build/openid4vc-holder/OpenId4VcHolderApi.mjs:76:10)\n    at async file:///app/dist/issuance.js:16:31&quot;}">tests/flows/test_example_sdjwt.py:159: in test_invalid_vct_rejected
    result = await credential_flow.issue_sd_jwt(
tests/helpers/flow_helpers.py:109: in issue_sd_jwt
    assert credential_response.status_code == 200, (
           ^^^^^^^^^^^^^^^^^^^^^^^^^^^^^^^^^^^^^^
E   AssertionError: Credential issuance failed: {"error":"Failed to accept credential offer","details":"Well known authorization server metadata for authorization server 'http://acapy-issuer.local:8022' not found, and could also not extract required values from the credential issuer metadata as a fallback.\n✖ Expected string, received undefined at \"token_endpoint\"","stack":"Error: Well known authorization server metadata for authorization server 'http://acapy-issuer.local:8022' not found, and could also not extract required values from the credential issuer metadata as a fallback.\n✖ Expected string, received undefined at \"token_endpoint\"\n    at parseWithErrorHandling (file:///app/node_modules/@openid4vc/utils/dist/index.mjs:242:34)\n    at resolveIssuerMetadata (file:///app/node_modules/@openid4vc/openid4vci/dist/index.mjs:1516:169)\n    at process.processTicksAndRejections (node:internal/process/task_queues:95:5)\n    at async OpenId4VciHolderService$1.resolveCredentialOffer (file:///app/node_modules/@credo-ts/openid4vc/build/openid4vc-holder/OpenId4VciHolderService.mjs:30:20)\n    at async OpenId4VcHolderApi$1.resolveCredentialOffer (file:///app/node_modules/@credo-ts/openid4vc/build/openid4vc-holder/OpenId4VcHolderApi.mjs:76:10)\n    at async file:///app/dist/issuance.js:16:31"}</failure></testcase><testcase classname="tests.flows.test_pre_auth_code_flow" name="test_pre_auth_code_flow_ed25519" time="0.122"><failure message="KeyError: 'credential_offer'">tests/flows/test_pre_auth_code_flow.py:17: in test_pre_auth_code_flow_ed25519
    await test_client.receive_offer(offer["credential_offer"], did)
oid4vci_client/client.py:169: in receive_offer
    offer = CredentialOffer.from_dict(offer_in)
            ^^^^^^^^^^^^^^^^^^^^^^^^^^^^^^^^^^^
oid4vci_client/client.py:49: in from_dict
    offer = value["credential_offer"]
            ^^^^^^^^^^^^^^^^^^^^^^^^^
E   KeyError: 'credential_offer'</failure></testcase><testcase classname="tests.flows.test_pre_auth_code_flow" name="test_pre_auth_code_flow_secp256k1" time="0.094"><failure message="KeyError: 'credential_offer'">tests/flows/test_pre_auth_code_flow.py:24: in test_pre_auth_code_flow_secp256k1
    await test_client.receive_offer(offer["credential_offer"], did)
oid4vci_client/client.py:169: in receive_offer
    offer = CredentialOffer.from_dict(offer_in)
            ^^^^^^^^^^^^^^^^^^^^^^^^^^^^^^^^^^^
oid4vci_client/client.py:49: in from_dict
    offer = value["credential_offer"]
            ^^^^^^^^^^^^^^^^^^^^^^^^^
E   KeyError: 'credential_offer'</failure></testcase><testcase classname="tests.mdoc.test_credo_mdoc_interop.TestCredoMdocInterop" name="test_mdoc_issuance_did_based" time="0.125"><failure message="httpx.HTTPStatusError: Server error '500 Internal Server Error' for url 'http://acapy-issuer:8021/oid4vci/exchange/create'&#10;For more information check: https://developer.mozilla.org/en-US/docs/Web/HTTP/Status/500">tests/mdoc/test_credo_mdoc_interop.py:85: in test_mdoc_issuance_did_based
    exchange = await acapy_issuer_admin.post(
acapy_controller.py:33: in post
    response.raise_for_status()
.venv/lib/python3.12/site-packages/httpx/_models.py:829: in raise_for_status
    raise HTTPStatusError(message, request=request, response=self)
E   httpx.HTTPStatusError: Server error '500 Internal Server Error' for url 'http://acapy-issuer:8021/oid4vci/exchange/create'
E   For more information check: https://developer.mozilla.org/en-US/docs/Web/HTTP/Status/500</failure></testcase><testcase classname="tests.mdoc.test_credo_mdoc_interop.TestCredoMdocInterop" name="test_mdoc_selective_disclosure" time="0.125"><error message="failed on setup with &quot;httpx.HTTPStatusError: Client error '404 Not Found' for url 'http://acapy-issuer:8021/mso_mdoc/certificates?include_pem=true'&#10;For more information check: https://developer.mozilla.org/en-US/docs/Web/HTTP/Status/404&quot;">tests/conftest.py:384: in setup_issuer_certs
    default_cert = await acapy_issuer_admin.get("/mso_mdoc/certificates/default")
                   ^^^^^^^^^^^^^^^^^^^^^^^^^^^^^^^^^^^^^^^^^^^^^^^^^^^^^^^^^^^^^^
acapy_controller.py:24: in get
    response.raise_for_status()
.venv/lib/python3.12/site-packages/httpx/_models.py:829: in raise_for_status
    raise HTTPStatusError(message, request=request, response=self)
E   httpx.HTTPStatusError: Client error '404 Not Found' for url 'http://acapy-issuer:8021/mso_mdoc/certificates/default'
E   For more information check: https://developer.mozilla.org/en-US/docs/Web/HTTP/Status/404

During handling of the above exception, another exception occurred:
.venv/lib/python3.12/site-packages/pytest_asyncio/plugin.py:463: in setup
    return super().setup()
           ^^^^^^^^^^^^^^^
.venv/lib/python3.12/site-packages/pytest_asyncio/plugin.py:748: in pytest_fixture_setup
    hook_result = yield
                  ^^^^^
.venv/lib/python3.12/site-packages/pytest_asyncio/plugin.py:318: in _asyncgen_fixture_wrapper
    result = runner.run(setup(), context=context)
             ^^^^^^^^^^^^^^^^^^^^^^^^^^^^^^^^^^^^
/usr/local/lib/python3.12/asyncio/runners.py:118: in run
    return self._loop.run_until_complete(task)
           ^^^^^^^^^^^^^^^^^^^^^^^^^^^^^^^^^^^
/usr/local/lib/python3.12/asyncio/base_events.py:691: in run_until_complete
    return future.result()
           ^^^^^^^^^^^^^^^
.venv/lib/python3.12/site-packages/pytest_asyncio/plugin.py:314: in setup
    res = await gen_obj.__anext__()
          ^^^^^^^^^^^^^^^^^^^^^^^^^
tests/conftest.py:399: in setup_issuer_certs
    certs_response = await acapy_issuer_admin.get(
acapy_controller.py:24: in get
    response.raise_for_status()
.venv/lib/python3.12/site-packages/httpx/_models.py:829: in raise_for_status
    raise HTTPStatusError(message, request=request, response=self)
E   httpx.HTTPStatusError: Client error '404 Not Found' for url 'http://acapy-issuer:8021/mso_mdoc/certificates?include_pem=true'
E   For more information check: https://developer.mozilla.org/en-US/docs/Web/HTTP/Status/404</error></testcase><testcase classname="tests.mdoc.test_credo_mdoc_interop.TestCredoMdocInterop" name="test_mdoc_age_predicate_no_birth_date" time="0.109"><error message="failed on setup with &quot;httpx.HTTPStatusError: Client error '404 Not Found' for url 'http://acapy-issuer:8021/mso_mdoc/certificates?include_pem=true'&#10;For more information check: https://developer.mozilla.org/en-US/docs/Web/HTTP/Status/404&quot;">tests/conftest.py:384: in setup_issuer_certs
    default_cert = await acapy_issuer_admin.get("/mso_mdoc/certificates/default")
                   ^^^^^^^^^^^^^^^^^^^^^^^^^^^^^^^^^^^^^^^^^^^^^^^^^^^^^^^^^^^^^^
acapy_controller.py:24: in get
    response.raise_for_status()
.venv/lib/python3.12/site-packages/httpx/_models.py:829: in raise_for_status
    raise HTTPStatusError(message, request=request, response=self)
E   httpx.HTTPStatusError: Client error '404 Not Found' for url 'http://acapy-issuer:8021/mso_mdoc/certificates/default'
E   For more information check: https://developer.mozilla.org/en-US/docs/Web/HTTP/Status/404

During handling of the above exception, another exception occurred:
.venv/lib/python3.12/site-packages/pytest_asyncio/plugin.py:463: in setup
    return super().setup()
           ^^^^^^^^^^^^^^^
.venv/lib/python3.12/site-packages/pytest_asyncio/plugin.py:748: in pytest_fixture_setup
    hook_result = yield
                  ^^^^^
.venv/lib/python3.12/site-packages/pytest_asyncio/plugin.py:318: in _asyncgen_fixture_wrapper
    result = runner.run(setup(), context=context)
             ^^^^^^^^^^^^^^^^^^^^^^^^^^^^^^^^^^^^
/usr/local/lib/python3.12/asyncio/runners.py:118: in run
    return self._loop.run_until_complete(task)
           ^^^^^^^^^^^^^^^^^^^^^^^^^^^^^^^^^^^
/usr/local/lib/python3.12/asyncio/base_events.py:691: in run_until_complete
    return future.result()
           ^^^^^^^^^^^^^^^
.venv/lib/python3.12/site-packages/pytest_asyncio/plugin.py:314: in setup
    res = await gen_obj.__anext__()
          ^^^^^^^^^^^^^^^^^^^^^^^^^
tests/conftest.py:399: in setup_issuer_certs
    certs_response = await acapy_issuer_admin.get(
acapy_controller.py:24: in get
    response.raise_for_status()
.venv/lib/python3.12/site-packages/httpx/_models.py:829: in raise_for_status
    raise HTTPStatusError(message, request=request, response=self)
E   httpx.HTTPStatusError: Client error '404 Not Found' for url 'http://acapy-issuer:8021/mso_mdoc/certificates?include_pem=true'
E   For more information check: https://developer.mozilla.org/en-US/docs/Web/HTTP/Status/404</error></testcase><testcase classname="tests.mdoc.test_example_mdoc.TestMdocFlow" name="test_issue_and_verify_mdl" time="0.190"><error message="failed on setup with &quot;httpx.HTTPStatusError: Client error '404 Not Found' for url 'http://acapy-issuer:8021/mso_mdoc/certificates?include_pem=true'&#10;For more information check: https://developer.mozilla.org/en-US/docs/Web/HTTP/Status/404&quot;">tests/conftest.py:384: in setup_issuer_certs
    default_cert = await acapy_issuer_admin.get("/mso_mdoc/certificates/default")
                   ^^^^^^^^^^^^^^^^^^^^^^^^^^^^^^^^^^^^^^^^^^^^^^^^^^^^^^^^^^^^^^
acapy_controller.py:24: in get
    response.raise_for_status()
.venv/lib/python3.12/site-packages/httpx/_models.py:829: in raise_for_status
    raise HTTPStatusError(message, request=request, response=self)
E   httpx.HTTPStatusError: Client error '404 Not Found' for url 'http://acapy-issuer:8021/mso_mdoc/certificates/default'
E   For more information check: https://developer.mozilla.org/en-US/docs/Web/HTTP/Status/404

During handling of the above exception, another exception occurred:
.venv/lib/python3.12/site-packages/pytest_asyncio/plugin.py:463: in setup
    return super().setup()
           ^^^^^^^^^^^^^^^
.venv/lib/python3.12/site-packages/pytest_asyncio/plugin.py:748: in pytest_fixture_setup
    hook_result = yield
                  ^^^^^
.venv/lib/python3.12/site-packages/pytest_asyncio/plugin.py:318: in _asyncgen_fixture_wrapper
    result = runner.run(setup(), context=context)
             ^^^^^^^^^^^^^^^^^^^^^^^^^^^^^^^^^^^^
/usr/local/lib/python3.12/asyncio/runners.py:118: in run
    return self._loop.run_until_complete(task)
           ^^^^^^^^^^^^^^^^^^^^^^^^^^^^^^^^^^^
/usr/local/lib/python3.12/asyncio/base_events.py:691: in run_until_complete
    return future.result()
           ^^^^^^^^^^^^^^^
.venv/lib/python3.12/site-packages/pytest_asyncio/plugin.py:314: in setup
    res = await gen_obj.__anext__()
          ^^^^^^^^^^^^^^^^^^^^^^^^^
tests/conftest.py:399: in setup_issuer_certs
    certs_response = await acapy_issuer_admin.get(
acapy_controller.py:24: in get
    response.raise_for_status()
.venv/lib/python3.12/site-packages/httpx/_models.py:829: in raise_for_status
    raise HTTPStatusError(message, request=request, response=self)
E   httpx.HTTPStatusError: Client error '404 Not Found' for url 'http://acapy-issuer:8021/mso_mdoc/certificates?include_pem=true'
E   For more information check: https://developer.mozilla.org/en-US/docs/Web/HTTP/Status/404</error></testcase><testcase classname="tests.mdoc.test_example_mdoc.TestMdocFlow" name="test_mdoc_selective_disclosure" time="0.086"><error message="failed on setup with &quot;httpx.HTTPStatusError: Client error '404 Not Found' for url 'http://acapy-issuer:8021/mso_mdoc/certificates?include_pem=true'&#10;For more information check: https://developer.mozilla.org/en-US/docs/Web/HTTP/Status/404&quot;">tests/conftest.py:384: in setup_issuer_certs
    default_cert = await acapy_issuer_admin.get("/mso_mdoc/certificates/default")
                   ^^^^^^^^^^^^^^^^^^^^^^^^^^^^^^^^^^^^^^^^^^^^^^^^^^^^^^^^^^^^^^
acapy_controller.py:24: in get
    response.raise_for_status()
.venv/lib/python3.12/site-packages/httpx/_models.py:829: in raise_for_status
    raise HTTPStatusError(message, request=request, response=self)
E   httpx.HTTPStatusError: Client error '404 Not Found' for url 'http://acapy-issuer:8021/mso_mdoc/certificates/default'
E   For more information check: https://developer.mozilla.org/en-US/docs/Web/HTTP/Status/404

During handling of the above exception, another exception occurred:
.venv/lib/python3.12/site-packages/pytest_asyncio/plugin.py:463: in setup
    return super().setup()
           ^^^^^^^^^^^^^^^
.venv/lib/python3.12/site-packages/pytest_asyncio/plugin.py:748: in pytest_fixture_setup
    hook_result = yield
                  ^^^^^
.venv/lib/python3.12/site-packages/pytest_asyncio/plugin.py:318: in _asyncgen_fixture_wrapper
    result = runner.run(setup(), context=context)
             ^^^^^^^^^^^^^^^^^^^^^^^^^^^^^^^^^^^^
/usr/local/lib/python3.12/asyncio/runners.py:118: in run
    return self._loop.run_until_complete(task)
           ^^^^^^^^^^^^^^^^^^^^^^^^^^^^^^^^^^^
/usr/local/lib/python3.12/asyncio/base_events.py:691: in run_until_complete
    return future.result()
           ^^^^^^^^^^^^^^^
.venv/lib/python3.12/site-packages/pytest_asyncio/plugin.py:314: in setup
    res = await gen_obj.__anext__()
          ^^^^^^^^^^^^^^^^^^^^^^^^^
tests/conftest.py:399: in setup_issuer_certs
    certs_response = await acapy_issuer_admin.get(
acapy_controller.py:24: in get
    response.raise_for_status()
.venv/lib/python3.12/site-packages/httpx/_models.py:829: in raise_for_status
    raise HTTPStatusError(message, request=request, response=self)
E   httpx.HTTPStatusError: Client error '404 Not Found' for url 'http://acapy-issuer:8021/mso_mdoc/certificates?include_pem=true'
E   For more information check: https://developer.mozilla.org/en-US/docs/Web/HTTP/Status/404</error></testcase><testcase classname="tests.mdoc.test_example_mdoc.TestMdocAgePredicates" name="test_age_over_18_without_revealing_birthdate" time="0.122"><error message="failed on setup with &quot;httpx.HTTPStatusError: Client error '404 Not Found' for url 'http://acapy-issuer:8021/mso_mdoc/certificates?include_pem=true'&#10;For more information check: https://developer.mozilla.org/en-US/docs/Web/HTTP/Status/404&quot;">tests/conftest.py:384: in setup_issuer_certs
    default_cert = await acapy_issuer_admin.get("/mso_mdoc/certificates/default")
                   ^^^^^^^^^^^^^^^^^^^^^^^^^^^^^^^^^^^^^^^^^^^^^^^^^^^^^^^^^^^^^^
acapy_controller.py:24: in get
    response.raise_for_status()
.venv/lib/python3.12/site-packages/httpx/_models.py:829: in raise_for_status
    raise HTTPStatusError(message, request=request, response=self)
E   httpx.HTTPStatusError: Client error '404 Not Found' for url 'http://acapy-issuer:8021/mso_mdoc/certificates/default'
E   For more information check: https://developer.mozilla.org/en-US/docs/Web/HTTP/Status/404

During handling of the above exception, another exception occurred:
.venv/lib/python3.12/site-packages/pytest_asyncio/plugin.py:463: in setup
    return super().setup()
           ^^^^^^^^^^^^^^^
.venv/lib/python3.12/site-packages/pytest_asyncio/plugin.py:748: in pytest_fixture_setup
    hook_result = yield
                  ^^^^^
.venv/lib/python3.12/site-packages/pytest_asyncio/plugin.py:318: in _asyncgen_fixture_wrapper
    result = runner.run(setup(), context=context)
             ^^^^^^^^^^^^^^^^^^^^^^^^^^^^^^^^^^^^
/usr/local/lib/python3.12/asyncio/runners.py:118: in run
    return self._loop.run_until_complete(task)
           ^^^^^^^^^^^^^^^^^^^^^^^^^^^^^^^^^^^
/usr/local/lib/python3.12/asyncio/base_events.py:691: in run_until_complete
    return future.result()
           ^^^^^^^^^^^^^^^
.venv/lib/python3.12/site-packages/pytest_asyncio/plugin.py:314: in setup
    res = await gen_obj.__anext__()
          ^^^^^^^^^^^^^^^^^^^^^^^^^
tests/conftest.py:399: in setup_issuer_certs
    certs_response = await acapy_issuer_admin.get(
acapy_controller.py:24: in get
    response.raise_for_status()
.venv/lib/python3.12/site-packages/httpx/_models.py:829: in raise_for_status
    raise HTTPStatusError(message, request=request, response=self)
E   httpx.HTTPStatusError: Client error '404 Not Found' for url 'http://acapy-issuer:8021/mso_mdoc/certificates?include_pem=true'
E   For more information check: https://developer.mozilla.org/en-US/docs/Web/HTTP/Status/404</error></testcase><testcase classname="tests.mdoc.test_mdoc_age_predicates.TestMdocAgePredicates" name="test_age_over_18_with_birth_date" time="0.179" /><testcase classname="tests.mdoc.test_mdoc_age_predicates.TestMdocAgePredicates" name="test_age_over_without_birth_date_disclosure" time="0.037" /><testcase classname="tests.mdoc.test_mdoc_age_predicates.TestMdocAgePredicates" name="test_multiple_age_predicates" time="0.032" /><testcase classname="tests.mdoc.test_mdoc_age_predicates.TestMdocAgePredicates" name="test_age_predicate_values" time="0.029" /><testcase classname="tests.mdoc.test_mdoc_age_predicates.TestMdocAamvaAgePredicates" name="test_aamva_age_predicates" time="0.038" /><testcase classname="tests.mdoc.test_mdoc_age_predicates.TestMdocAgePredicateEdgeCases" name="test_age_boundary_exactly_18" time="0.000" /><testcase classname="tests.mdoc.test_mdoc_age_predicates.TestMdocAgePredicateEdgeCases" name="test_age_boundary_one_day_before_18" time="0.000" /><testcase classname="tests.mdoc.test_mdoc_age_predicates.TestMdocAgePredicateEdgeCases" name="test_age_predicate_leap_year_birthday" time="0.000" /><testcase classname="tests.mdoc.test_oid4vc_mdoc_compliance.TestOID4VCMdocCompliance" name="test_mdoc_credential_issuer_metadata" time="0.000"><skipped type="pytest.skip" message="Legacy test needing refactor">/usr/src/app/tests/mdoc/test_oid4vc_mdoc_compliance.py:31: Legacy test needing refactor</skipped></testcase><testcase classname="tests.mdoc.test_oid4vc_mdoc_compliance.TestOID4VCMdocCompliance" name="test_mdoc_credential_request_flow" time="0.000"><skipped type="pytest.skip" message="Legacy test needing refactor">/usr/src/app/tests/mdoc/test_oid4vc_mdoc_compliance.py:83: Legacy test needing refactor</skipped></testcase><testcase classname="tests.mdoc.test_oid4vc_mdoc_compliance.TestOID4VCMdocCompliance" name="test_mdoc_presentation_workflow" time="0.000"><skipped type="pytest.skip" message="Legacy test needing refactor">/usr/src/app/tests/mdoc/test_oid4vc_mdoc_compliance.py:197: Legacy test needing refactor</skipped></testcase><testcase classname="tests.mdoc.test_oid4vc_mdoc_compliance.TestOID4VCMdocCompliance" name="test_mdoc_interoperability_reader_sessions" time="0.000"><skipped type="pytest.skip" message="Legacy test needing refactor">/usr/src/app/tests/mdoc/test_oid4vc_mdoc_compliance.py:276: Legacy test needing refactor</skipped></testcase><testcase classname="tests.mdoc.test_pki" name="test_mdoc_pki_trust_chain" time="0.077"><error message="failed on setup with &quot;httpx.HTTPStatusError: Client error '404 Not Found' for url 'http://acapy-verifier:8031/mso_mdoc/trust-anchors'&#10;For more information check: https://developer.mozilla.org/en-US/docs/Web/HTTP/Status/404&quot;">tests/conftest.py:551: in setup_pki_chain_trust_anchor
    result = await acapy_verifier_admin.post(
acapy_controller.py:33: in post
    response.raise_for_status()
.venv/lib/python3.12/site-packages/httpx/_models.py:829: in raise_for_status
    raise HTTPStatusError(message, request=request, response=self)
E   httpx.HTTPStatusError: Client error '404 Not Found' for url 'http://acapy-verifier:8031/mso_mdoc/trust-anchors'
E   For more information check: https://developer.mozilla.org/en-US/docs/Web/HTTP/Status/404

During handling of the above exception, another exception occurred:
.venv/lib/python3.12/site-packages/pytest_asyncio/plugin.py:463: in setup
    return super().setup()
           ^^^^^^^^^^^^^^^
.venv/lib/python3.12/site-packages/pytest_asyncio/plugin.py:748: in pytest_fixture_setup
    hook_result = yield
                  ^^^^^
.venv/lib/python3.12/site-packages/pytest_asyncio/plugin.py:318: in _asyncgen_fixture_wrapper
    result = runner.run(setup(), context=context)
             ^^^^^^^^^^^^^^^^^^^^^^^^^^^^^^^^^^^^
/usr/local/lib/python3.12/asyncio/runners.py:118: in run
    return self._loop.run_until_complete(task)
           ^^^^^^^^^^^^^^^^^^^^^^^^^^^^^^^^^^^
/usr/local/lib/python3.12/asyncio/base_events.py:691: in run_until_complete
    return future.result()
           ^^^^^^^^^^^^^^^
.venv/lib/python3.12/site-packages/pytest_asyncio/plugin.py:314: in setup
    res = await gen_obj.__anext__()
          ^^^^^^^^^^^^^^^^^^^^^^^^^
tests/conftest.py:574: in setup_pki_chain_trust_anchor
    anchors = await acapy_verifier_admin.get("/mso_mdoc/trust-anchors")
              ^^^^^^^^^^^^^^^^^^^^^^^^^^^^^^^^^^^^^^^^^^^^^^^^^^^^^^^^^
acapy_controller.py:24: in get
    response.raise_for_status()
.venv/lib/python3.12/site-packages/httpx/_models.py:829: in raise_for_status
    raise HTTPStatusError(message, request=request, response=self)
E   httpx.HTTPStatusError: Client error '404 Not Found' for url 'http://acapy-verifier:8031/mso_mdoc/trust-anchors'
E   For more information check: https://developer.mozilla.org/en-US/docs/Web/HTTP/Status/404</error></testcase><testcase classname="tests.mdoc.test_trust_anchor_validation.TestTrustAnchorManagement" name="test_create_trust_anchor" time="0.024"><failure message="assert 404 in [200, 201]&#10; +  where 404 = &lt;Response [404 Not Found]&gt;.status_code">tests/mdoc/test_trust_anchor_validation.py:72: in test_create_trust_anchor
    assert response.status_code in [200, 201]
E   assert 404 in [200, 201]
E    +  where 404 = &lt;Response [404 Not Found]&gt;.status_code</failure></testcase><testcase classname="tests.mdoc.test_trust_anchor_validation.TestTrustAnchorManagement" name="test_get_trust_anchor" time="0.021"><skipped type="pytest.skip" message="Trust anchor creation endpoint not available">/usr/src/app/tests/mdoc/test_trust_anchor_validation.py:91: Trust anchor creation endpoint not available</skipped></testcase><testcase classname="tests.mdoc.test_trust_anchor_validation.TestTrustAnchorManagement" name="test_list_trust_anchors" time="0.021"><skipped type="pytest.skip" message="Trust anchor listing endpoint not available">/usr/src/app/tests/mdoc/test_trust_anchor_validation.py:107: Trust anchor listing endpoint not available</skipped></testcase><testcase classname="tests.mdoc.test_trust_anchor_validation.TestTrustAnchorManagement" name="test_delete_trust_anchor" time="0.023"><skipped type="pytest.skip" message="Trust anchor creation endpoint not available">/usr/src/app/tests/mdoc/test_trust_anchor_validation.py:128: Trust anchor creation endpoint not available</skipped></testcase><testcase classname="tests.mdoc.test_trust_anchor_validation.TestTrustAnchorManagement" name="test_duplicate_trust_anchor_id" time="0.021"><skipped type="pytest.skip" message="Trust anchor creation endpoint not available">/usr/src/app/tests/mdoc/test_trust_anchor_validation.py:154: Trust anchor creation endpoint not available</skipped></testcase><testcase classname="tests.mdoc.test_trust_anchor_validation.TestCertificateValidation" name="test_invalid_certificate_format" time="0.023"><failure message="assert 404 in [200, 400, 422]&#10; +  where 404 = &lt;Response [404 Not Found]&gt;.status_code">tests/mdoc/test_trust_anchor_validation.py:189: in test_invalid_certificate_format
    assert response.status_code in [200, 400, 422]
E   assert 404 in [200, 400, 422]
E    +  where 404 = &lt;Response [404 Not Found]&gt;.status_code</failure></testcase><testcase classname="tests.mdoc.test_trust_anchor_validation.TestCertificateValidation" name="test_empty_certificate" time="0.022"><failure message="assert 404 in [400, 422]&#10; +  where 404 = &lt;Response [404 Not Found]&gt;.status_code">tests/mdoc/test_trust_anchor_validation.py:202: in test_empty_certificate
    assert response.status_code in [400, 422]
E   assert 404 in [400, 422]
E    +  where 404 = &lt;Response [404 Not Found]&gt;.status_code</failure></testcase><testcase classname="tests.mdoc.test_trust_anchor_validation.TestCertificateValidation" name="test_certificate_with_invalid_pem_markers" time="0.022"><failure message="assert 404 in [200, 400, 422]&#10; +  where 404 = &lt;Response [404 Not Found]&gt;.status_code">tests/mdoc/test_trust_anchor_validation.py:222: in test_certificate_with_invalid_pem_markers
    assert response.status_code in [200, 400, 422]
E   assert 404 in [200, 400, 422]
E    +  where 404 = &lt;Response [404 Not Found]&gt;.status_code</failure></testcase><testcase classname="tests.mdoc.test_trust_anchor_validation.TestChainValidation" name="test_verification_without_trust_anchor" time="0.048"><failure message="assert 500 in [200, 400]&#10; +  where 500 = &lt;Response [500 Internal Server Error]&gt;.status_code">tests/mdoc/test_trust_anchor_validation.py:271: in test_verification_without_trust_anchor
    assert response.status_code in [200, 400]
E   assert 500 in [200, 400]
E    +  where 500 = &lt;Response [500 Internal Server Error]&gt;.status_code</failure></testcase><testcase classname="tests.mdoc.test_trust_anchor_validation.TestChainValidation" name="test_verification_with_trust_anchor" time="0.022" /><testcase classname="tests.mdoc.test_trust_anchor_validation.TestTrustStoreConfiguration" name="test_file_based_trust_store" time="0.021" /><testcase classname="tests.mdoc.test_trust_anchor_validation.TestTrustStoreConfiguration" name="test_wallet_based_trust_store" time="0.022" /><testcase classname="tests.mdoc.test_trust_anchor_validation.TestIssuerCertificates" name="test_generate_issuer_key" time="0.026"><skipped type="pytest.skip" message="mDOC key generation endpoint not available">/usr/src/app/tests/mdoc/test_trust_anchor_validation.py:351: mDOC key generation endpoint not available</skipped></testcase><testcase classname="tests.mdoc.test_trust_anchor_validation.TestIssuerCertificates" name="test_list_issuer_keys" time="0.026"><skipped type="pytest.skip" message="mDOC key listing endpoint not available">/usr/src/app/tests/mdoc/test_trust_anchor_validation.py:363: mDOC key listing endpoint not available</skipped></testcase><testcase classname="tests.mdoc.test_trust_anchor_validation.TestIssuerCertificates" name="test_get_issuer_certificate_chain" time="0.023"><skipped type="pytest.skip" message="mDOC key endpoints not available">/usr/src/app/tests/mdoc/test_trust_anchor_validation.py:381: mDOC key endpoints not available</skipped></testcase><testcase classname="tests.mdoc.test_trust_anchor_validation.TestEndToEndTrustChain" name="test_complete_trust_chain_flow" time="0.041"><failure message="AssertionError: Failed to generate key: 404: Not Found&#10;assert 404 in [200, 201]&#10; +  where 404 = &lt;Response [404 Not Found]&gt;.status_code">tests/mdoc/test_trust_anchor_validation.py:458: in test_complete_trust_chain_flow
    assert key_response.status_code in [
E   AssertionError: Failed to generate key: 404: Not Found
E   assert 404 in [200, 201]
E    +  where 404 = &lt;Response [404 Not Found]&gt;.status_code</failure></testcase><testcase classname="tests.revocation.test_credo_revocation.TestCredoRevocationFlow" name="test_issue_revoke_verify_jwt_vc" time="0.265"><failure message="assert 500 == 200&#10; +  where 500 = &lt;Response [500 Internal Server Error]&gt;.status_code">tests/revocation/test_credo_revocation.py:118: in test_issue_revoke_verify_jwt_vc
    assert cred_response.status_code == 200
E   assert 500 == 200
E    +  where 500 = &lt;Response [500 Internal Server Error]&gt;.status_code</failure></testcase><testcase classname="tests.revocation.test_credo_revocation.TestCredoRevocationFlow" name="test_issue_revoke_verify_sd_jwt" time="0.349"><failure message="assert 500 == 200&#10; +  where 500 = &lt;Response [500 Internal Server Error]&gt;.status_code">tests/revocation/test_credo_revocation.py:251: in test_issue_revoke_verify_sd_jwt
    assert cred_response.status_code == 200
E   assert 500 == 200
E    +  where 500 = &lt;Response [500 Internal Server Error]&gt;.status_code</failure></testcase><testcase classname="tests.revocation.test_credo_revocation.TestCredoRevocationFlow" name="test_presentation_with_revoked_credential" time="0.178"><failure message="assert 500 == 200&#10; +  where 500 = &lt;Response [500 Internal Server Error]&gt;.status_code">tests/revocation/test_credo_revocation.py:375: in test_presentation_with_revoked_credential
    assert cred_response.status_code == 200
E   assert 500 == 200
E    +  where 500 = &lt;Response [500 Internal Server Error]&gt;.status_code</failure></testcase><testcase classname="tests.revocation.test_credo_revocation.TestRevocationEdgeCases" name="test_revoke_nonexistent_credential" time="0.134" /><testcase classname="tests.revocation.test_credo_revocation.TestRevocationEdgeCases" name="test_unrevoke_credential" time="1.988"><failure message="AssertionError: Credo failed to accept credential: 500 - {&quot;error&quot;:&quot;Failed to accept credential offer&quot;,&quot;details&quot;:&quot;Well known authorization server metadata for authorization server 'http://acapy-issuer.local:8022' not found, and could also not extract required values from the credential issuer metadata as a fallback.\n✖ Expected string, received undefined at \&quot;token_endpoint\&quot;&quot;,&quot;stack&quot;:&quot;Error: Well known authorization server metadata for authorization server 'http://acapy-issuer.local:8022' not found, and could also not extract required values from the credential issuer metadata as a fallback.\n✖ Expected string, received undefined at \&quot;token_endpoint\&quot;\n    at parseWithErrorHandling (file:///app/node_modules/@openid4vc/utils/dist/index.mjs:242:34)\n    at resolveIssuerMetadata (file:///app/node_modules/@openid4vc/openid4vci/dist/index.mjs:1516:169)\n    at process.processTicksAndRejections (node:internal/process/task_queues:95:5)\n    at async OpenId4VciHolderService$1.resolveCredentialOffer (file:///app/node_modules/@credo-ts/openid4vc/build/openid4vc-holder/OpenId4VciHolderService.mjs:30:20)\n    at async OpenId4VcHolderApi$1.resolveCredentialOffer (file:///app/node_modules/@credo-ts/openid4vc/build/openid4vc-holder/OpenId4VcHolderApi.mjs:76:10)\n    at async file:///app/dist/issuance.js:16:31&quot;}&#10;assert 500 == 200&#10; +  where 500 = &lt;Response [500 Internal Server Error]&gt;.status_code">tests/revocation/test_credo_revocation.py:682: in test_unrevoke_credential
    assert cred_response.status_code == 200, (
E   AssertionError: Credo failed to accept credential: 500 - {"error":"Failed to accept credential offer","details":"Well known authorization server metadata for authorization server 'http://acapy-issuer.local:8022' not found, and could also not extract required values from the credential issuer metadata as a fallback.\n✖ Expected string, received undefined at \"token_endpoint\"","stack":"Error: Well known authorization server metadata for authorization server 'http://acapy-issuer.local:8022' not found, and could also not extract required values from the credential issuer metadata as a fallback.\n✖ Expected string, received undefined at \"token_endpoint\"\n    at parseWithErrorHandling (file:///app/node_modules/@openid4vc/utils/dist/index.mjs:242:34)\n    at resolveIssuerMetadata (file:///app/node_modules/@openid4vc/openid4vci/dist/index.mjs:1516:169)\n    at process.processTicksAndRejections (node:internal/process/task_queues:95:5)\n    at async OpenId4VciHolderService$1.resolveCredentialOffer (file:///app/node_modules/@credo-ts/openid4vc/build/openid4vc-holder/OpenId4VciHolderService.mjs:30:20)\n    at async OpenId4VcHolderApi$1.resolveCredentialOffer (file:///app/node_modules/@credo-ts/openid4vc/build/openid4vc-holder/OpenId4VcHolderApi.mjs:76:10)\n    at async file:///app/dist/issuance.js:16:31"}
E   assert 500 == 200
E    +  where 500 = &lt;Response [500 Internal Server Error]&gt;.status_code</failure></testcase><testcase classname="tests.revocation.test_credo_revocation.TestRevocationEdgeCases" name="test_suspension_vs_revocation" time="0.152" /><testcase classname="tests.revocation.test_oid4vci_revocation.TestOID4VCIRevocation" name="test_revocation_status_in_credential" time="0.000"><skipped type="pytest.skip" message="Legacy test needing refactor">/usr/src/app/tests/revocation/test_oid4vci_revocation.py:27: Legacy test needing refactor</skipped></testcase><testcase classname="tests.test_interop.test_credo_mdoc" name="test_mdoc_credential_config_creation" time="0.025" /><testcase classname="tests.test_interop.test_credo_mdoc" name="test_mdoc_issuer_key_generation" time="0.024"><error message="failed on setup with &quot;httpx.HTTPStatusError: Client error '404 Not Found' for url 'http://acapy-issuer:8021/mso_mdoc/generate-keys'&#10;For more information check: https://developer.mozilla.org/en-US/docs/Web/HTTP/Status/404&quot;">tests/test_interop/test_credo_mdoc.py:150: in mdoc_issuer_key
    response.raise_for_status()
.venv/lib/python3.12/site-packages/httpx/_models.py:829: in raise_for_status
    raise HTTPStatusError(message, request=request, response=self)
E   httpx.HTTPStatusError: Client error '404 Not Found' for url 'http://acapy-issuer:8021/mso_mdoc/generate-keys'
E   For more information check: https://developer.mozilla.org/en-US/docs/Web/HTTP/Status/404</error></testcase><testcase classname="tests.test_interop.test_credo_mdoc" name="test_mdoc_offer_creation_did_based" time="0.134" /><testcase classname="tests.test_interop.test_credo_mdoc" name="test_mdoc_offer_creation_verification_method" time="0.046"><error message="failed on setup with &quot;httpx.HTTPStatusError: Client error '404 Not Found' for url 'http://acapy-issuer:8021/mso_mdoc/generate-keys'&#10;For more information check: https://developer.mozilla.org/en-US/docs/Web/HTTP/Status/404&quot;">tests/test_interop/test_credo_mdoc.py:150: in mdoc_issuer_key
    response.raise_for_status()
.venv/lib/python3.12/site-packages/httpx/_models.py:829: in raise_for_status
    raise HTTPStatusError(message, request=request, response=self)
E   httpx.HTTPStatusError: Client error '404 Not Found' for url 'http://acapy-issuer:8021/mso_mdoc/generate-keys'
E   For more information check: https://developer.mozilla.org/en-US/docs/Web/HTTP/Status/404</error></testcase><testcase classname="tests.test_interop.test_credo_mdoc" name="test_mdoc_credential_acceptance_did_based" time="0.152"><failure message="httpx.HTTPStatusError: Server error '500 Internal Server Error' for url 'http://credo-agent:3020/oid4vci/accept-offer'&#10;For more information check: https://developer.mozilla.org/en-US/docs/Web/HTTP/Status/500">tests/test_interop/test_credo_mdoc.py:389: in test_mdoc_credential_acceptance_did_based
    result = await credo.openid4vci_accept_offer(mdoc_offer_did_based)
             ^^^^^^^^^^^^^^^^^^^^^^^^^^^^^^^^^^^^^^^^^^^^^^^^^^^^^^^^^
credo_wrapper/__init__.py:60: in openid4vci_accept_offer
    response.raise_for_status()
.venv/lib/python3.12/site-packages/httpx/_models.py:829: in raise_for_status
    raise HTTPStatusError(message, request=request, response=self)
E   httpx.HTTPStatusError: Server error '500 Internal Server Error' for url 'http://credo-agent:3020/oid4vci/accept-offer'
E   For more information check: https://developer.mozilla.org/en-US/docs/Web/HTTP/Status/500</failure></testcase><testcase classname="tests.test_interop.test_credo_mdoc" name="test_mdoc_credential_acceptance_verification_method" time="0.073"><error message="failed on setup with &quot;httpx.HTTPStatusError: Client error '404 Not Found' for url 'http://acapy-issuer:8021/mso_mdoc/generate-keys'&#10;For more information check: https://developer.mozilla.org/en-US/docs/Web/HTTP/Status/404&quot;">tests/test_interop/test_credo_mdoc.py:150: in mdoc_issuer_key
    response.raise_for_status()
.venv/lib/python3.12/site-packages/httpx/_models.py:829: in raise_for_status
    raise HTTPStatusError(message, request=request, response=self)
E   httpx.HTTPStatusError: Client error '404 Not Found' for url 'http://acapy-issuer:8021/mso_mdoc/generate-keys'
E   For more information check: https://developer.mozilla.org/en-US/docs/Web/HTTP/Status/404</error></testcase><testcase classname="tests.test_interop.test_credo_mdoc" name="test_mdoc_presentation_request_creation" time="0.052"><error message="failed on setup with &quot;httpx.HTTPStatusError: Server error '500 Internal Server Error' for url 'http://acapy-verifier:8031/oid4vp/request'&#10;For more information check: https://developer.mozilla.org/en-US/docs/Web/HTTP/Status/500&quot;">tests/test_interop/test_credo_mdoc.py:303: in mdoc_presentation_request
    return await create_dcql_request(acapy_verifier, dcql_query)
           ^^^^^^^^^^^^^^^^^^^^^^^^^^^^^^^^^^^^^^^^^^^^^^^^^^^^^
tests/test_interop/test_credo_mdoc.py:68: in create_dcql_request
    request_response.raise_for_status()
.venv/lib/python3.12/site-packages/httpx/_models.py:829: in raise_for_status
    raise HTTPStatusError(message, request=request, response=self)
E   httpx.HTTPStatusError: Server error '500 Internal Server Error' for url 'http://acapy-verifier:8031/oid4vp/request'
E   For more information check: https://developer.mozilla.org/en-US/docs/Web/HTTP/Status/500</error></testcase><testcase classname="tests.test_interop.test_credo_mdoc" name="test_mdoc_selective_disclosure_presentation" time="0.229"><error message="failed on setup with &quot;httpx.HTTPStatusError: Server error '500 Internal Server Error' for url 'http://acapy-verifier:8031/oid4vp/request'&#10;For more information check: https://developer.mozilla.org/en-US/docs/Web/HTTP/Status/500&quot;">tests/test_interop/test_credo_mdoc.py:303: in mdoc_presentation_request
    return await create_dcql_request(acapy_verifier, dcql_query)
           ^^^^^^^^^^^^^^^^^^^^^^^^^^^^^^^^^^^^^^^^^^^^^^^^^^^^^
tests/test_interop/test_credo_mdoc.py:68: in create_dcql_request
    request_response.raise_for_status()
.venv/lib/python3.12/site-packages/httpx/_models.py:829: in raise_for_status
    raise HTTPStatusError(message, request=request, response=self)
E   httpx.HTTPStatusError: Server error '500 Internal Server Error' for url 'http://acapy-verifier:8031/oid4vp/request'
E   For more information check: https://developer.mozilla.org/en-US/docs/Web/HTTP/Status/500</error></testcase><testcase classname="tests.test_interop.test_credo_mdoc" name="test_mdoc_age_predicate_verification" time="0.113"><error message="failed on setup with &quot;httpx.HTTPStatusError: Server error '500 Internal Server Error' for url 'http://acapy-verifier:8031/oid4vp/request'&#10;For more information check: https://developer.mozilla.org/en-US/docs/Web/HTTP/Status/500&quot;">tests/test_interop/test_credo_mdoc.py:331: in mdoc_age_only_request
    return await create_dcql_request(acapy_verifier, dcql_query)
           ^^^^^^^^^^^^^^^^^^^^^^^^^^^^^^^^^^^^^^^^^^^^^^^^^^^^^
tests/test_interop/test_credo_mdoc.py:68: in create_dcql_request
    request_response.raise_for_status()
.venv/lib/python3.12/site-packages/httpx/_models.py:829: in raise_for_status
    raise HTTPStatusError(message, request=request, response=self)
E   httpx.HTTPStatusError: Server error '500 Internal Server Error' for url 'http://acapy-verifier:8031/oid4vp/request'
E   For more information check: https://developer.mozilla.org/en-US/docs/Web/HTTP/Status/500</error></testcase><testcase classname="tests.test_interop.test_credo_mdoc" name="test_mdoc_presentation_verification_method_flow" time="0.060"><error message="failed on setup with &quot;httpx.HTTPStatusError: Client error '404 Not Found' for url 'http://acapy-issuer:8021/mso_mdoc/generate-keys'&#10;For more information check: https://developer.mozilla.org/en-US/docs/Web/HTTP/Status/404&quot;">tests/test_interop/test_credo_mdoc.py:150: in mdoc_issuer_key
    response.raise_for_status()
.venv/lib/python3.12/site-packages/httpx/_models.py:829: in raise_for_status
    raise HTTPStatusError(message, request=request, response=self)
E   httpx.HTTPStatusError: Client error '404 Not Found' for url 'http://acapy-issuer:8021/mso_mdoc/generate-keys'
E   For more information check: https://developer.mozilla.org/en-US/docs/Web/HTTP/Status/404</error></testcase><testcase classname="tests.test_interop.test_credo_mdoc" name="test_mdoc_wrong_doctype_rejected" time="0.036"><failure message="assert 500 == 200&#10; +  where 500 = &lt;Response [500 Internal Server Error]&gt;.status_code">tests/test_interop/test_credo_mdoc.py:558: in test_mdoc_wrong_doctype_rejected
    assert response.status_code == 200
E   assert 500 == 200
E    +  where 500 = &lt;Response [500 Internal Server Error]&gt;.status_code</failure></testcase><testcase classname="tests.test_interop.test_credo_mdoc" name="test_mdoc_missing_required_claim_handling" time="0.033" /><testcase classname="tests.test_interop.test_credo_mdoc" name="test_dcql_credential_sets_request" time="0.036"><failure message="httpx.HTTPStatusError: Server error '500 Internal Server Error' for url 'http://acapy-verifier:8031/oid4vp/request'&#10;For more information check: https://developer.mozilla.org/en-US/docs/Web/HTTP/Status/500">tests/test_interop/test_credo_mdoc.py:639: in test_dcql_credential_sets_request
    request_uri = await create_dcql_request(acapy_verifier, dcql_query)
                  ^^^^^^^^^^^^^^^^^^^^^^^^^^^^^^^^^^^^^^^^^^^^^^^^^^^^^
tests/test_interop/test_credo_mdoc.py:68: in create_dcql_request
    request_response.raise_for_status()
.venv/lib/python3.12/site-packages/httpx/_models.py:829: in raise_for_status
    raise HTTPStatusError(message, request=request, response=self)
E   httpx.HTTPStatusError: Server error '500 Internal Server Error' for url 'http://acapy-verifier:8031/oid4vp/request'
E   For more information check: https://developer.mozilla.org/en-US/docs/Web/HTTP/Status/500</failure></testcase><testcase classname="tests.test_interop.test_credo_mdoc" name="test_dcql_claim_sets_request" time="0.071"><failure message="httpx.HTTPStatusError: Server error '500 Internal Server Error' for url 'http://acapy-verifier:8031/oid4vp/request'&#10;For more information check: https://developer.mozilla.org/en-US/docs/Web/HTTP/Status/500">tests/test_interop/test_credo_mdoc.py:688: in test_dcql_claim_sets_request
    request_uri = await create_dcql_request(acapy_verifier, dcql_query)
                  ^^^^^^^^^^^^^^^^^^^^^^^^^^^^^^^^^^^^^^^^^^^^^^^^^^^^^
tests/test_interop/test_credo_mdoc.py:68: in create_dcql_request
    request_response.raise_for_status()
.venv/lib/python3.12/site-packages/httpx/_models.py:829: in raise_for_status
    raise HTTPStatusError(message, request=request, response=self)
E   httpx.HTTPStatusError: Server error '500 Internal Server Error' for url 'http://acapy-verifier:8031/oid4vp/request'
E   For more information check: https://developer.mozilla.org/en-US/docs/Web/HTTP/Status/500</failure></testcase><testcase classname="tests.validation.test_compatibility_edge_cases" name="test_credo_empty_claim_values" time="0.203" /><testcase classname="tests.validation.test_compatibility_edge_cases" name="test_credo_special_characters_in_claims" time="0.121" /><testcase classname="tests.validation.test_compatibility_edge_cases" name="test_large_credential_subject" time="0.137" /><testcase classname="tests.validation.test_docker_connectivity" name="test_docker_network_connectivity" time="0.060" /><testcase classname="tests.validation.test_docker_connectivity" name="test_oid4vci_well_known_endpoint" time="0.029" /><testcase classname="tests.validation.test_negative_errors.TestOID4VCIErrors" name="test_invalid_supported_cred_id" time="0.024" /><testcase classname="tests.validation.test_negative_errors.TestOID4VCIErrors" name="test_missing_credential_subject" time="0.047" /><testcase classname="tests.validation.test_negative_errors.TestOID4VCIErrors" name="test_invalid_exchange_id_for_offer" time="0.022" /><testcase classname="tests.validation.test_negative_errors.TestOID4VCIErrors" name="test_duplicate_credential_config_id" time="0.032" /><testcase classname="tests.validation.test_negative_errors.TestOID4VCIErrors" name="test_unsupported_credential_format" time="0.023" /><testcase classname="tests.validation.test_negative_errors.TestOID4VPErrors" name="test_invalid_presentation_definition_id" time="0.029"><failure message="assert 500 in [200, 400, 404]&#10; +  where 500 = &lt;Response [500 Internal Server Error]&gt;.status_code">tests/validation/test_negative_errors.py:150: in test_invalid_presentation_definition_id
    assert response.status_code in [200, 400, 404]
E   assert 500 in [200, 400, 404]
[...]
vice.mjs:30:20)\n    at async OpenId4VcHolderApi$1.resolveCredentialOffer (file:///app/node_modules/@credo-ts/openid4vc/build/openid4vc-holder/OpenId4VcHolderApi.mjs:76:10)\n    at async file:///app/dist/issuance.js:16:31&quot;}">/usr/src/app/tests/conftest.py:605: Credo failed to accept offer (status 500): {"error":"Failed to accept credential offer","details":"Well known authorization server metadata for authorization server 'http://acapy-issuer.local:8022' not found, and could also not extract required values from the credential issuer metadata as a fallback.\n✖ Expected string, received undefined at \"token_endpoint\"","stack":"Error: Well known authorization server metadata for authorization server 'http://acapy-issuer.local:8022' not found, and could also not extract required values from the credential issuer metadata as a fallback.\n✖ Expected string, received undefined at \"token_endpoint\"\n    at parseWithErrorHandling (file:///app/node_modules/@openid4vc/utils/dist/index.mjs:242:34)\n    at resolveIssuerMetadata (file:///app/node_modules/@openid4vc/openid4vci/dist/index.mjs:1516:169)\n    at process.processTicksAndRejections (node:internal/process/task_queues:95:5)\n    at async OpenId4VciHolderService$1.resolveCredentialOffer (file:///app/node_modules/@credo-ts/openid4vc/build/openid4vc-holder/OpenId4VciHolderService.mjs:30:20)\n    at async OpenId4VcHolderApi$1.resolveCredentialOffer (file:///app/node_modules/@credo-ts/openid4vc/build/openid4vc-holder/OpenId4VcHolderApi.mjs:76:10)\n    at async file:///app/dist/issuance.js:16:31"}</skipped></testcase><testcase classname="tests.wallets.test_cross_wallet_credo_jwt" name="test_selective_disclosure_credo_vs_sphereon_parity" time="0.117"><skipped type="pytest.skip" message="Credo failed to accept offer (status 500): {&quot;error&quot;:&quot;Failed to accept credential offer&quot;,&quot;details&quot;:&quot;Well known authorization server metadata for authorization server 'http://acapy-issuer.local:8022' not found, and could also not extract required values from the credential issuer metadata as a fallback.\n✖ Expected string, received undefined at \&quot;token_endpoint\&quot;&quot;,&quot;stack&quot;:&quot;Error: Well known authorization server metadata for authorization server 'http://acapy-issuer.local:8022' not found, and could also not extract required values from the credential issuer metadata as a fallback.\n✖ Expected string, received undefined at \&quot;token_endpoint\&quot;\n    at parseWithErrorHandling (file:///app/node_modules/@openid4vc/utils/dist/index.mjs:242:34)\n    at resolveIssuerMetadata (file:///app/node_modules/@openid4vc/openid4vci/dist/index.mjs:1516:169)\n    at process.processTicksAndRejections (node:internal/process/task_queues:95:5)\n    at async OpenId4VciHolderService$1.resolveCredentialOffer (file:///app/node_modules/@credo-ts/openid4vc/build/openid4vc-holder/OpenId4VciHolderService.mjs:30:20)\n    at async OpenId4VcHolderApi$1.resolveCredentialOffer (file:///app/node_modules/@credo-ts/openid4vc/build/openid4vc-holder/OpenId4VcHolderApi.mjs:76:10)\n    at async file:///app/dist/issuance.js:16:31&quot;}">/usr/src/app/tests/conftest.py:605: Credo failed to accept offer (status 500): {"error":"Failed to accept credential offer","details":"Well known authorization server metadata for authorization server 'http://acapy-issuer.local:8022' not found, and could also not extract required values from the credential issuer metadata as a fallback.\n✖ Expected string, received undefined at \"token_endpoint\"","stack":"Error: Well known authorization server metadata for authorization server 'http://acapy-issuer.local:8022' not found, and could also not extract required values from the credential issuer metadata as a fallback.\n✖ Expected string, received undefined at \"token_endpoint\"\n    at parseWithErrorHandling (file:///app/node_modules/@openid4vc/utils/dist/index.mjs:242:34)\n    at resolveIssuerMetadata (file:///app/node_modules/@openid4vc/openid4vci/dist/index.mjs:1516:169)\n    at process.processTicksAndRejections (node:internal/process/task_queues:95:5)\n    at async OpenId4VciHolderService$1.resolveCredentialOffer (file:///app/node_modules/@credo-ts/openid4vc/build/openid4vc-holder/OpenId4VciHolderService.mjs:30:20)\n    at async OpenId4VcHolderApi$1.resolveCredentialOffer (file:///app/node_modules/@credo-ts/openid4vc/build/openid4vc-holder/OpenId4VcHolderApi.mjs:76:10)\n    at async file:///app/dist/issuance.js:16:31"}</skipped></testcase><testcase classname="tests.wallets.test_cross_wallet_credo_jwt" name="test_selective_disclosure_all_claims_disclosed" time="0.192"><skipped type="pytest.skip" message="Credo failed to accept offer (status 500): {&quot;error&quot;:&quot;Failed to accept credential offer&quot;,&quot;details&quot;:&quot;Well known authorization server metadata for authorization server 'http://acapy-issuer.local:8022' not found, and could also not extract required values from the credential issuer metadata as a fallback.\n✖ Expected string, received undefined at \&quot;token_endpoint\&quot;&quot;,&quot;stack&quot;:&quot;Error: Well known authorization server metadata for authorization server 'http://acapy-issuer.local:8022' not found, and could also not extract required values from the credential issuer metadata as a fallback.\n✖ Expected string, received undefined at \&quot;token_endpoint\&quot;\n    at parseWithErrorHandling (file:///app/node_modules/@openid4vc/utils/dist/index.mjs:242:34)\n    at resolveIssuerMetadata (file:///app/node_modules/@openid4vc/openid4vci/dist/index.mjs:1516:169)\n    at process.processTicksAndRejections (node:internal/process/task_queues:95:5)\n    at async OpenId4VciHolderService$1.resolveCredentialOffer (file:///app/node_modules/@credo-ts/openid4vc/build/openid4vc-holder/OpenId4VciHolderService.mjs:30:20)\n    at async OpenId4VcHolderApi$1.resolveCredentialOffer (file:///app/node_modules/@credo-ts/openid4vc/build/openid4vc-holder/OpenId4VcHolderApi.mjs:76:10)\n    at async file:///app/dist/issuance.js:16:31&quot;}">/usr/src/app/tests/conftest.py:605: Credo failed to accept offer (status 500): {"error":"Failed to accept credential offer","details":"Well known authorization server metadata for authorization server 'http://acapy-issuer.local:8022' not found, and could also not extract required values from the credential issuer metadata as a fallback.\n✖ Expected string, received undefined at \"token_endpoint\"","stack":"Error: Well known authorization server metadata for authorization server 'http://acapy-issuer.local:8022' not found, and could also not extract required values from the credential issuer metadata as a fallback.\n✖ Expected string, received undefined at \"token_endpoint\"\n    at parseWithErrorHandling (file:///app/node_modules/@openid4vc/utils/dist/index.mjs:242:34)\n    at resolveIssuerMetadata (file:///app/node_modules/@openid4vc/openid4vci/dist/index.mjs:1516:169)\n    at process.processTicksAndRejections (node:internal/process/task_queues:95:5)\n    at async OpenId4VciHolderService$1.resolveCredentialOffer (file:///app/node_modules/@credo-ts/openid4vc/build/openid4vc-holder/OpenId4VciHolderService.mjs:30:20)\n    at async OpenId4VcHolderApi$1.resolveCredentialOffer (file:///app/node_modules/@credo-ts/openid4vc/build/openid4vc-holder/OpenId4VcHolderApi.mjs:76:10)\n    at async file:///app/dist/issuance.js:16:31"}</skipped></testcase><testcase classname="tests.wallets.test_cross_wallet_mdoc" name="test_mdoc_issue_to_credo_verify_with_sphereon_patterns" time="0.171"><error message="failed on setup with &quot;httpx.HTTPStatusError: Client error '404 Not Found' for url 'http://acapy-issuer:8021/mso_mdoc/certificates?include_pem=true'&#10;For more information check: https://developer.mozilla.org/en-US/docs/Web/HTTP/Status/404&quot;">tests/conftest.py:384: in setup_issuer_certs
    default_cert = await acapy_issuer_admin.get("/mso_mdoc/certificates/default")
                   ^^^^^^^^^^^^^^^^^^^^^^^^^^^^^^^^^^^^^^^^^^^^^^^^^^^^^^^^^^^^^^
acapy_controller.py:24: in get
    response.raise_for_status()
.venv/lib/python3.12/site-packages/httpx/_models.py:829: in raise_for_status
    raise HTTPStatusError(message, request=request, response=self)
E   httpx.HTTPStatusError: Client error '404 Not Found' for url 'http://acapy-issuer:8021/mso_mdoc/certificates/default'
E   For more information check: https://developer.mozilla.org/en-US/docs/Web/HTTP/Status/404

During handling of the above exception, another exception occurred:
.venv/lib/python3.12/site-packages/pytest_asyncio/plugin.py:463: in setup
    return super().setup()
           ^^^^^^^^^^^^^^^
.venv/lib/python3.12/site-packages/pytest_asyncio/plugin.py:748: in pytest_fixture_setup
    hook_result = yield
                  ^^^^^
.venv/lib/python3.12/site-packages/pytest_asyncio/plugin.py:318: in _asyncgen_fixture_wrapper
    result = runner.run(setup(), context=context)
             ^^^^^^^^^^^^^^^^^^^^^^^^^^^^^^^^^^^^
/usr/local/lib/python3.12/asyncio/runners.py:118: in run
    return self._loop.run_until_complete(task)
           ^^^^^^^^^^^^^^^^^^^^^^^^^^^^^^^^^^^
/usr/local/lib/python3.12/asyncio/base_events.py:691: in run_until_complete
    return future.result()
           ^^^^^^^^^^^^^^^
.venv/lib/python3.12/site-packages/pytest_asyncio/plugin.py:314: in setup
    res = await gen_obj.__anext__()
          ^^^^^^^^^^^^^^^^^^^^^^^^^
tests/conftest.py:399: in setup_issuer_certs
    certs_response = await acapy_issuer_admin.get(
acapy_controller.py:24: in get
    response.raise_for_status()
.venv/lib/python3.12/site-packages/httpx/_models.py:829: in raise_for_status
    raise HTTPStatusError(message, request=request, response=self)
E   httpx.HTTPStatusError: Client error '404 Not Found' for url 'http://acapy-issuer:8021/mso_mdoc/certificates?include_pem=true'
E   For more information check: https://developer.mozilla.org/en-US/docs/Web/HTTP/Status/404</error></testcase><testcase classname="tests.wallets.test_cross_wallet_mdoc" name="test_mdoc_issue_to_sphereon_verify_with_credo_patterns" time="0.084"><error message="failed on setup with &quot;httpx.HTTPStatusError: Client error '404 Not Found' for url 'http://acapy-issuer:8021/mso_mdoc/certificates?include_pem=true'&#10;For more information check: https://developer.mozilla.org/en-US/docs/Web/HTTP/Status/404&quot;">tests/conftest.py:384: in setup_issuer_certs
    default_cert = await acapy_issuer_admin.get("/mso_mdoc/certificates/default")
                   ^^^^^^^^^^^^^^^^^^^^^^^^^^^^^^^^^^^^^^^^^^^^^^^^^^^^^^^^^^^^^^
acapy_controller.py:24: in get
    response.raise_for_status()
.venv/lib/python3.12/site-packages/httpx/_models.py:829: in raise_for_status
    raise HTTPStatusError(message, request=request, response=self)
E   httpx.HTTPStatusError: Client error '404 Not Found' for url 'http://acapy-issuer:8021/mso_mdoc/certificates/default'
E   For more information check: https://developer.mozilla.org/en-US/docs/Web/HTTP/Status/404

During handling of the above exception, another exception occurred:
.venv/lib/python3.12/site-packages/pytest_asyncio/plugin.py:463: in setup
    return super().setup()
           ^^^^^^^^^^^^^^^
.venv/lib/python3.12/site-packages/pytest_asyncio/plugin.py:748: in pytest_fixture_setup
    hook_result = yield
                  ^^^^^
.venv/lib/python3.12/site-packages/pytest_asyncio/plugin.py:318: in _asyncgen_fixture_wrapper
    result = runner.run(setup(), context=context)
             ^^^^^^^^^^^^^^^^^^^^^^^^^^^^^^^^^^^^
/usr/local/lib/python3.12/asyncio/runners.py:118: in run
    return self._loop.run_until_complete(task)
           ^^^^^^^^^^^^^^^^^^^^^^^^^^^^^^^^^^^
/usr/local/lib/python3.12/asyncio/base_events.py:691: in run_until_complete
    return future.result()
           ^^^^^^^^^^^^^^^
.venv/lib/python3.12/site-packages/pytest_asyncio/plugin.py:314: in setup
    res = await gen_obj.__anext__()
          ^^^^^^^^^^^^^^^^^^^^^^^^^
tests/conftest.py:399: in setup_issuer_certs
    certs_response = await acapy_issuer_admin.get(
acapy_controller.py:24: in get
    response.raise_for_status()
.venv/lib/python3.12/site-packages/httpx/_models.py:829: in raise_for_status
    raise HTTPStatusError(message, request=request, response=self)
E   httpx.HTTPStatusError: Client error '404 Not Found' for url 'http://acapy-issuer:8021/mso_mdoc/certificates?include_pem=true'
E   For more information check: https://developer.mozilla.org/en-US/docs/Web/HTTP/Status/404</error></testcase><testcase classname="tests.wallets.test_cross_wallet_multi_credential" name="test_credo_multi_credential_presentation" time="0.232"><skipped type="pytest.skip" message="Credo failed to accept offer (status 500): {&quot;error&quot;:&quot;Failed to accept credential offer&quot;,&quot;details&quot;:&quot;Well known authorization server metadata for authorization server 'http://acapy-issuer.local:8022' not found, and could also not extract required values from the credential issuer metadata as a fallback.\n✖ Expected string, received undefined at \&quot;token_endpoint\&quot;&quot;,&quot;stack&quot;:&quot;Error: Well known authorization server metadata for authorization server 'http://acapy-issuer.local:8022' not found, and could also not extract required values from the credential issuer metadata as a fallback.\n✖ Expected string, received undefined at \&quot;token_endpoint\&quot;\n    at parseWithErrorHandling (file:///app/node_modules/@openid4vc/utils/dist/index.mjs:242:34)\n    at resolveIssuerMetadata (file:///app/node_modules/@openid4vc/openid4vci/dist/index.mjs:1516:169)\n    at process.processTicksAndRejections (node:internal/process/task_queues:95:5)\n    at async OpenId4VciHolderService$1.resolveCredentialOffer (file:///app/node_modules/@credo-ts/openid4vc/build/openid4vc-holder/OpenId4VciHolderService.mjs:30:20)\n    at async OpenId4VcHolderApi$1.resolveCredentialOffer (file:///app/node_modules/@credo-ts/openid4vc/build/openid4vc-holder/OpenId4VcHolderApi.mjs:76:10)\n    at async file:///app/dist/issuance.js:16:31&quot;}">/usr/src/app/tests/conftest.py:605: Credo failed to accept offer (status 500): {"error":"Failed to accept credential offer","details":"Well known authorization server metadata for authorization server 'http://acapy-issuer.local:8022' not found, and could also not extract required values from the credential issuer metadata as a fallback.\n✖ Expected string, received undefined at \"token_endpoint\"","stack":"Error: Well known authorization server metadata for authorization server 'http://acapy-issuer.local:8022' not found, and could also not extract required values from the credential issuer metadata as a fallback.\n✖ Expected string, received undefined at \"token_endpoint\"\n    at parseWithErrorHandling (file:///app/node_modules/@openid4vc/utils/dist/index.mjs:242:34)\n    at resolveIssuerMetadata (file:///app/node_modules/@openid4vc/openid4vci/dist/index.mjs:1516:169)\n    at process.processTicksAndRejections (node:internal/process/task_queues:95:5)\n    at async OpenId4VciHolderService$1.resolveCredentialOffer (file:///app/node_modules/@credo-ts/openid4vc/build/openid4vc-holder/OpenId4VciHolderService.mjs:30:20)\n    at async OpenId4VcHolderApi$1.resolveCredentialOffer (file:///app/node_modules/@credo-ts/openid4vc/build/openid4vc-holder/OpenId4VcHolderApi.mjs:76:10)\n    at async file:///app/dist/issuance.js:16:31"}</skipped></testcase><testcase classname="tests.wallets.test_cross_wallet_sphereon_jwt" name="test_issue_to_sphereon_verify_with_credo_jwt_vc" time="0.252"><skipped type="pytest.skip" message="Sphereon failed to accept offer (status 500): {&quot;error&quot;:&quot;No credential configuration IDs found in offer&quot;,&quot;stack&quot;:&quot;Error: No credential configuration IDs found in offer\n    at /usr/src/app/dist/server.js:138:19&quot;}">/usr/src/app/tests/conftest.py:605: Sphereon failed to accept offer (status 500): {"error":"No credential configuration IDs found in offer","stack":"Error: No credential configuration IDs found in offer\n    at /usr/src/app/dist/server.js:138:19"}</skipped></testcase><testcase classname="tests.wallets.test_cross_wallet_sphereon_jwt" name="test_sphereon_jwt_vp_with_constraints_pattern" time="0.121"><skipped type="pytest.skip" message="Sphereon failed to accept offer (status 500): {&quot;error&quot;:&quot;No credential configuration IDs found in offer&quot;,&quot;stack&quot;:&quot;Error: No credential configuration IDs found in offer\n    at /usr/src/app/dist/server.js:138:19&quot;}">/usr/src/app/tests/conftest.py:605: Sphereon failed to accept offer (status 500): {"error":"No credential configuration IDs found in offer","stack":"Error: No credential configuration IDs found in offer\n    at /usr/src/app/dist/server.js:138:19"}</skipped></testcase><testcase classname="tests.wallets.test_cross_wallet_sphereon_jwt" name="test_sphereon_unsupported_format_request" time="0.231"><skipped type="pytest.skip" message="Sphereon failed to accept offer (status 500): {&quot;error&quot;:&quot;No credential configuration IDs found in offer&quot;,&quot;stack&quot;:&quot;Error: No credential configuration IDs found in offer\n    at /usr/src/app/dist/server.js:138:19&quot;}">/usr/src/app/tests/conftest.py:605: Sphereon failed to accept offer (status 500): {"error":"No credential configuration IDs found in offer","stack":"Error: No credential configuration IDs found in offer\n    at /usr/src/app/dist/server.js:138:19"}</skipped></testcase><testcase classname="tests.wallets.test_sphereon" name="test_sphereon_health" time="0.030" /><testcase classname="tests.wallets.test_sphereon" name="test_sphereon_accept_credential_offer" time="0.255"><failure message="assert 500 == 200&#10; +  where 500 = &lt;Response [500 Internal Server Error]&gt;.status_code">tests/wallets/test_sphereon.py:78: in test_sphereon_accept_credential_offer
    assert response.status_code == 200
E   assert 500 == 200
E    +  where 500 = &lt;Response [500 Internal Server Error]&gt;.status_code</failure></testcase><testcase classname="tests.wallets.test_sphereon" name="test_sphereon_accept_mdoc_credential_offer" time="0.238"><failure message="assert 500 == 200&#10; +  where 500 = &lt;Response [500 Internal Server Error]&gt;.status_code">tests/wallets/test_sphereon.py:172: in test_sphereon_accept_mdoc_credential_offer
    assert response.status_code == 200
E   assert 500 == 200
E    +  where 500 = &lt;Response [500 Internal Server Error]&gt;.status_code</failure></testcase><testcase classname="tests.wallets.test_sphereon" name="test_sphereon_present_mdoc_credential" time="0.201"><failure message="assert 500 == 200&#10; +  where 500 = &lt;Response [500 Internal Server Error]&gt;.status_code">tests/wallets/test_sphereon.py:262: in test_sphereon_present_mdoc_credential
    assert response.status_code == 200
E   assert 500 == 200
E    +  where 500 = &lt;Response [500 Internal Server Error]&gt;.status_code</failure></testcase><testcase classname="tests.wallets.test_sphereon" name="test_sphereon_accept_credential_offer_by_ref" time="0.194"><failure message="assert 500 == 200&#10; +  where 500 = &lt;Response [500 Internal Server Error]&gt;.status_code">tests/wallets/test_sphereon.py:376: in test_sphereon_accept_credential_offer_by_ref
    assert response.status_code == 200
E   assert 500 == 200
E    +  where 500 = &lt;Response [500 Internal Server Error]&gt;.status_code</failure></testcase><testcase classname="tests.wallets.test_sphereon" name="test_sphereon_revocation_flow" time="0.193"><failure message="assert 500 == 200&#10; +  where 500 = &lt;Response [500 Internal Server Error]&gt;.status_code">tests/wallets/test_sphereon.py:466: in test_sphereon_revocation_flow
    assert response.status_code == 200
E   assert 500 == 200
E    +  where 500 = &lt;Response [500 Internal Server Error]&gt;.status_code</failure></testcase><testcase classname="tests.wallets.test_sphereon_negative" name="test_sphereon_accept_offer_invalid_proof" time="0.197" /></testsuite></testsuites>